Log file open, 02/02/20 19:44:07
LogWindows: Failed to load 'aqProf.dll' (GetLastError=126)
LogWindows: File 'aqProf.dll' does not exist
LogWindows: Failed to load 'VtuneApi.dll' (GetLastError=126)
LogWindows: File 'VtuneApi.dll' does not exist
LogWindows: Failed to load 'VtuneApi32e.dll' (GetLastError=126)
LogWindows: File 'VtuneApi32e.dll' does not exist
LogConsoleResponse: Display: Failed to find resolution value strings in scalability ini. Falling back to default.
LogInit: Display: Running engine for game: FortniteTowerDefense
LogPlatformFile: Not using cached read wrapper
LogTaskGraph: Started task graph with 5 named threads and 23 total threads with 3 sets of task threads.
LogStats: Stats thread started at 0.124417
LogD3D11RHI: Loaded GFSDK_Aftermath_Lib.x64.dll
LogICUInternationalization: ICU TimeZone Detection - Raw Offset: -5:00, Platform Override: ''
LogPluginManager: Mounting plugin Paper2D
LogPluginManager: Mounting plugin AISupport
LogPluginManager: Mounting plugin LightPropagationVolume
LogPluginManager: Mounting plugin ActorLayerUtilities
LogPluginManager: Mounting plugin AnimationSharing
LogPluginManager: Mounting plugin CLionSourceCodeAccess
LogPluginManager: Mounting plugin CodeLiteSourceCodeAccess
LogPluginManager: Mounting plugin GitSourceControl
LogPluginManager: Mounting plugin KDevelopSourceCodeAccess
LogPluginManager: Mounting plugin NullSourceCodeAccess
LogPluginManager: Mounting plugin PerforceSourceControl
LogPluginManager: Mounting plugin PlasticSourceControl
LogPluginManager: Mounting plugin SubversionSourceControl
LogPluginManager: Mounting plugin UObjectPlugin
LogPluginManager: Mounting plugin VisualStudioCodeSourceCodeAccess
LogPluginManager: Mounting plugin VisualStudioSourceCodeAccess
LogPluginManager: Mounting plugin XCodeSourceCodeAccess
LogPluginManager: Mounting plugin AssetManagerEditor
LogPluginManager: Mounting plugin CryptoKeys
LogPluginManager: Mounting plugin CurveEditorTools
LogPluginManager: Mounting plugin DataValidation
LogPluginManager: Mounting plugin FacialAnimation
LogPluginManager: Mounting plugin GameplayTagsEditor
LogPluginManager: Mounting plugin MacGraphicsSwitching
LogPluginManager: Mounting plugin MaterialAnalyzer
LogPluginManager: Mounting plugin MobileLauncherProfileWizard
LogPluginManager: Mounting plugin PluginBrowser
LogPluginManager: Mounting plugin SpeedTreeImporter
LogPluginManager: Mounting plugin DatasmithContent
LogPluginManager: Mounting plugin VariantManagerContent
LogPluginManager: Mounting plugin AlembicImporter
LogPluginManager: Mounting plugin AutomationUtils
LogPluginManager: Mounting plugin BackChannel
LogPluginManager: Mounting plugin CharacterAI
LogPluginManager: Mounting plugin GeometryCache
LogPluginManager: Mounting plugin PlatformCrypto
LogPluginManager: Mounting plugin ProxyLODPlugin
LogPluginManager: Mounting plugin SkeletalReduction
LogPluginManager: Mounting plugin MagicLeap
LogPluginManager: Mounting plugin MagicLeapMedia
LogPluginManager: Mounting plugin MLSDK
LogPluginManager: Mounting plugin AndroidMedia
LogPluginManager: Mounting plugin AvfMedia
LogPluginManager: Mounting plugin ImgMedia
LogPluginManager: Mounting plugin MediaCompositing
LogPluginManager: Mounting plugin MediaPlayerEditor
LogPluginManager: Mounting plugin WebMMedia
LogPluginManager: Mounting plugin WmfMedia
LogPluginManager: Mounting plugin TcpMessaging
LogPluginManager: Mounting plugin UdpMessaging
LogPluginManager: Mounting plugin ActorSequence
LogPluginManager: Mounting plugin LevelSequenceEditor
LogPluginManager: Mounting plugin MatineeToLevelSequence
LogPluginManager: Mounting plugin NetcodeUnitTest
LogPluginManager: Mounting plugin NUTUnrealEngine4
LogPluginManager: Mounting plugin OnlineSubsystemGooglePlay
LogPluginManager: Mounting plugin OnlineSubsystemIOS
LogPluginManager: Mounting plugin OnlineSubsystem
LogPluginManager: Mounting plugin OnlineSubsystemNull
LogPluginManager: Mounting plugin OnlineSubsystemUtils
LogPluginManager: Mounting plugin LauncherChunkInstaller
LogPluginManager: Mounting plugin AndroidDeviceProfileSelector
LogPluginManager: Mounting plugin AndroidMoviePlayer
LogPluginManager: Mounting plugin AndroidPermission
LogPluginManager: Mounting plugin AppleImageUtils
LogPluginManager: Mounting plugin AppleMoviePlayer
LogPluginManager: Mounting plugin ArchVisCharacter
LogPluginManager: Mounting plugin AssetTags
LogPluginManager: Mounting plugin AudioCapture
LogPluginManager: Mounting plugin CableComponent
LogPluginManager: Mounting plugin CustomMeshComponent
LogPluginManager: Mounting plugin EditableMesh
LogPluginManager: Mounting plugin ExampleDeviceProfileSelector
LogPluginManager: Mounting plugin GoogleCloudMessaging
LogPluginManager: Mounting plugin IOSDeviceProfileSelector
LogPluginManager: Mounting plugin LinuxDeviceProfileSelector
LogPluginManager: Mounting plugin LocationServicesBPLibrary
LogPluginManager: Mounting plugin MobilePatchingUtils
LogPluginManager: Mounting plugin OculusVR
LogPluginManager: Mounting plugin PhysXVehicles
LogPluginManager: Mounting plugin PostSplashScreen
LogPluginManager: Mounting plugin ProceduralMeshComponent
LogPluginManager: Mounting plugin RuntimePhysXCooking
LogPluginManager: Mounting plugin SignificanceManager
LogPluginManager: Mounting plugin SteamVR
LogPluginManager: Mounting plugin WebMMoviePlayer
LogPluginManager: Mounting plugin WindowsMoviePlayer
LogPluginManager: Mounting plugin ScreenshotTools
LogInit: Using libcurl 7.55.1-DEV
LogInit:  - built for x86_64-pc-win32
LogInit:  - supports SSL with OpenSSL/1.1.1
LogInit:  - supports HTTP deflate (compression) using libz 1.2.8
LogInit:  - other features:
LogInit:      CURL_VERSION_SSL
LogInit:      CURL_VERSION_LIBZ
LogInit:      CURL_VERSION_IPV6
LogInit:      CURL_VERSION_ASYNCHDNS
LogInit:      CURL_VERSION_LARGEFILE
LogInit:      CURL_VERSION_IDN
LogInit:  CurlRequestOptions (configurable via config and command line):
LogInit:  - bVerifyPeer = true  - Libcurl will verify peer certificate
LogInit:  - bUseHttpProxy = false  - Libcurl will NOT use HTTP proxy
LogInit:  - bDontReuseConnections = false  - Libcurl will reuse connections
LogInit:  - MaxHostConnections = 16  - Libcurl will limit the number of connections to a host
LogInit:  - LocalHostAddr = Default
LogInit:  - BufferSize = 65536
LogOnline: OSS: Creating online subsystem instance for: NULL
LogInit: WinSock: version 1.1 (2.2), MaxSocks=32767, MaxUdp=65467
LogOnline: OSS: TryLoadSubsystemAndSetDefault: Loaded subsystem for module [NULL]
LogInit: Build: ++UE4+Release-4.24-CL-11100242
LogInit: Engine Version: 4.24.2-11100242+++UE4+Release-4.24
LogInit: Compatible Engine Version: 4.24.0-10570792+++UE4+Release-4.24
LogInit: Net CL: 10570792
LogInit: OS: Windows 10 (Release 1903) (), CPU: Intel(R) Core(TM) i7-6700HQ CPU @ 2.60GHz, GPU: Intel(R) HD Graphics 530
LogInit: Compiled (64-bit): Jan 24 2020 02:05:53
LogInit: Compiled with Visual C++: 19.16.27032.01
LogInit: Build Configuration: Development
LogInit: Branch Name: ++UE4+Release-4.24
LogInit: Command Line:  -EpicPortal -epicusername=Therobodavo -epicuserid=290f3d66e74c46de8d4d22961a688ef2 -epiclocale=en-US
LogInit: Base Directory: D:/Epic Games/UE_4.24/Engine/Binaries/Win64/
LogInit: Installed Engine Build: 1
LogDevObjectVersion: Number of dev versions registered: 25
LogDevObjectVersion:   Dev-Blueprints (B0D832E4-1F89-4F0D-ACCF-7EB736FD4AA2): 10
LogDevObjectVersion:   Dev-Build (E1C64328-A22C-4D53-A36C-8E866417BD8C): 0
LogDevObjectVersion:   Dev-Core (375EC13C-06E4-48FB-B500-84F0262A717E): 3
LogDevObjectVersion:   Dev-Editor (E4B068ED-F494-42E9-A231-DA0B2E46BB41): 37
LogDevObjectVersion:   Dev-Framework (CFFC743F-43B0-4480-9391-14DF171D2073): 36
LogDevObjectVersion:   Dev-Mobile (B02B49B5-BB20-44E9-A304-32B752E40360): 2
LogDevObjectVersion:   Dev-Networking (A4E4105C-59A1-49B5-A7C5-40C4547EDFEE): 0
LogDevObjectVersion:   Dev-Online (39C831C9-5AE6-47DC-9A44-9C173E1C8E7C): 0
LogDevObjectVersion:   Dev-Physics (78F01B33-EBEA-4F98-B9B4-84EACCB95AA2): 2
LogDevObjectVersion:   Dev-Platform (6631380F-2D4D-43E0-8009-CF276956A95A): 0
LogDevObjectVersion:   Dev-Rendering (12F88B9F-8875-4AFC-A67C-D90C383ABD29): 36
LogDevObjectVersion:   Dev-Sequencer (7B5AE74C-D270-4C10-A958-57980B212A5A): 11
LogDevObjectVersion:   Dev-VR (D7296918-1DD6-4BDD-9DE2-64A83CC13884): 2
LogDevObjectVersion:   Dev-LoadTimes (C2A15278-BFE7-4AFE-6C17-90FF531DF755): 1
LogDevObjectVersion:   Private-Geometry (6EACA3D4-40EC-4CC1-B786-8BED09428FC5): 3
LogDevObjectVersion:   Dev-AnimPhys (29E575DD-E0A3-4627-9D10-D276232CDCEA): 17
LogDevObjectVersion:   Dev-Anim (AF43A65D-7FD3-4947-9873-3E8ED9C1BB05): 2
LogDevObjectVersion:   Dev-ReflectionCapture (6B266CEC-1EC7-4B8F-A30B-E4D90942FC07): 1
LogDevObjectVersion:   Dev-Automation (0DF73D61-A23F-47EA-B727-89E90C41499A): 1
LogDevObjectVersion:   FortniteMain (601D1886-AC64-4F84-AA16-D3DE0DEAC7D6): 31
LogDevObjectVersion:   Dev-Enterprise (9DFFBCD6-494F-0158-E221-12823C92A888): 8
LogDevObjectVersion:   Dev-Niagara (F2AED0AC-9AFE-416F-8664-AA7FFA26D6FC): 1
LogDevObjectVersion:   Dev-Destruction (174F1F0B-B4C6-45A5-B13F-2EE8D0FB917D): 9
LogDevObjectVersion:   Dev-Physics-Ext (35F94A83-E258-406C-A318-09F59610247C): 8
LogDevObjectVersion:   Dev-CineCamera (B2E18506-4273-CFC2-A54E-F4BB758BBA07): 1
LogInit: Presizing for max 25165824 objects, including 0 objects not considered by GC, pre-allocating 0 bytes for permanent pool.
LogInit: Object subsystem initialized
LogConfig: Setting CVar [[con.DebugEarlyDefault:1]]
LogConfig: Setting CVar [[r.setres:1280x720]]
[2020.02.03-00.44.08:174][  0]LogConfig: Setting CVar [[r.VSync:0]]
[2020.02.03-00.44.08:174][  0]LogConfig: Setting CVar [[r.RHICmdBypass:0]]
[2020.02.03-00.44.08:174][  0]LogConfig: Applying CVar settings from Section [/Script/Engine.RendererSettings] File [D:/College Stuff/Unreal/FortniteTowerDefense/FortniteTowerDefense/Saved/Config/Windows/Engine.ini]
[2020.02.03-00.44.08:174][  0]LogConfig: Setting CVar [[r.GPUCrashDebugging:0]]
[2020.02.03-00.44.08:174][  0]LogConfig: Applying CVar settings from Section [/Script/Engine.RendererOverrideSettings] File [D:/College Stuff/Unreal/FortniteTowerDefense/FortniteTowerDefense/Saved/Config/Windows/Engine.ini]
[2020.02.03-00.44.08:175][  0]LogConfig: Applying CVar settings from Section [/Script/Engine.StreamingSettings] File [D:/College Stuff/Unreal/FortniteTowerDefense/FortniteTowerDefense/Saved/Config/Windows/Engine.ini]
[2020.02.03-00.44.08:175][  0]LogConfig: Setting CVar [[s.MinBulkDataSizeForAsyncLoading:131072]]
[2020.02.03-00.44.08:175][  0]LogConfig: Setting CVar [[s.AsyncLoadingThreadEnabled:0]]
[2020.02.03-00.44.08:175][  0]LogConfig: Setting CVar [[s.EventDrivenLoaderEnabled:1]]
[2020.02.03-00.44.08:175][  0]LogConfig: Setting CVar [[s.WarnIfTimeLimitExceeded:0]]
[2020.02.03-00.44.08:175][  0]LogConfig: Setting CVar [[s.TimeLimitExceededMultiplier:1.5]]
[2020.02.03-00.44.08:175][  0]LogConfig: Setting CVar [[s.TimeLimitExceededMinTime:0.005]]
[2020.02.03-00.44.08:175][  0]LogConfig: Setting CVar [[s.UseBackgroundLevelStreaming:1]]
[2020.02.03-00.44.08:175][  0]LogConfig: Setting CVar [[s.PriorityAsyncLoadingExtraTime:15.0]]
[2020.02.03-00.44.08:175][  0]LogConfig: Setting CVar [[s.LevelStreamingActorsUpdateTimeLimit:5.0]]
[2020.02.03-00.44.08:175][  0]LogConfig: Setting CVar [[s.PriorityLevelStreamingActorsUpdateExtraTime:5.0]]
[2020.02.03-00.44.08:175][  0]LogConfig: Setting CVar [[s.LevelStreamingComponentsRegistrationGranularity:10]]
[2020.02.03-00.44.08:175][  0]LogConfig: Setting CVar [[s.UnregisterComponentsTimeLimit:1.0]]
[2020.02.03-00.44.08:175][  0]LogConfig: Setting CVar [[s.LevelStreamingComponentsUnregistrationGranularity:5]]
[2020.02.03-00.44.08:175][  0]LogConfig: Setting CVar [[s.FlushStreamingOnExit:1]]
[2020.02.03-00.44.08:175][  0]LogConfig: Applying CVar settings from Section [/Script/Engine.GarbageCollectionSettings] File [D:/College Stuff/Unreal/FortniteTowerDefense/FortniteTowerDefense/Saved/Config/Windows/Engine.ini]
[2020.02.03-00.44.08:175][  0]LogConfig: Setting CVar [[gc.MaxObjectsNotConsideredByGC:1]]
[2020.02.03-00.44.08:175][  0]LogConfig: Setting CVar [[gc.SizeOfPermanentObjectPool:0]]
[2020.02.03-00.44.08:175][  0]LogConfig: Setting CVar [[gc.FlushStreamingOnGC:0]]
[2020.02.03-00.44.08:175][  0]LogConfig: Setting CVar [[gc.NumRetriesBeforeForcingGC:10]]
[2020.02.03-00.44.08:175][  0]LogConfig: Setting CVar [[gc.AllowParallelGC:1]]
[2020.02.03-00.44.08:175][  0]LogConfig: Setting CVar [[gc.TimeBetweenPurgingPendingKillObjects:61.1]]
[2020.02.03-00.44.08:175][  0]LogConfig: Setting CVar [[gc.MaxObjectsInEditor:25165824]]
[2020.02.03-00.44.08:175][  0]LogConfig: Setting CVar [[gc.IncrementalBeginDestroyEnabled:1]]
[2020.02.03-00.44.08:175][  0]LogConfig: Setting CVar [[gc.CreateGCClusters:1]]
[2020.02.03-00.44.08:175][  0]LogConfig: Setting CVar [[gc.MinGCClusterSize:5]]
[2020.02.03-00.44.08:175][  0]LogConfig: Setting CVar [[gc.ActorClusteringEnabled:0]]
[2020.02.03-00.44.08:175][  0]LogConfig: Setting CVar [[gc.BlueprintClusteringEnabled:0]]
[2020.02.03-00.44.08:175][  0]LogConfig: Setting CVar [[gc.UseDisregardForGCOnDedicatedServers:0]]
[2020.02.03-00.44.08:175][  0]LogConfig: Applying CVar settings from Section [/Script/Engine.NetworkSettings] File [D:/College Stuff/Unreal/FortniteTowerDefense/FortniteTowerDefense/Saved/Config/Windows/Engine.ini]
[2020.02.03-00.44.08:175][  0]LogConfig: Applying CVar settings from Section [/Script/UnrealEd.CookerSettings] File [D:/College Stuff/Unreal/FortniteTowerDefense/FortniteTowerDefense/Saved/Config/Windows/Engine.ini]
[2020.02.03-00.44.08:178][  0]LogConfig: Applying CVar settings from Section [ViewDistanceQuality@3] File [D:/College Stuff/Unreal/FortniteTowerDefense/FortniteTowerDefense/Saved/Config/Windows/Scalability.ini]
[2020.02.03-00.44.08:178][  0]LogConfig: Setting CVar [[r.SkeletalMeshLODBias:0]]
[2020.02.03-00.44.08:178][  0]LogConfig: Setting CVar [[r.ViewDistanceScale:1.0]]
[2020.02.03-00.44.08:178][  0]LogConfig: Applying CVar settings from Section [AntiAliasingQuality@3] File [D:/College Stuff/Unreal/FortniteTowerDefense/FortniteTowerDefense/Saved/Config/Windows/Scalability.ini]
[2020.02.03-00.44.08:178][  0]LogConfig: Setting CVar [[r.PostProcessAAQuality:4]]
[2020.02.03-00.44.08:178][  0]LogConfig: Applying CVar settings from Section [ShadowQuality@3] File [D:/College Stuff/Unreal/FortniteTowerDefense/FortniteTowerDefense/Saved/Config/Windows/Scalability.ini]
[2020.02.03-00.44.08:178][  0]LogConfig: Setting CVar [[r.LightFunctionQuality:1]]
[2020.02.03-00.44.08:178][  0]LogConfig: Setting CVar [[r.ShadowQuality:5]]
[2020.02.03-00.44.08:178][  0]LogConfig: Setting CVar [[r.Shadow.CSM.MaxCascades:10]]
[2020.02.03-00.44.08:179][  0]LogConfig: Setting CVar [[r.Shadow.MaxResolution:2048]]
[2020.02.03-00.44.08:179][  0]LogConfig: Setting CVar [[r.Shadow.MaxCSMResolution:2048]]
[2020.02.03-00.44.08:179][  0]LogConfig: Setting CVar [[r.Shadow.RadiusThreshold:0.01]]
[2020.02.03-00.44.08:179][  0]LogConfig: Setting CVar [[r.Shadow.DistanceScale:1.0]]
[2020.02.03-00.44.08:179][  0]LogConfig: Setting CVar [[r.Shadow.CSM.TransitionScale:1.0]]
[2020.02.03-00.44.08:179][  0]LogConfig: Setting CVar [[r.Shadow.PreShadowResolutionFactor:1.0]]
[2020.02.03-00.44.08:179][  0]LogConfig: Setting CVar [[r.DistanceFieldShadowing:1]]
[2020.02.03-00.44.08:179][  0]LogConfig: Setting CVar [[r.DistanceFieldAO:1]]
[2020.02.03-00.44.08:179][  0]LogConfig: Setting CVar [[r.AOQuality:2]]
[2020.02.03-00.44.08:179][  0]LogConfig: Setting CVar [[r.VolumetricFog:1]]
[2020.02.03-00.44.08:179][  0]LogConfig: Setting CVar [[r.VolumetricFog.GridPixelSize:8]]
[2020.02.03-00.44.08:179][  0]LogConfig: Setting CVar [[r.VolumetricFog.GridSizeZ:128]]
[2020.02.03-00.44.08:179][  0]LogConfig: Setting CVar [[r.VolumetricFog.HistoryMissSupersampleCount:4]]
[2020.02.03-00.44.08:179][  0]LogConfig: Setting CVar [[r.LightMaxDrawDistanceScale:1]]
[2020.02.03-00.44.08:179][  0]LogConfig: Setting CVar [[r.CapsuleShadows:1]]
[2020.02.03-00.44.08:179][  0]LogConfig: Applying CVar settings from Section [PostProcessQuality@3] File [D:/College Stuff/Unreal/FortniteTowerDefense/FortniteTowerDefense/Saved/Config/Windows/Scalability.ini]
[2020.02.03-00.44.08:179][  0]LogConfig: Setting CVar [[r.MotionBlurQuality:4]]
[2020.02.03-00.44.08:179][  0]LogConfig: Setting CVar [[r.AmbientOcclusionMipLevelFactor:0.4]]
[2020.02.03-00.44.08:179][  0]LogConfig: Setting CVar [[r.AmbientOcclusionMaxQuality:100]]
[2020.02.03-00.44.08:179][  0]LogConfig: Setting CVar [[r.AmbientOcclusionLevels:-1]]
[2020.02.03-00.44.08:179][  0]LogConfig: Setting CVar [[r.AmbientOcclusionRadiusScale:1.0]]
[2020.02.03-00.44.08:179][  0]LogConfig: Setting CVar [[r.DepthOfFieldQuality:2]]
[2020.02.03-00.44.08:179][  0]LogConfig: Setting CVar [[r.RenderTargetPoolMin:400]]
[2020.02.03-00.44.08:179][  0]LogConfig: Setting CVar [[r.LensFlareQuality:2]]
[2020.02.03-00.44.08:179][  0]LogConfig: Setting CVar [[r.SceneColorFringeQuality:1]]
[2020.02.03-00.44.08:179][  0]LogConfig: Setting CVar [[r.EyeAdaptationQuality:2]]
[2020.02.03-00.44.08:179][  0]LogConfig: Setting CVar [[r.BloomQuality:5]]
[2020.02.03-00.44.08:179][  0]LogConfig: Setting CVar [[r.FastBlurThreshold:100]]
[2020.02.03-00.44.08:179][  0]LogConfig: Setting CVar [[r.Upscale.Quality:3]]
[2020.02.03-00.44.08:179][  0]LogConfig: Setting CVar [[r.Tonemapper.GrainQuantization:1]]
[2020.02.03-00.44.08:179][  0]LogConfig: Setting CVar [[r.LightShaftQuality:1]]
[2020.02.03-00.44.08:179][  0]LogConfig: Setting CVar [[r.Filter.SizeScale:1]]
[2020.02.03-00.44.08:179][  0]LogConfig: Setting CVar [[r.Tonemapper.Quality:5]]
[2020.02.03-00.44.08:179][  0]LogConfig: Setting CVar [[r.DOF.Gather.AccumulatorQuality:1        ; higher gathering accumulator quality]]
[2020.02.03-00.44.08:179][  0]LogConfig: Setting CVar [[r.DOF.Gather.PostfilterMethod:1          ; Median3x3 postfilering method]]
[2020.02.03-00.44.08:179][  0]LogConfig: Setting CVar [[r.DOF.Gather.EnableBokehSettings:0       ; no bokeh simulation when gathering]]
[2020.02.03-00.44.08:179][  0]LogConfig: Setting CVar [[r.DOF.Gather.RingCount:4                 ; medium number of samples when gathering]]
[2020.02.03-00.44.08:179][  0]LogConfig: Setting CVar [[r.DOF.Scatter.ForegroundCompositing:1    ; additive foreground scattering]]
[2020.02.03-00.44.08:179][  0]LogConfig: Setting CVar [[r.DOF.Scatter.BackgroundCompositing:2    ; additive background scattering]]
[2020.02.03-00.44.08:179][  0]LogConfig: Setting CVar [[r.DOF.Scatter.EnableBokehSettings:1      ; bokeh simulation when scattering]]
[2020.02.03-00.44.08:179][  0]LogConfig: Setting CVar [[r.DOF.Scatter.MaxSpriteRatio:0.1         ; only a maximum of 10% of scattered bokeh]]
[2020.02.03-00.44.08:179][  0]LogConfig: Setting CVar [[r.DOF.Recombine.Quality:1                ; cheap slight out of focus]]
[2020.02.03-00.44.08:179][  0]LogConfig: Setting CVar [[r.DOF.Recombine.EnableBokehSettings:0    ; no bokeh simulation on slight out of focus]]
[2020.02.03-00.44.08:179][  0]LogConfig: Setting CVar [[r.DOF.TemporalAAQuality:1                ; more stable temporal accumulation]]
[2020.02.03-00.44.08:179][  0]LogConfig: Setting CVar [[r.DOF.Kernel.MaxForegroundRadius:0.025]]
[2020.02.03-00.44.08:179][  0]LogConfig: Setting CVar [[r.DOF.Kernel.MaxBackgroundRadius:0.025]]
[2020.02.03-00.44.08:179][  0]LogConfig: Applying CVar settings from Section [TextureQuality@3] File [D:/College Stuff/Unreal/FortniteTowerDefense/FortniteTowerDefense/Saved/Config/Windows/Scalability.ini]
[2020.02.03-00.44.08:179][  0]LogConfig: Setting CVar [[r.Streaming.MipBias:0]]
[2020.02.03-00.44.08:179][  0]LogConfig: Setting CVar [[r.Streaming.AmortizeCPUToGPUCopy:0]]
[2020.02.03-00.44.08:179][  0]LogConfig: Setting CVar [[r.Streaming.MaxNumTexturesToStreamPerFrame:0]]
[2020.02.03-00.44.08:179][  0]LogConfig: Setting CVar [[r.Streaming.Boost:1]]
[2020.02.03-00.44.08:179][  0]LogConfig: Setting CVar [[r.MaxAnisotropy:8]]
[2020.02.03-00.44.08:179][  0]LogConfig: Setting CVar [[r.VT.MaxAnisotropy:8]]
[2020.02.03-00.44.08:179][  0]LogConfig: Setting CVar [[r.Streaming.LimitPoolSizeToVRAM:0]]
[2020.02.03-00.44.08:179][  0]LogConfig: Setting CVar [[r.Streaming.PoolSize:1000]]
[2020.02.03-00.44.08:179][  0]LogConfig: Setting CVar [[r.Streaming.MaxEffectiveScreenSize:0]]
[2020.02.03-00.44.08:179][  0]LogConfig: Applying CVar settings from Section [EffectsQuality@3] File [D:/College Stuff/Unreal/FortniteTowerDefense/FortniteTowerDefense/Saved/Config/Windows/Scalability.ini]
[2020.02.03-00.44.08:179][  0]LogConfig: Setting CVar [[r.TranslucencyLightingVolumeDim:64]]
[2020.02.03-00.44.08:179][  0]LogConfig: Setting CVar [[r.RefractionQuality:2]]
[2020.02.03-00.44.08:179][  0]LogConfig: Setting CVar [[r.SSR.Quality:3]]
[2020.02.03-00.44.08:180][  0]LogConfig: Setting CVar [[r.SSR.HalfResSceneColor:0]]
[2020.02.03-00.44.08:180][  0]LogConfig: Setting CVar [[r.SceneColorFormat:4]]
[2020.02.03-00.44.08:180][  0]LogConfig: Setting CVar [[r.DetailMode:2]]
[2020.02.03-00.44.08:180][  0]LogConfig: Setting CVar [[r.TranslucencyVolumeBlur:1]]
[2020.02.03-00.44.08:180][  0]LogConfig: Setting CVar [[r.MaterialQualityLevel:1 ; High quality]]
[2020.02.03-00.44.08:180][  0]LogConfig: Setting CVar [[r.SSS.Scale:1]]
[2020.02.03-00.44.08:180][  0]LogConfig: Setting CVar [[r.SSS.SampleSet:2]]
[2020.02.03-00.44.08:180][  0]LogConfig: Setting CVar [[r.SSS.Quality:1]]
[2020.02.03-00.44.08:180][  0]LogConfig: Setting CVar [[r.SSS.HalfRes:1]]
[2020.02.03-00.44.08:180][  0]LogConfig: Setting CVar [[r.SSGI.Quality:3]]
[2020.02.03-00.44.08:180][  0]LogConfig: Setting CVar [[r.EmitterSpawnRateScale:1.0]]
[2020.02.03-00.44.08:180][  0]LogConfig: Setting CVar [[r.ParticleLightQuality:2]]
[2020.02.03-00.44.08:180][  0]LogConfig: Setting CVar [[r.SkyAtmosphere.AerialPerspectiveLUT.FastApplyOnOpaque:1 ; Always have FastSkyLUT 1 in this case to avoid wrong sky]]
[2020.02.03-00.44.08:180][  0]LogConfig: Setting CVar [[r.SkyAtmosphere.AerialPerspectiveLUT.SampleCountPerSlice:1]]
[2020.02.03-00.44.08:180][  0]LogConfig: Setting CVar [[r.SkyAtmosphere.AerialPerspectiveLUT.DepthResolution:16.0]]
[2020.02.03-00.44.08:180][  0]LogConfig: Setting CVar [[r.SkyAtmosphere.FastSkyLUT:1]]
[2020.02.03-00.44.08:180][  0]LogConfig: Setting CVar [[r.SkyAtmosphere.FastSkyLUT.SampleCountMin:4.0]]
[2020.02.03-00.44.08:180][  0]LogConfig: Setting CVar [[r.SkyAtmosphere.FastSkyLUT.SampleCountMax:32.0]]
[2020.02.03-00.44.08:180][  0]LogConfig: Setting CVar [[r.SkyAtmosphere.SampleCountMin:4.0]]
[2020.02.03-00.44.08:180][  0]LogConfig: Setting CVar [[r.SkyAtmosphere.SampleCountMax:32.0]]
[2020.02.03-00.44.08:180][  0]LogConfig: Setting CVar [[r.SkyAtmosphere.TransmittanceLUT.UseSmallFormat:0]]
[2020.02.03-00.44.08:180][  0]LogConfig: Setting CVar [[r.SkyAtmosphere.TransmittanceLUT.SampleCount:10.0]]
[2020.02.03-00.44.08:180][  0]LogConfig: Setting CVar [[r.SkyAtmosphere.MultiScatteringLUT.SampleCount:15.0]]
[2020.02.03-00.44.08:180][  0]LogConfig: Applying CVar settings from Section [FoliageQuality@3] File [D:/College Stuff/Unreal/FortniteTowerDefense/FortniteTowerDefense/Saved/Config/Windows/Scalability.ini]
[2020.02.03-00.44.08:180][  0]LogConfig: Setting CVar [[foliage.DensityScale:1.0]]
[2020.02.03-00.44.08:180][  0]LogConfig: Setting CVar [[grass.DensityScale:1.0]]
[2020.02.03-00.44.08:180][  0]LogConfig: Applying CVar settings from Section [ShadingQuality@3] File [D:/College Stuff/Unreal/FortniteTowerDefense/FortniteTowerDefense/Saved/Config/Windows/Scalability.ini]
[2020.02.03-00.44.08:180][  0]LogConfig: Setting CVar [[r.HairStrands.SkyLighting.SampleCount:16]]
[2020.02.03-00.44.08:180][  0]LogConfig: Setting CVar [[r.HairStrands.SkyLighting.JitterIntegration:0]]
[2020.02.03-00.44.08:180][  0]LogConfig: Setting CVar [[r.HairStrands.SkyAO.SampleCount:16]]
[2020.02.03-00.44.08:180][  0]LogInit: Selected Device Profile: [Windows]
[2020.02.03-00.44.08:180][  0]LogInit: Applying CVar settings loaded from the selected device profile: [Windows]
[2020.02.03-00.44.08:182][  0]LogHAL: Display: Platform has ~ 16 GB [17086115840 / 17179869184 / 16], which maps to Larger [LargestMinGB=32, LargerMinGB=12, DefaultMinGB=8, SmallerMinGB=6, SmallestMinGB=0)
[2020.02.03-00.44.08:183][  0]LogInit: Going up to parent DeviceProfile []
[2020.02.03-00.44.08:183][  0]LogConfig: Applying CVar settings from Section [ViewDistanceQuality@3] File [D:/College Stuff/Unreal/FortniteTowerDefense/FortniteTowerDefense/Saved/Config/Windows/Scalability.ini]
[2020.02.03-00.44.08:183][  0]LogConfig: Setting CVar [[r.SkeletalMeshLODBias:0]]
[2020.02.03-00.44.08:183][  0]LogConfig: Setting CVar [[r.ViewDistanceScale:1.0]]
[2020.02.03-00.44.08:183][  0]LogConfig: Applying CVar settings from Section [AntiAliasingQuality@3] File [D:/College Stuff/Unreal/FortniteTowerDefense/FortniteTowerDefense/Saved/Config/Windows/Scalability.ini]
[2020.02.03-00.44.08:183][  0]LogConfig: Setting CVar [[r.PostProcessAAQuality:4]]
[2020.02.03-00.44.08:183][  0]LogConfig: Applying CVar settings from Section [ShadowQuality@3] File [D:/College Stuff/Unreal/FortniteTowerDefense/FortniteTowerDefense/Saved/Config/Windows/Scalability.ini]
[2020.02.03-00.44.08:183][  0]LogConfig: Setting CVar [[r.LightFunctionQuality:1]]
[2020.02.03-00.44.08:183][  0]LogConfig: Setting CVar [[r.ShadowQuality:5]]
[2020.02.03-00.44.08:183][  0]LogConfig: Setting CVar [[r.Shadow.CSM.MaxCascades:10]]
[2020.02.03-00.44.08:183][  0]LogConfig: Setting CVar [[r.Shadow.MaxResolution:2048]]
[2020.02.03-00.44.08:183][  0]LogConfig: Setting CVar [[r.Shadow.MaxCSMResolution:2048]]
[2020.02.03-00.44.08:183][  0]LogConfig: Setting CVar [[r.Shadow.RadiusThreshold:0.01]]
[2020.02.03-00.44.08:183][  0]LogConfig: Setting CVar [[r.Shadow.DistanceScale:1.0]]
[2020.02.03-00.44.08:183][  0]LogConfig: Setting CVar [[r.Shadow.CSM.TransitionScale:1.0]]
[2020.02.03-00.44.08:183][  0]LogConfig: Setting CVar [[r.Shadow.PreShadowResolutionFactor:1.0]]
[2020.02.03-00.44.08:183][  0]LogConfig: Setting CVar [[r.DistanceFieldShadowing:1]]
[2020.02.03-00.44.08:183][  0]LogConfig: Setting CVar [[r.DistanceFieldAO:1]]
[2020.02.03-00.44.08:183][  0]LogConfig: Setting CVar [[r.AOQuality:2]]
[2020.02.03-00.44.08:183][  0]LogConfig: Setting CVar [[r.VolumetricFog:1]]
[2020.02.03-00.44.08:183][  0]LogConfig: Setting CVar [[r.VolumetricFog.GridPixelSize:8]]
[2020.02.03-00.44.08:183][  0]LogConfig: Setting CVar [[r.VolumetricFog.GridSizeZ:128]]
[2020.02.03-00.44.08:183][  0]LogConfig: Setting CVar [[r.VolumetricFog.HistoryMissSupersampleCount:4]]
[2020.02.03-00.44.08:183][  0]LogConfig: Setting CVar [[r.LightMaxDrawDistanceScale:1]]
[2020.02.03-00.44.08:183][  0]LogConfig: Setting CVar [[r.CapsuleShadows:1]]
[2020.02.03-00.44.08:183][  0]LogConfig: Applying CVar settings from Section [PostProcessQuality@3] File [D:/College Stuff/Unreal/FortniteTowerDefense/FortniteTowerDefense/Saved/Config/Windows/Scalability.ini]
[2020.02.03-00.44.08:183][  0]LogConfig: Setting CVar [[r.MotionBlurQuality:4]]
[2020.02.03-00.44.08:183][  0]LogConfig: Setting CVar [[r.AmbientOcclusionMipLevelFactor:0.4]]
[2020.02.03-00.44.08:183][  0]LogConfig: Setting CVar [[r.AmbientOcclusionMaxQuality:100]]
[2020.02.03-00.44.08:183][  0]LogConfig: Setting CVar [[r.AmbientOcclusionLevels:-1]]
[2020.02.03-00.44.08:183][  0]LogConfig: Setting CVar [[r.AmbientOcclusionRadiusScale:1.0]]
[2020.02.03-00.44.08:183][  0]LogConfig: Setting CVar [[r.DepthOfFieldQuality:2]]
[2020.02.03-00.44.08:183][  0]LogConfig: Setting CVar [[r.RenderTargetPoolMin:400]]
[2020.02.03-00.44.08:183][  0]LogConfig: Setting CVar [[r.LensFlareQuality:2]]
[2020.02.03-00.44.08:183][  0]LogConfig: Setting CVar [[r.SceneColorFringeQuality:1]]
[2020.02.03-00.44.08:183][  0]LogConfig: Setting CVar [[r.EyeAdaptationQuality:2]]
[2020.02.03-00.44.08:183][  0]LogConfig: Setting CVar [[r.BloomQuality:5]]
[2020.02.03-00.44.08:183][  0]LogConfig: Setting CVar [[r.FastBlurThreshold:100]]
[2020.02.03-00.44.08:183][  0]LogConfig: Setting CVar [[r.Upscale.Quality:3]]
[2020.02.03-00.44.08:183][  0]LogConfig: Setting CVar [[r.Tonemapper.GrainQuantization:1]]
[2020.02.03-00.44.08:183][  0]LogConfig: Setting CVar [[r.LightShaftQuality:1]]
[2020.02.03-00.44.08:183][  0]LogConfig: Setting CVar [[r.Filter.SizeScale:1]]
[2020.02.03-00.44.08:183][  0]LogConfig: Setting CVar [[r.Tonemapper.Quality:5]]
[2020.02.03-00.44.08:183][  0]LogConfig: Setting CVar [[r.DOF.Gather.AccumulatorQuality:1        ; higher gathering accumulator quality]]
[2020.02.03-00.44.08:183][  0]LogConfig: Setting CVar [[r.DOF.Gather.PostfilterMethod:1          ; Median3x3 postfilering method]]
[2020.02.03-00.44.08:183][  0]LogConfig: Setting CVar [[r.DOF.Gather.EnableBokehSettings:0       ; no bokeh simulation when gathering]]
[2020.02.03-00.44.08:183][  0]LogConfig: Setting CVar [[r.DOF.Gather.RingCount:4                 ; medium number of samples when gathering]]
[2020.02.03-00.44.08:183][  0]LogConfig: Setting CVar [[r.DOF.Scatter.ForegroundCompositing:1    ; additive foreground scattering]]
[2020.02.03-00.44.08:183][  0]LogConfig: Setting CVar [[r.DOF.Scatter.BackgroundCompositing:2    ; additive background scattering]]
[2020.02.03-00.44.08:183][  0]LogConfig: Setting CVar [[r.DOF.Scatter.EnableBokehSettings:1      ; bokeh simulation when scattering]]
[2020.02.03-00.44.08:183][  0]LogConfig: Setting CVar [[r.DOF.Scatter.MaxSpriteRatio:0.1         ; only a maximum of 10% of scattered bokeh]]
[2020.02.03-00.44.08:183][  0]LogConfig: Setting CVar [[r.DOF.Recombine.Quality:1                ; cheap slight out of focus]]
[2020.02.03-00.44.08:183][  0]LogConfig: Setting CVar [[r.DOF.Recombine.EnableBokehSettings:0    ; no bokeh simulation on slight out of focus]]
[2020.02.03-00.44.08:183][  0]LogConfig: Setting CVar [[r.DOF.TemporalAAQuality:1                ; more stable temporal accumulation]]
[2020.02.03-00.44.08:183][  0]LogConfig: Setting CVar [[r.DOF.Kernel.MaxForegroundRadius:0.025]]
[2020.02.03-00.44.08:183][  0]LogConfig: Setting CVar [[r.DOF.Kernel.MaxBackgroundRadius:0.025]]
[2020.02.03-00.44.08:183][  0]LogConfig: Applying CVar settings from Section [TextureQuality@3] File [D:/College Stuff/Unreal/FortniteTowerDefense/FortniteTowerDefense/Saved/Config/Windows/Scalability.ini]
[2020.02.03-00.44.08:183][  0]LogConfig: Setting CVar [[r.Streaming.MipBias:0]]
[2020.02.03-00.44.08:183][  0]LogConfig: Setting CVar [[r.Streaming.AmortizeCPUToGPUCopy:0]]
[2020.02.03-00.44.08:183][  0]LogConfig: Setting CVar [[r.Streaming.MaxNumTexturesToStreamPerFrame:0]]
[2020.02.03-00.44.08:184][  0]LogConfig: Setting CVar [[r.Streaming.Boost:1]]
[2020.02.03-00.44.08:184][  0]LogConfig: Setting CVar [[r.MaxAnisotropy:8]]
[2020.02.03-00.44.08:184][  0]LogConfig: Setting CVar [[r.VT.MaxAnisotropy:8]]
[2020.02.03-00.44.08:184][  0]LogConfig: Setting CVar [[r.Streaming.LimitPoolSizeToVRAM:0]]
[2020.02.03-00.44.08:184][  0]LogConfig: Setting CVar [[r.Streaming.PoolSize:1000]]
[2020.02.03-00.44.08:184][  0]LogConfig: Setting CVar [[r.Streaming.MaxEffectiveScreenSize:0]]
[2020.02.03-00.44.08:184][  0]LogConfig: Applying CVar settings from Section [EffectsQuality@3] File [D:/College Stuff/Unreal/FortniteTowerDefense/FortniteTowerDefense/Saved/Config/Windows/Scalability.ini]
[2020.02.03-00.44.08:184][  0]LogConfig: Setting CVar [[r.TranslucencyLightingVolumeDim:64]]
[2020.02.03-00.44.08:184][  0]LogConfig: Setting CVar [[r.RefractionQuality:2]]
[2020.02.03-00.44.08:184][  0]LogConfig: Setting CVar [[r.SSR.Quality:3]]
[2020.02.03-00.44.08:184][  0]LogConfig: Setting CVar [[r.SSR.HalfResSceneColor:0]]
[2020.02.03-00.44.08:184][  0]LogConfig: Setting CVar [[r.SceneColorFormat:4]]
[2020.02.03-00.44.08:184][  0]LogConfig: Setting CVar [[r.DetailMode:2]]
[2020.02.03-00.44.08:184][  0]LogConfig: Setting CVar [[r.TranslucencyVolumeBlur:1]]
[2020.02.03-00.44.08:184][  0]LogConfig: Setting CVar [[r.MaterialQualityLevel:1 ; High quality]]
[2020.02.03-00.44.08:184][  0]LogConfig: Setting CVar [[r.SSS.Scale:1]]
[2020.02.03-00.44.08:184][  0]LogConfig: Setting CVar [[r.SSS.SampleSet:2]]
[2020.02.03-00.44.08:184][  0]LogConfig: Setting CVar [[r.SSS.Quality:1]]
[2020.02.03-00.44.08:184][  0]LogConfig: Setting CVar [[r.SSS.HalfRes:1]]
[2020.02.03-00.44.08:184][  0]LogConfig: Setting CVar [[r.SSGI.Quality:3]]
[2020.02.03-00.44.08:184][  0]LogConfig: Setting CVar [[r.EmitterSpawnRateScale:1.0]]
[2020.02.03-00.44.08:184][  0]LogConfig: Setting CVar [[r.ParticleLightQuality:2]]
[2020.02.03-00.44.08:184][  0]LogConfig: Setting CVar [[r.SkyAtmosphere.AerialPerspectiveLUT.FastApplyOnOpaque:1 ; Always have FastSkyLUT 1 in this case to avoid wrong sky]]
[2020.02.03-00.44.08:184][  0]LogConfig: Setting CVar [[r.SkyAtmosphere.AerialPerspectiveLUT.SampleCountPerSlice:1]]
[2020.02.03-00.44.08:184][  0]LogConfig: Setting CVar [[r.SkyAtmosphere.AerialPerspectiveLUT.DepthResolution:16.0]]
[2020.02.03-00.44.08:184][  0]LogConfig: Setting CVar [[r.SkyAtmosphere.FastSkyLUT:1]]
[2020.02.03-00.44.08:184][  0]LogConfig: Setting CVar [[r.SkyAtmosphere.FastSkyLUT.SampleCountMin:4.0]]
[2020.02.03-00.44.08:184][  0]LogConfig: Setting CVar [[r.SkyAtmosphere.FastSkyLUT.SampleCountMax:32.0]]
[2020.02.03-00.44.08:184][  0]LogConfig: Setting CVar [[r.SkyAtmosphere.SampleCountMin:4.0]]
[2020.02.03-00.44.08:184][  0]LogConfig: Setting CVar [[r.SkyAtmosphere.SampleCountMax:32.0]]
[2020.02.03-00.44.08:184][  0]LogConfig: Setting CVar [[r.SkyAtmosphere.TransmittanceLUT.UseSmallFormat:0]]
[2020.02.03-00.44.08:184][  0]LogConfig: Setting CVar [[r.SkyAtmosphere.TransmittanceLUT.SampleCount:10.0]]
[2020.02.03-00.44.08:184][  0]LogConfig: Setting CVar [[r.SkyAtmosphere.MultiScatteringLUT.SampleCount:15.0]]
[2020.02.03-00.44.08:184][  0]LogConfig: Applying CVar settings from Section [FoliageQuality@3] File [D:/College Stuff/Unreal/FortniteTowerDefense/FortniteTowerDefense/Saved/Config/Windows/Scalability.ini]
[2020.02.03-00.44.08:184][  0]LogConfig: Setting CVar [[foliage.DensityScale:1.0]]
[2020.02.03-00.44.08:184][  0]LogConfig: Setting CVar [[grass.DensityScale:1.0]]
[2020.02.03-00.44.08:184][  0]LogConfig: Applying CVar settings from Section [ShadingQuality@3] File [D:/College Stuff/Unreal/FortniteTowerDefense/FortniteTowerDefense/Saved/Config/Windows/Scalability.ini]
[2020.02.03-00.44.08:184][  0]LogConfig: Setting CVar [[r.HairStrands.SkyLighting.SampleCount:16]]
[2020.02.03-00.44.08:184][  0]LogConfig: Setting CVar [[r.HairStrands.SkyLighting.JitterIntegration:0]]
[2020.02.03-00.44.08:184][  0]LogConfig: Setting CVar [[r.HairStrands.SkyAO.SampleCount:16]]
[2020.02.03-00.44.08:184][  0]LogConfig: Applying CVar settings from Section [Startup] File [../../../Engine/Config/ConsoleVariables.ini]
[2020.02.03-00.44.08:184][  0]LogConfig: Setting CVar [[net.UseAdaptiveNetUpdateFrequency:0]]
[2020.02.03-00.44.08:184][  0]LogConfig: Setting CVar [[p.chaos.AllowCreatePhysxBodies:1]]
[2020.02.03-00.44.08:184][  0]LogConfig: Applying CVar settings from Section [ConsoleVariables] File [D:/College Stuff/Unreal/FortniteTowerDefense/FortniteTowerDefense/Saved/Config/Windows/Engine.ini]
[2020.02.03-00.44.08:184][  0]LogInit: Computer: DAVIDSMSILAPTOP
[2020.02.03-00.44.08:184][  0]LogInit: User: Thero
[2020.02.03-00.44.08:184][  0]LogInit: CPU Page size=4096, Cores=4
[2020.02.03-00.44.08:184][  0]LogInit: High frequency timer resolution =10.000000 MHz
[2020.02.03-00.44.08:185][  0]LogMemory: Memory total: Physical=15.9GB (16GB approx)
[2020.02.03-00.44.08:185][  0]LogMemory: Platform Memory Stats for Windows
[2020.02.03-00.44.08:185][  0]LogMemory: Process Physical Memory: 105.37 MB used, 105.38 MB peak
[2020.02.03-00.44.08:185][  0]LogMemory: Process Virtual Memory: 100.74 MB used, 100.74 MB peak
[2020.02.03-00.44.08:185][  0]LogMemory: Physical Memory: 9109.02 MB used,  7185.57 MB free, 16294.59 MB total
[2020.02.03-00.44.08:185][  0]LogMemory: Virtual Memory: 5137.50 MB used,  134212592.00 MB free, 134217728.00 MB total
[2020.02.03-00.44.08:188][  0]LogWindows: WindowsPlatformFeatures enabled
[2020.02.03-00.44.08:209][  0]LogInit: Using OS detected language (en-US).
[2020.02.03-00.44.08:209][  0]LogInit: Using OS detected locale (en-US).
[2020.02.03-00.44.08:210][  0]LogTextLocalizationManager: No specific localization for 'en-US' exists, so the 'en' localization will be used.
[2020.02.03-00.44.08:428][  0]LogInit: Setting process to per monitor DPI aware
[2020.02.03-00.44.08:479][  0]LogSlate: New Slate User Created.  User Index 0, Is Virtual User: 0
[2020.02.03-00.44.08:479][  0]LogSlate: Slate User Registered.  User Index 0, Is Virtual User: 0
[2020.02.03-00.44.08:693][  0]LogHMD: Failed to initialize OpenVR with code 110
[2020.02.03-00.44.08:693][  0]LogD3D11RHI: D3D11 min allowed feature level: 11_0
[2020.02.03-00.44.08:693][  0]LogD3D11RHI: D3D11 max allowed feature level: 11_0
[2020.02.03-00.44.08:693][  0]LogD3D11RHI: D3D11 adapters:
[2020.02.03-00.44.08:774][  0]LogD3D11RHI:    0. 'NVIDIA GeForce GTX 970M' (Feature Level 11_0)
[2020.02.03-00.44.08:775][  0]LogD3D11RHI:       3032/0/8147 MB DedicatedVideo/DedicatedSystem/SharedSystem, Outputs:1, VendorId:0x10de
[2020.02.03-00.44.08:786][  0]LogD3D11RHI:    1. 'Intel(R) HD Graphics 530' (Feature Level 11_0)
[2020.02.03-00.44.08:787][  0]LogD3D11RHI:       128/0/8147 MB DedicatedVideo/DedicatedSystem/SharedSystem, Outputs:0, VendorId:0x8086
[2020.02.03-00.44.08:789][  0]LogD3D11RHI:    2. 'Microsoft Basic Render Driver' (Feature Level 11_0)
[2020.02.03-00.44.08:789][  0]LogD3D11RHI:       0/0/8147 MB DedicatedVideo/DedicatedSystem/SharedSystem, Outputs:0, VendorId:0x1414
[2020.02.03-00.44.08:789][  0]LogD3D11RHI: Chosen D3D11 Adapter: 0
[2020.02.03-00.44.08:853][  0]LogD3D11RHI: Creating new Direct3DDevice
[2020.02.03-00.44.08:854][  0]LogD3D11RHI:     GPU DeviceId: 0x13d8 (for the marketing name, search the web for "GPU Device Id")
[2020.02.03-00.44.08:854][  0]LogWindows: EnumDisplayDevices:
[2020.02.03-00.44.08:854][  0]LogWindows:    0. 'Intel(R) HD Graphics 530' (P:1 D:1)
[2020.02.03-00.44.08:854][  0]LogWindows:    1. 'Intel(R) HD Graphics 530' (P:0 D:0)
[2020.02.03-00.44.08:854][  0]LogWindows:    2. 'Intel(R) HD Graphics 530' (P:0 D:0)
[2020.02.03-00.44.08:855][  0]LogWindows: DebugString: PrimaryIsNotTheChoosenAdapter PrimaryIsNotTheChoosenAdapter PrimaryIsNotTheChoosenAdapter FoundDriverCount:0 
[2020.02.03-00.44.08:855][  0]LogD3D11RHI:     Adapter Name: NVIDIA GeForce GTX 970M
[2020.02.03-00.44.08:855][  0]LogD3D11RHI:   Driver Version: Unknown (internal:Unknown, unified:Unknown)
[2020.02.03-00.44.08:855][  0]LogD3D11RHI:      Driver Date: Unknown
[2020.02.03-00.44.08:855][  0]LogRHI: Texture pool is 2122 MB (70% of 3032 MB)
[2020.02.03-00.44.08:932][  0]LogD3D11RHI: RHI has support for 64 bit atomics
[2020.02.03-00.44.08:933][  0]LogD3D11RHI: Async texture creation enabled
[2020.02.03-00.44.08:957][  0]LogD3D11RHI: GPU Timing Frequency: 1000.000000 (Debug: 2 1)
[2020.02.03-00.44.09:393][  0]LogTargetPlatformManager: Display: Loaded TargetPlatform 'AllDesktop'
[2020.02.03-00.44.09:435][  0]LogTargetPlatformManager: Display: Loaded TargetPlatform 'Android'
[2020.02.03-00.44.09:435][  0]LogTargetPlatformManager: Display: Loaded TargetPlatform 'Android_ASTC'
[2020.02.03-00.44.09:435][  0]LogTargetPlatformManager: Display: Loaded TargetPlatform 'Android_ATC'
[2020.02.03-00.44.09:435][  0]LogTargetPlatformManager: Display: Loaded TargetPlatform 'Android_DXT'
[2020.02.03-00.44.09:435][  0]LogTargetPlatformManager: Display: Loaded TargetPlatform 'Android_ETC1'
[2020.02.03-00.44.09:435][  0]LogTargetPlatformManager: Display: Loaded TargetPlatform 'Android_ETC1a'
[2020.02.03-00.44.09:436][  0]LogTargetPlatformManager: Display: Loaded TargetPlatform 'Android_ETC2'
[2020.02.03-00.44.09:436][  0]LogTargetPlatformManager: Display: Loaded TargetPlatform 'Android_PVRTC'
[2020.02.03-00.44.09:436][  0]LogTargetPlatformManager: Display: Loaded TargetPlatform 'AndroidClient'
[2020.02.03-00.44.09:436][  0]LogTargetPlatformManager: Display: Loaded TargetPlatform 'Android_ASTCClient'
[2020.02.03-00.44.09:436][  0]LogTargetPlatformManager: Display: Loaded TargetPlatform 'Android_ATCClient'
[2020.02.03-00.44.09:436][  0]LogTargetPlatformManager: Display: Loaded TargetPlatform 'Android_DXTClient'
[2020.02.03-00.44.09:436][  0]LogTargetPlatformManager: Display: Loaded TargetPlatform 'Android_ETC1Client'
[2020.02.03-00.44.09:436][  0]LogTargetPlatformManager: Display: Loaded TargetPlatform 'Android_ETC1aClient'
[2020.02.03-00.44.09:436][  0]LogTargetPlatformManager: Display: Loaded TargetPlatform 'Android_ETC2Client'
[2020.02.03-00.44.09:436][  0]LogTargetPlatformManager: Display: Loaded TargetPlatform 'Android_PVRTCClient'
[2020.02.03-00.44.09:436][  0]LogTargetPlatformManager: Display: Loaded TargetPlatform 'Android_Multi'
[2020.02.03-00.44.09:436][  0]LogTargetPlatformManager: Display: Loaded TargetPlatform 'Android_MultiClient'
[2020.02.03-00.44.09:458][  0]LogTargetPlatformManager: Display: Loaded TargetPlatform 'IOSClient'
[2020.02.03-00.44.09:458][  0]LogTargetPlatformManager: Display: Loaded TargetPlatform 'IOS'
[2020.02.03-00.44.09:469][  0]LogTargetPlatformManager: Display: Loaded TargetPlatform 'LinuxNoEditor'
[2020.02.03-00.44.09:480][  0]LogTargetPlatformManager: Display: Loaded TargetPlatform 'LinuxClient'
[2020.02.03-00.44.09:489][  0]LogTargetPlatformManager: Display: Loaded TargetPlatform 'LinuxServer'
[2020.02.03-00.44.09:500][  0]LogTargetPlatformManager: Display: Loaded TargetPlatform 'LinuxAArch64NoEditor'
[2020.02.03-00.44.09:510][  0]LogTargetPlatformManager: Display: Loaded TargetPlatform 'LinuxAArch64Client'
[2020.02.03-00.44.09:518][  0]LogTargetPlatformManager: Display: Loaded TargetPlatform 'LinuxAArch64Server'
[2020.02.03-00.44.09:547][  0]LogTargetPlatformManager: Display: Loaded TargetPlatform 'Lumin'
[2020.02.03-00.44.09:547][  0]LogTargetPlatformManager: Display: Loaded TargetPlatform 'LuminClient'
[2020.02.03-00.44.09:563][  0]LogTargetPlatformManager: Display: Loaded TargetPlatform 'TVOSClient'
[2020.02.03-00.44.09:564][  0]LogTargetPlatformManager: Display: Loaded TargetPlatform 'TVOS'
[2020.02.03-00.44.09:572][  0]LogTargetPlatformManager: Display: Loaded TargetPlatform 'WindowsNoEditor'
[2020.02.03-00.44.09:582][  0]LogTargetPlatformManager: Display: Loaded TargetPlatform 'Windows'
[2020.02.03-00.44.09:591][  0]LogTargetPlatformManager: Display: Loaded TargetPlatform 'WindowsClient'
[2020.02.03-00.44.09:601][  0]LogTargetPlatformManager: Display: Loaded TargetPlatform 'WindowsServer'
[2020.02.03-00.44.09:601][  0]LogTargetPlatformManager: Display: Building Assets For Windows
[2020.02.03-00.44.09:604][  0]LogAudioDebug: Display: Lib vorbis DLL was dynamically loaded.
[2020.02.03-00.44.09:625][  0]LogShaderCompilers: Guid format shader working directory is -32 characters bigger than the processId version (../../../../../College Stuff/Unreal/FortniteTowerDefense/FortniteTowerDefense/Intermediate/Shaders/WorkingDirectory/18284/).
[2020.02.03-00.44.09:626][  0]LogShaderCompilers: Cleaned the shader compiler working directory 'C:/Users/Thero/AppData/Local/Temp/UnrealShaderWorkingDir/532036014B4FF10C8A909594F169D50E/'.
[2020.02.03-00.44.09:626][  0]LogXGEController: Cannot use XGE Controller as Incredibuild is not installed on this machine.
[2020.02.03-00.44.09:626][  0]LogShaderCompilers: Cannot use XGE Shader Compiler as Incredibuild is not installed on this machine.
[2020.02.03-00.44.09:626][  0]LogShaderCompilers: Display: Using Local Shader Compiler.
[2020.02.03-00.44.10:591][  0]LogDerivedDataCache: Display: Max Cache Size: 512 MB
[2020.02.03-00.44.10:654][  0]LogDerivedDataCache: Loaded boot cache 0.06s 78MB C:/Users/Thero/AppData/Local/UnrealEngine/4.24/DerivedDataCache/Boot.ddc.
[2020.02.03-00.44.10:654][  0]LogDerivedDataCache: Display: Loaded Boot cache: C:/Users/Thero/AppData/Local/UnrealEngine/4.24/DerivedDataCache/Boot.ddc
[2020.02.03-00.44.10:654][  0]LogDerivedDataCache: FDerivedDataBackendGraph:  Pak pak cache file ../../../../../College Stuff/Unreal/FortniteTowerDefense/FortniteTowerDefense/DerivedDataCache/DDC.ddp not found, will not use a pak cache.
[2020.02.03-00.44.10:654][  0]LogDerivedDataCache: Unable to find inner node Pak for hierarchical cache Hierarchy.
[2020.02.03-00.44.10:654][  0]LogDerivedDataCache: FDerivedDataBackendGraph:  CompressedPak pak cache file ../../../../../College Stuff/Unreal/FortniteTowerDefense/FortniteTowerDefense/DerivedDataCache/Compressed.ddp not found, will not use a pak cache.
[2020.02.03-00.44.10:654][  0]LogDerivedDataCache: Unable to find inner node CompressedPak for hierarchical cache Hierarchy.
[2020.02.03-00.44.10:668][  0]LogDerivedDataCache: Display: Pak cache opened for reading ../../../Engine/DerivedDataCache/Compressed.ddp.
[2020.02.03-00.44.10:668][  0]LogDerivedDataCache: FDerivedDataBackendGraph:  EnterprisePak pak cache file ../../../Enterprise/DerivedDataCache/Compressed.ddp not found, will not use a pak cache.
[2020.02.03-00.44.10:668][  0]LogDerivedDataCache: Unable to find inner node EnterprisePak for hierarchical cache Hierarchy.
[2020.02.03-00.44.10:669][  0]LogDerivedDataCache: Using Local data cache path C:/Users/Thero/AppData/Local/UnrealEngine/Common/DerivedDataCache: Writable
[2020.02.03-00.44.10:669][  0]LogDerivedDataCache: Shared data cache path not found in *engine.ini, will not use an Shared cache.
[2020.02.03-00.44.10:669][  0]LogDerivedDataCache: Unable to find inner node Shared for hierarchical cache Hierarchy.
[2020.02.03-00.44.10:707][  0]LogMaterial: Verifying Global Shaders for PCD3D_SM5
[2020.02.03-00.44.10:711][  0]LogSlate: Using FreeType 2.10.0
[2020.02.03-00.44.10:711][  0]LogSlate: SlateFontServices - WITH_FREETYPE: 1, WITH_HARFBUZZ: 1
[2020.02.03-00.44.10:775][  0]LogAssetRegistry: FAssetRegistry took 0.0043 seconds to start up
[2020.02.03-00.44.11:185][  0]LogInit: Selected Device Profile: [Windows]
[2020.02.03-00.44.11:417][  0]LogMeshReduction: Using QuadricMeshReduction for automatic static mesh reduction
[2020.02.03-00.44.11:417][  0]LogMeshReduction: Using SimplygonMeshReduction for automatic skeletal mesh reduction
[2020.02.03-00.44.11:417][  0]LogMeshReduction: Using ProxyLODMeshReduction for automatic mesh merging
[2020.02.03-00.44.11:417][  0]LogMeshReduction: No distributed automatic mesh merging module available
[2020.02.03-00.44.11:417][  0]LogMeshMerging: No distributed automatic mesh merging module available
[2020.02.03-00.44.11:433][  0]LogNetVersion: FortniteTowerDefense 1.0.0, NetCL: 10570792, EngineNetVer: 13, GameNetVer: 0 (Checksum: 511844659)
[2020.02.03-00.44.12:745][  0]LogPackageLocalizationCache: Processed 10 localized package path(s) for 1 prioritized culture(s) in 0.056598 seconds
[2020.02.03-00.44.12:753][  0]LogUObjectArray: 46750 objects as part of root set at end of initial load.
[2020.02.03-00.44.12:753][  0]LogUObjectAllocator: 8137160 out of 0 bytes used by permanent object pool.
[2020.02.03-00.44.12:753][  0]LogUObjectArray: CloseDisregardForGC: 0/0 objects in disregard for GC pool
[2020.02.03-00.44.13:286][  0]LogTcpMessaging: Initializing TcpMessaging bridge
[2020.02.03-00.44.13:290][  0]LogUdpMessaging: Initializing bridge on interface 0.0.0.0:0 to multicast group 230.0.0.1:6666.
[2020.02.03-00.44.13:394][  0]SourceControl: Source control is disabled
[2020.02.03-00.44.13:394][  0]SourceControl: Source control is disabled
[2020.02.03-00.44.13:396][  0]SourceControl: Source control is disabled
[2020.02.03-00.44.13:396][  0]SourceControl: Source control is disabled
[2020.02.03-00.44.13:397][  0]SourceControl: Source control is disabled
[2020.02.03-00.44.13:493][  0]LogAndroidPermission: UAndroidPermissionCallbackProxy::GetInstance
[2020.02.03-00.44.13:503][  0]LogAudioCaptureCore: Display: No Audio Capture implementations found. Audio input will be silent.
[2020.02.03-00.44.13:503][  0]LogAudioCaptureCore: Display: No Audio Capture implementations found. Audio input will be silent.
[2020.02.03-00.44.13:618][  0]LogOcInput: OculusInput pre-init called
[2020.02.03-00.44.13:627][  0]LogWindows: Failed to load 'OVRPlugin.dll' (GetLastError=126)
[2020.02.03-00.44.13:627][  0]LogWindows: File 'OVRPlugin.dll' does not exist
[2020.02.03-00.44.13:719][  0]LogEngine: Initializing Engine...
[2020.02.03-00.44.13:720][  0]LogHMD: Failed to initialize OpenVR with code 110
[2020.02.03-00.44.13:722][  0]LogStats: UGameplayTagsManager::InitializeManager -  0.000 s
[2020.02.03-00.44.14:216][  0]LogInit: Initializing FReadOnlyCVARCache
[2020.02.03-00.44.14:223][  0]LogAIModule: Creating AISystem for world Untitled
[2020.02.03-00.44.14:250][  0]LogAudioMixer: Display: Audio Mixer Platform Settings:
[2020.02.03-00.44.14:250][  0]LogAudioMixer: Display: 	Sample Rate:						  48000
[2020.02.03-00.44.14:250][  0]LogAudioMixer: Display: 	Callback Buffer Frame Size Requested: 1024
[2020.02.03-00.44.14:250][  0]LogAudioMixer: Display: 	Callback Buffer Frame Size To Use:	  1024
[2020.02.03-00.44.14:250][  0]LogAudioMixer: Display: 	Number of buffers to queue:			  2
[2020.02.03-00.44.14:250][  0]LogAudioMixer: Display: 	Max Channels (voices):				  32
[2020.02.03-00.44.14:250][  0]LogAudioMixer: Display: 	Number of Async Source Workers:		  0
[2020.02.03-00.44.14:250][  0]LogAudio: Display: AudioDevice MaxSources: 32
[2020.02.03-00.44.14:250][  0]LogAudio: Display: Using built-in audio occlusion.
[2020.02.03-00.44.14:250][  0]LogAudioMixer: Display: Initializing audio mixer.
[2020.02.03-00.44.14:287][  0]LogAudioMixer: Display: Audio Device Output Speaker Info:
[2020.02.03-00.44.14:287][  0]LogAudioMixer: Display: Name: Headphones (2- Xbox Controller)
[2020.02.03-00.44.14:287][  0]LogAudioMixer: Display: Is Default: Yes
[2020.02.03-00.44.14:287][  0]LogAudioMixer: Display: Sample Rate: 48000
[2020.02.03-00.44.14:287][  0]LogAudioMixer: Display: Channel Count Used: 2
[2020.02.03-00.44.14:287][  0]LogAudioMixer: Display: Device Channel Count: 2
[2020.02.03-00.44.14:287][  0]LogAudioMixer: Display: Channel Order:
[2020.02.03-00.44.14:287][  0]LogAudioMixer: Display: 0: FrontLeft
[2020.02.03-00.44.14:287][  0]LogAudioMixer: Display: 1: FrontRight
[2020.02.03-00.44.14:312][  0]LogAudioMixer: Display: Using Audio Device Headphones (2- Xbox Controller)
[2020.02.03-00.44.14:317][  0]LogInit: FAudioDevice initialized.
[2020.02.03-00.44.14:317][  0]LogNetVersion: Set ProjectVersion to 1.0.0.0. Version Checksum will be recalculated on next use.
[2020.02.03-00.44.14:382][  0]LogDerivedDataCache: Saved boot cache 0.06s 78MB C:/Users/Thero/AppData/Local/UnrealEngine/4.24/DerivedDataCache/Boot.ddc.
[2020.02.03-00.44.14:387][  0]LogInit: Texture streaming: Enabled
[2020.02.03-00.44.14:398][  0]LogEngineSessionManager: EngineSessionManager initialized
[2020.02.03-00.44.14:398][  0]LogEditorSessionSummary: Verbose: Initializing EditorSessionSummaryWriter for editor session tracking
[2020.02.03-00.44.14:400][  0]LogEditorSessionSummary: EditorSessionSummaryWriter initialized
[2020.02.03-00.44.14:460][  0]LogInit: Transaction tracking system initialized
[2020.02.03-00.44.14:469][  0]BlueprintLog: New page: Editor Load
[2020.02.03-00.44.14:499][  0]LocalizationService: Localization service is disabled
[2020.02.03-00.44.14:858][  0]LogFileCache: Scanning file cache for directory 'D:/College Stuff/Unreal/FortniteTowerDefense/FortniteTowerDefense/Content/' took 0.00s
[2020.02.03-00.44.14:858][  0]LogCook: Display: Max memory allowance for cook 16384mb min free memory 0mb
[2020.02.03-00.44.14:858][  0]LogCook: Display: Mobile HDR setting 1
[2020.02.03-00.44.15:622][  0]SourceControl: Source control is disabled
[2020.02.03-00.44.15:622][  0]Cmd: MAP LOAD FILE="../../../Engine/Content/Maps/Templates/Template_Default.umap" TEMPLATE=1 SHOWPROGRESS=1 FEATURELEVEL=3
[2020.02.03-00.44.15:623][  0]LightingResults: New page: Lighting Build
[2020.02.03-00.44.15:624][  0]LogWorld: UWorld::CleanupWorld for Untitled, bSessionEnded=true, bCleanupResources=true
[2020.02.03-00.44.15:624][  0]LogSlate: InvalidateAllWidgets triggered.  All widgets were invalidated
[2020.02.03-00.44.15:624][  0]MapCheck: New page: Map Check
[2020.02.03-00.44.15:624][  0]LightingResults: New page: Lighting Build
[2020.02.03-00.44.15:659][  0]LogUObjectHash: Compacting FUObjectHashTables data took   3.96ms
[2020.02.03-00.44.15:775][  0]LogAIModule: Creating AISystem for world Untitled_1
[2020.02.03-00.44.15:781][  0]LogEditorServer: Finished looking for orphan Actors (0.000 secs)
[2020.02.03-00.44.15:816][  0]LogUObjectHash: Compacting FUObjectHashTables data took   2.66ms
[2020.02.03-00.44.15:816][  0]Cmd: MAP CHECKDEP NOCLEARLOG
[2020.02.03-00.44.15:817][  0]MapCheck: Map check complete: 0 Error(s), 0 Warning(s), took 0.172ms to complete.
[2020.02.03-00.44.15:817][  0]LogFileHelpers: Loading map 'Template_Default' took 0.194
[2020.02.03-00.44.15:984][  0]LogSlate: Updating window title bar state: overlay mode, drag disabled, window buttons hidden, title bar hidden
[2020.02.03-00.44.15:995][  0]LogSlate: Updating window title bar state: overlay mode, drag disabled, window buttons hidden, title bar hidden
[2020.02.03-00.44.16:005][  0]LogSlate: Updating window title bar state: overlay mode, drag disabled, window buttons hidden, title bar hidden
[2020.02.03-00.44.16:017][  0]LogSlate: Updating window title bar state: overlay mode, drag disabled, window buttons hidden, title bar hidden
[2020.02.03-00.44.16:022][  0]LogCollectionManager: Loaded 0 collections in 0.001091 seconds
[2020.02.03-00.44.16:039][  0]LogFileCache: Scanning file cache for directory 'D:/College Stuff/Unreal/FortniteTowerDefense/FortniteTowerDefense/Saved/Collections/' took 0.00s
[2020.02.03-00.44.16:039][  0]LogFileCache: Scanning file cache for directory 'D:/College Stuff/Unreal/FortniteTowerDefense/FortniteTowerDefense/Content/Developers/Thero/Collections/' took 0.00s
[2020.02.03-00.44.16:039][  0]LogFileCache: Scanning file cache for directory 'D:/College Stuff/Unreal/FortniteTowerDefense/FortniteTowerDefense/Content/Collections/' took 0.00s
[2020.02.03-00.44.16:039][  0]LogContentBrowser: Native class hierarchy populated in 0.0120 seconds. Added 3019 classes and 719 folders.
[2020.02.03-00.44.16:043][  0]LogContentBrowser: Native class hierarchy updated for 'WidgetCarousel' in 0.0005 seconds. Added 0 classes and 0 folders.
[2020.02.03-00.44.16:103][  0]LogContentBrowser: Native class hierarchy updated for 'AddContentDialog' in 0.0008 seconds. Added 0 classes and 0 folders.
[2020.02.03-00.44.16:114][  0]LogContentBrowser: Native class hierarchy updated for 'SceneOutliner' in 0.0006 seconds. Added 2 classes and 3 folders.
[2020.02.03-00.44.16:186][  0]LogSlate: Took 0.000231 seconds to synchronously load lazily loaded font '../../../Engine/Content/Slate/Fonts/Roboto-Regular.ttf' (155K)
[2020.02.03-00.44.16:193][  0]LogSlate: Took 0.000181 seconds to synchronously load lazily loaded font '../../../Engine/Content/Slate/Fonts/Roboto-Bold.ttf' (160K)
[2020.02.03-00.44.16:201][  0]LogSlate: Took 0.000165 seconds to synchronously load lazily loaded font '../../../Engine/Content/Editor/Slate/Fonts/FontAwesome.ttf' (139K)
[2020.02.03-00.44.16:299][  0]LogRenderer: Reallocating scene render targets to support 744x364 Format 10 NumSamples 1 (Frame:1).
[2020.02.03-00.44.16:357][  0]LogSlate: Took 0.000166 seconds to synchronously load lazily loaded font '../../../Engine/Content/Slate/Fonts/Roboto-Light.ttf' (167K)
[2020.02.03-00.44.16:424][  0]LogContentBrowser: Native class hierarchy updated for 'HierarchicalLODOutliner' in 0.0006 seconds. Added 0 classes and 0 folders.
[2020.02.03-00.44.16:424][  0]LogLoad: (Engine Initialization) Total time: 9.60 seconds
[2020.02.03-00.44.16:424][  0]LogLoad: (Engine Initialization) Total Blueprint compile time: 0.00 seconds
[2020.02.03-00.44.16:483][  0]LogAssetRegistry: Asset discovery search completed in 5.7103 seconds
[2020.02.03-00.44.16:488][  0]LogCollectionManager: Fixed up redirectors for 0 collections in 0.000012 seconds (updated 0 objects)
[2020.02.03-00.44.16:488][  0]LogContentStreaming: Texture pool size now 1000 MB
[2020.02.03-00.44.20:340][223]LogSlate: Took 0.000219 seconds to synchronously load lazily loaded font '../../../Engine/Content/Slate/Fonts/Roboto-Light.ttf' (167K)
[2020.02.03-00.44.20:382][223]LogLinker: Warning: While loading '../../../../../College Stuff/Unreal/FortniteTowerDefense/FortniteTowerDefense/Content/Maps/Level1.umap' failed to load '/Game/Maps/Level1_BuiltData': Can't find file.
[2020.02.03-00.44.20:382][223]LogLinker: Warning: While loading '../../../../../College Stuff/Unreal/FortniteTowerDefense/FortniteTowerDefense/Content/Maps/Level1.umap' failed to load '/Game/Maps/Level1_BuiltData': Can't find file.
[2020.02.03-00.44.20:385][223]LogLinker: Warning: While loading '../../../../../College Stuff/Unreal/FortniteTowerDefense/FortniteTowerDefense/Content/Maps/Level1.umap' failed to load '/Game/Maps/Level1_BuiltData': Can't find file.
[2020.02.03-00.44.20:385][223]LogLinker: Warning: While loading '../../../../../College Stuff/Unreal/FortniteTowerDefense/FortniteTowerDefense/Content/Maps/Level1.umap' failed to load '/Game/Maps/Level1_BuiltData': Can't find file.
[2020.02.03-00.44.20:388][223]LogLinker: Warning: While loading '../../../../../College Stuff/Unreal/FortniteTowerDefense/FortniteTowerDefense/Content/Maps/Level1.umap' failed to load '/Game/Maps/Level1_BuiltData': Can't find file.
[2020.02.03-00.44.20:388][223]LoadErrors: Failed to load /Game/Maps/Level1_BuiltData.Level1_BuiltData Referenced by PersistentLevel
[2020.02.03-00.44.20:388][223]LogLinker: Warning: While loading '../../../../../College Stuff/Unreal/FortniteTowerDefense/FortniteTowerDefense/Content/Maps/Level1.umap' failed to load '/Game/Maps/Level1_BuiltData': Can't find file.
[2020.02.03-00.44.20:404][223]LogAIModule: Creating AISystem for world Level1
[2020.02.03-00.44.20:413][223]LogAssetEditorSubsystem: Opening Asset editor for World /Game/Maps/Level1.Level1
[2020.02.03-00.44.20:443][223]LogUObjectHash: Compacting FUObjectHashTables data took   2.10ms
[2020.02.03-00.44.20:446][223]Cmd: MAP LOAD FILE="../../../../../College Stuff/Unreal/FortniteTowerDefense/FortniteTowerDefense/Content/Maps/Level1.umap" TEMPLATE=0 SHOWPROGRESS=1 FEATURELEVEL=3
[2020.02.03-00.44.20:446][223]LightingResults: New page: Lighting Build
[2020.02.03-00.44.20:447][223]LoadErrors: New page: Loading map: Level1.umap
[2020.02.03-00.44.20:448][223]LogWorld: UWorld::CleanupWorld for Untitled_1, bSessionEnded=true, bCleanupResources=true
[2020.02.03-00.44.20:448][223]LogSlate: InvalidateAllWidgets triggered.  All widgets were invalidated
[2020.02.03-00.44.20:448][223]MapCheck: New page: Map Check
[2020.02.03-00.44.20:448][223]LightingResults: New page: Lighting Build
[2020.02.03-00.44.20:478][223]LogUObjectHash: Compacting FUObjectHashTables data took   2.40ms
[2020.02.03-00.44.20:495][223]LogEditorServer: Finished looking for orphan Actors (0.000 secs)
[2020.02.03-00.44.20:527][223]LogUObjectHash: Compacting FUObjectHashTables data took   2.82ms
[2020.02.03-00.44.20:564][223]Cmd: MAP CHECKDEP NOCLEARLOG
[2020.02.03-00.44.20:565][223]MapCheck: Map check complete: 0 Error(s), 0 Warning(s), took 1.554ms to complete.
[2020.02.03-00.44.20:565][223]LogFileHelpers: Loading map 'Level1' took 0.120
[2020.02.03-00.44.24:419][440]LogSlate: WidgetSwitcher ('None') active index changed to -1
[2020.02.03-00.44.24:419][440]LogSlate: WidgetSwitcher ('None') active index changed to 0
[2020.02.03-00.44.24:480][440]LogSlate: Took 0.000158 seconds to synchronously load lazily loaded font '../../../Engine/Content/Slate/Fonts/Roboto-BoldCondensed.ttf' (158K)
[2020.02.03-00.44.26:578][551]LogSlate: WidgetSwitcher ('None') active index changed to 1
[2020.02.03-00.44.33:933][981]Candidate modules for hot reload:
[2020.02.03-00.44.33:933][981]  FortniteTowerDefense
[2020.02.03-00.44.33:933][981]Launching UnrealBuildTool... [D:/Epic Games/UE_4.24/Engine/Binaries/DotNET/UnrealBuildTool.exe  -ModuleWithSuffix=FortniteTowerDefense,7540 Win64 Development -TargetType=Editor -Project="D:/College Stuff/Unreal/FortniteTowerDefense/FortniteTowerDefense/FortniteTowerDefense.uproject" "D:/College Stuff/Unreal/FortniteTowerDefense/FortniteTowerDefense/FortniteTowerDefense.uproject"  -IgnoreJunk]
[2020.02.03-00.44.48:702][981]CompilerResultsLog: New page: Compilation - Feb 2, 2020, 2:44:48 PM
[2020.02.03-00.44.48:702][981]CompilerResultsLog: Using 'git status' to determine working set for adaptive non-unity build (D:\College Stuff\Unreal\FortniteTowerDefense).
[2020.02.03-00.44.48:702][981]CompilerResultsLog: Invalidating makefile for FortniteTowerDefenseEditor (source file added)
[2020.02.03-00.44.48:702][981]CompilerResultsLog: Parsing headers for FortniteTowerDefenseEditor
[2020.02.03-00.44.48:702][981]CompilerResultsLog:   Running UnrealHeaderTool "D:\College Stuff\Unreal\FortniteTowerDefense\FortniteTowerDefense\FortniteTowerDefense.uproject" "D:\College Stuff\Unreal\FortniteTowerDefense\FortniteTowerDefense\Intermediate\Build\Win64\FortniteTowerDefenseEditor\Development\FortniteTowerDefenseEditor.uhtmanifest" -LogCmds="loginit warning, logexit warning, logdatabase error" -Unattended -WarningsAsErrors -installed
[2020.02.03-00.44.48:702][981]CompilerResultsLog: Reflection code generated for FortniteTowerDefenseEditor in 9.059648 seconds
[2020.02.03-00.44.48:702][981]CompilerResultsLog: Building FortniteTowerDefenseEditor...
[2020.02.03-00.44.48:702][981]CompilerResultsLog: Using Visual Studio 2019 14.24.28316 toolchain (C:\Program Files (x86)\Microsoft Visual Studio\2019\Community\VC\Tools\MSVC\14.24.28314) and Windows 10.0.16299.0 SDK (C:\Program Files (x86)\Windows Kits\10).
[2020.02.03-00.44.48:702][981]CompilerResultsLog: Building 6 actions with 8 processes...
[2020.02.03-00.44.48:702][981]CompilerResultsLog:   [1/6] ShotgunTower.cpp
[2020.02.03-00.44.48:702][981]CompilerResultsLog:   [2/6] FortniteTowerDefense.init.gen.cpp
[2020.02.03-00.44.48:702][981]CompilerResultsLog:   [3/6] ShotgunTower.gen.cpp
[2020.02.03-00.44.48:702][981]CompilerResultsLog:   [4/6] UE4Editor-FortniteTowerDefense-7540.lib
[2020.02.03-00.44.48:702][981]CompilerResultsLog:      Creating library D:\College Stuff\Unreal\FortniteTowerDefense\FortniteTowerDefense\Intermediate\Build\Win64\UE4Editor\Development\FortniteTowerDefense\UE4Editor-FortniteTowerDefense-7540.lib and object D:\College Stuff\Unreal\FortniteTowerDefense\FortniteTowerDefense\Intermediate\Build\Win64\UE4Editor\Development\FortniteTowerDefense\UE4Editor-FortniteTowerDefense-7540.exp
[2020.02.03-00.44.48:702][981]CompilerResultsLog:   [5/6] UE4Editor-FortniteTowerDefense-7540.dll
[2020.02.03-00.44.48:702][981]CompilerResultsLog:      Creating library D:\College Stuff\Unreal\FortniteTowerDefense\FortniteTowerDefense\Intermediate\Build\Win64\UE4Editor\Development\FortniteTowerDefense\UE4Editor-FortniteTowerDefense-7540.suppressed.lib and object D:\College Stuff\Unreal\FortniteTowerDefense\FortniteTowerDefense\Intermediate\Build\Win64\UE4Editor\Development\FortniteTowerDefense\UE4Editor-FortniteTowerDefense-7540.suppressed.exp
[2020.02.03-00.44.48:702][981]CompilerResultsLog:   [6/6] FortniteTowerDefenseEditor.target
[2020.02.03-00.44.48:702][981]CompilerResultsLog: Total time in Parallel executor: 2.12 seconds
[2020.02.03-00.44.48:702][981]CompilerResultsLog: Total execution time: 14.62 seconds
[2020.02.03-00.44.48:702][981]LogMainFrame: MainFrame: Module compiling took 14.780 seconds
[2020.02.03-00.44.48:731][981]LogUObjectHash: Compacting FUObjectHashTables data took   1.26ms
[2020.02.03-00.44.48:762][981]LogClass: Could not find existing class ShotgunTower in package /Script/FortniteTowerDefense for HotReload, assuming new class
[2020.02.03-00.44.48:766][981]LogContentBrowser: Native class hierarchy updated for 'FortniteTowerDefense' in 0.0004 seconds. Added 5 classes and 2 folders.
[2020.02.03-00.44.48:769][981]Display: HotReload successful (2 functions remapped  0 scriptstructs remapped)
[2020.02.03-00.44.48:864][981]LogUObjectHash: Compacting FUObjectHashTables data took   1.41ms
[2020.02.03-00.44.48:883][981]LogContentBrowser: Native class hierarchy populated in 0.0133 seconds. Added 3022 classes and 722 folders.
[2020.02.03-00.44.48:883][981]Display: HotReload took 15.0s.
[2020.02.03-00.44.48:887][981]Warning: HotReload operation took 15.0s.
[2020.02.03-00.44.49:460][981]LogSlate: Window 'Add C++ Class' being destroyed
[2020.02.03-00.44.49:467][981]LogHotReload: New module detected: UE4Editor-FortniteTowerDefense-7540.dll
[2020.02.03-00.44.49:549][982]LogHotReload: Starting Hot-Reload from IDE
[2020.02.03-00.44.49:622][982]LogUObjectHash: Compacting FUObjectHashTables data took   2.04ms
[2020.02.03-00.44.49:628][982]LogContentBrowser: Native class hierarchy updated for 'FortniteTowerDefense' in 0.0005 seconds. Added 5 classes and 2 folders.
[2020.02.03-00.44.49:632][982]Display: HotReload successful (0 functions remapped  0 scriptstructs remapped)
[2020.02.03-00.44.49:660][982]LogUObjectHash: Compacting FUObjectHashTables data took   1.14ms
[2020.02.03-00.44.49:681][982]LogContentBrowser: Native class hierarchy populated in 0.0114 seconds. Added 3022 classes and 722 folders.
[2020.02.03-00.44.49:691][982]Display: HotReload took  0.1s.
[2020.02.03-00.44.57:640][440]LogUObjectHash: Compacting FUObjectHashTables data took   0.92ms
[2020.02.03-00.45.36:638][  4]LogSlate: WidgetSwitcher ('None') active index changed to -1
[2020.02.03-00.45.36:639][  4]LogSlate: WidgetSwitcher ('None') active index changed to 1
[2020.02.03-00.45.48:287][692]LogAssetEditorSubsystem: Opening Asset editor for Blueprint /Game/Blueprints/BP_ShotgunTower.BP_ShotgunTower
[2020.02.03-00.45.48:637][692]LogContentBrowser: Native class hierarchy updated for 'BlueprintGraph' in 0.0009 seconds. Added 121 classes and 0 folders.
[2020.02.03-00.45.50:043][692]LogSlate: Window 'Add Blueprint Class' being destroyed
[2020.02.03-00.45.50:206][692]LogRenderer: Reallocating scene render targets to support 760x456 Format 10 NumSamples 1 (Frame:1).
[2020.02.03-00.45.58:208][717]LogSlate: Window 'BP_ShotgunTower' being destroyed
[2020.02.03-00.45.58:213][717]LogSlate: Window 'BP_ShotgunTower' being destroyed
[2020.02.03-00.45.58:237][717]LogWorld: UWorld::CleanupWorld for World_0, bSessionEnded=true, bCleanupResources=true
[2020.02.03-00.45.58:237][717]LogSlate: InvalidateAllWidgets triggered.  All widgets were invalidated
[2020.02.03-00.46.07:254][172]LogSlate: WidgetSwitcher ('None') active index changed to -1
[2020.02.03-00.46.07:255][172]LogSlate: WidgetSwitcher ('None') active index changed to 1
[2020.02.03-00.46.13:558][538]LogAssetEditorSubsystem: Opening Asset editor for Blueprint /Game/Blueprints/BP_Bullet.BP_Bullet
[2020.02.03-00.46.14:053][538]LogSlate: Window 'Add Blueprint Class' being destroyed
[2020.02.03-00.46.16:653][677]Cmd: OBJ SAVEPACKAGE PACKAGE="/Game/Maps/Level1" FILE="../../../../../College Stuff/Unreal/FortniteTowerDefense/FortniteTowerDefense/Content/Maps/Level1.umap" SILENT=true AUTOSAVING=false KEEPDIRTY=false
[2020.02.03-00.46.16:752][677]LogUObjectHash: Compacting FUObjectHashTables data took   5.07ms
[2020.02.03-00.46.16:879][677]LogSavePackage: Moving '../../../../../College Stuff/Unreal/FortniteTowerDefense/FortniteTowerDefense/Saved/Level125C10D154CC30CE43FBE11AD23946FD8.tmp' to '../../../../../College Stuff/Unreal/FortniteTowerDefense/FortniteTowerDefense/Content/Maps/Level1.umap'
[2020.02.03-00.46.16:987][677]AssetCheck: New page: Asset Save: Level1
[2020.02.03-00.46.16:987][677]LogContentValidation: Display: Validating World /Game/Maps/Level1.Level1
[2020.02.03-00.46.17:535][709]LogSlate: Window 'BP_Bullet' being destroyed
[2020.02.03-00.46.17:541][709]LogWorld: UWorld::CleanupWorld for World_3, bSessionEnded=true, bCleanupResources=true
[2020.02.03-00.46.17:541][709]LogSlate: InvalidateAllWidgets triggered.  All widgets were invalidated
[2020.02.03-00.46.19:475][819]Cmd: OBJ SAVEPACKAGE PACKAGE="/Game/Maps/Level1" FILE="../../../../../College Stuff/Unreal/FortniteTowerDefense/FortniteTowerDefense/Content/Maps/Level1.umap" SILENT=true AUTOSAVING=false KEEPDIRTY=false
[2020.02.03-00.46.19:511][819]LogUObjectHash: Compacting FUObjectHashTables data took   3.41ms
[2020.02.03-00.46.19:549][819]LogSavePackage: Moving '../../../../../College Stuff/Unreal/FortniteTowerDefense/FortniteTowerDefense/Saved/Level124D99432439CAEE5AB1D4C9B2CDEAE0C.tmp' to '../../../../../College Stuff/Unreal/FortniteTowerDefense/FortniteTowerDefense/Content/Maps/Level1.umap'
[2020.02.03-00.46.19:596][819]AssetCheck: New page: Asset Save: Level1
[2020.02.03-00.46.19:596][819]LogContentValidation: Display: Validating World /Game/Maps/Level1.Level1
[2020.02.03-00.53.00:049][781]Candidate modules for hot reload:
[2020.02.03-00.53.00:049][781]  FortniteTowerDefense
[2020.02.03-00.53.00:049][781]Launching UnrealBuildTool... [D:/Epic Games/UE_4.24/Engine/Binaries/DotNET/UnrealBuildTool.exe  -ModuleWithSuffix=FortniteTowerDefense,2450 Win64 Development -TargetType=Editor -Project="D:/College Stuff/Unreal/FortniteTowerDefense/FortniteTowerDefense/FortniteTowerDefense.uproject" "D:/College Stuff/Unreal/FortniteTowerDefense/FortniteTowerDefense/FortniteTowerDefense.uproject"  -IgnoreJunk]
[2020.02.03-00.53.00:059][781]Warning: Starting HotReload took  0.0s.
[2020.02.03-00.53.14:808][651]CompilerResultsLog: New page: Compilation - Feb 2, 2020, 2:53:14 PM
[2020.02.03-00.53.14:808][651]CompilerResultsLog: Using 'git status' to determine working set for adaptive non-unity build (D:\College Stuff\Unreal\FortniteTowerDefense).
[2020.02.03-00.53.14:808][651]CompilerResultsLog: Parsing headers for FortniteTowerDefenseEditor
[2020.02.03-00.53.14:808][651]CompilerResultsLog:   Running UnrealHeaderTool "D:\College Stuff\Unreal\FortniteTowerDefense\FortniteTowerDefense\FortniteTowerDefense.uproject" "D:\College Stuff\Unreal\FortniteTowerDefense\FortniteTowerDefense\Intermediate\Build\Win64\FortniteTowerDefenseEditor\Development\FortniteTowerDefenseEditor.uhtmanifest" -LogCmds="loginit warning, logexit warning, logdatabase error" -Unattended -WarningsAsErrors -installed
[2020.02.03-00.53.14:808][651]CompilerResultsLog: Reflection code generated for FortniteTowerDefenseEditor in 11.6352618 seconds
[2020.02.03-00.53.14:808][651]CompilerResultsLog: Building FortniteTowerDefenseEditor...
[2020.02.03-00.53.14:808][651]CompilerResultsLog: Using Visual Studio 2019 14.24.28316 toolchain (C:\Program Files (x86)\Microsoft Visual Studio\2019\Community\VC\Tools\MSVC\14.24.28314) and Windows 10.0.16299.0 SDK (C:\Program Files (x86)\Windows Kits\10).
[2020.02.03-00.53.14:808][651]CompilerResultsLog: Building 6 actions with 8 processes...
[2020.02.03-00.53.14:808][651]CompilerResultsLog:   [1/6] FortniteTowerDefense.init.gen.cpp
[2020.02.03-00.53.14:809][651]CompilerResultsLog:   [2/6] ShotgunTower.gen.cpp
[2020.02.03-00.53.14:809][651]CompilerResultsLog:   [3/6] ShotgunTower.cpp
[2020.02.03-00.53.14:809][651]CompilerResultsLog:    D:\Epic Games\UE_4.24\Engine\Source\Runtime\Engine\Public\EngineUtils.h(21) : error C2144: syntax error: 'FCanvas' should be preceded by ';'
[2020.02.03-00.53.14:809][651]CompilerResultsLog:    D:\Epic Games\UE_4.24\Engine\Source\Runtime\Engine\Public\EngineUtils.h(21) : error C2761: 'void AShotgunTower::BeginPlay(void)': redeclaration of member is not allowed
[2020.02.03-00.53.14:809][651]CompilerResultsLog:    D:\Epic Games\UE_4.24\Engine\Source\Runtime\Engine\Public\EngineUtils.h(21) : error C2086: 'FCanvas ': redefinition
[2020.02.03-00.53.14:809][651]CompilerResultsLog:   D:\Epic Games\UE_4.24\Engine\Source\Runtime\Engine\Public\CanvasTypes.h(198): note: see declaration of 'FCanvas'
[2020.02.03-00.53.14:809][651]CompilerResultsLog:    D:\College Stuff\Unreal\FortniteTowerDefense\FortniteTowerDefense\Source\FortniteTowerDefense\ShotgunTower.cpp(28) : error C2084: function 'AShotgunTower::AShotgunTower(void)' already has a body
[2020.02.03-00.53.14:809][651]CompilerResultsLog:   D:\College Stuff\Unreal\FortniteTowerDefense\FortniteTowerDefense\Source\FortniteTowerDefense\ShotgunTower.cpp(7): note: see previous definition of '{ctor}'
[2020.02.03-00.53.14:809][651]CompilerResultsLog:    D:\College Stuff\Unreal\FortniteTowerDefense\FortniteTowerDefense\Source\FortniteTowerDefense\ShotgunTower.cpp(102) : error C2447: '{': missing function header (old-style formal list?)
[2020.02.03-00.53.14:809][651]CompilerResultsLog:    D:\College Stuff\Unreal\FortniteTowerDefense\FortniteTowerDefense\Source\FortniteTowerDefense\ShotgunTower.cpp(109) : error C2084: function 'void AShotgunTower::Tick(float)' already has a body
[2020.02.03-00.53.14:809][651]CompilerResultsLog:   D:\College Stuff\Unreal\FortniteTowerDefense\FortniteTowerDefense\Source\FortniteTowerDefense\ShotgunTower.cpp(70): note: see previous definition of 'Tick'
[2020.02.03-00.53.14:809][651]LogMainFrame: MainFrame: Module compiling took 14.769 seconds
[2020.02.03-00.53.14:809][651]Warning: HotReload failed, recompile failed
[2020.02.03-00.54.35:240][661]LogSlate: Window 'Message Log' being destroyed
[2020.02.03-00.54.35:245][661]LogSlate: Window 'Message Log' being destroyed
[2020.02.03-00.54.44:205][917]Candidate modules for hot reload:
[2020.02.03-00.54.44:205][917]  FortniteTowerDefense
[2020.02.03-00.54.44:205][917]Launching UnrealBuildTool... [D:/Epic Games/UE_4.24/Engine/Binaries/DotNET/UnrealBuildTool.exe  -ModuleWithSuffix=FortniteTowerDefense,8787 Win64 Development -TargetType=Editor -Project="D:/College Stuff/Unreal/FortniteTowerDefense/FortniteTowerDefense/FortniteTowerDefense.uproject" "D:/College Stuff/Unreal/FortniteTowerDefense/FortniteTowerDefense/FortniteTowerDefense.uproject"  -IgnoreJunk]
[2020.02.03-00.54.44:215][917]Warning: Starting HotReload took  0.0s.
[2020.02.03-00.54.57:107][  4]CompilerResultsLog: New page: Compilation - Feb 2, 2020, 2:54:57 PM
[2020.02.03-00.54.57:107][  4]CompilerResultsLog: Using 'git status' to determine working set for adaptive non-unity build (D:\College Stuff\Unreal\FortniteTowerDefense).
[2020.02.03-00.54.57:107][  4]CompilerResultsLog: Parsing headers for FortniteTowerDefenseEditor
[2020.02.03-00.54.57:107][  4]CompilerResultsLog:   Running UnrealHeaderTool "D:\College Stuff\Unreal\FortniteTowerDefense\FortniteTowerDefense\FortniteTowerDefense.uproject" "D:\College Stuff\Unreal\FortniteTowerDefense\FortniteTowerDefense\Intermediate\Build\Win64\FortniteTowerDefenseEditor\Development\FortniteTowerDefenseEditor.uhtmanifest" -LogCmds="loginit warning, logexit warning, logdatabase error" -Unattended -WarningsAsErrors -installed
[2020.02.03-00.54.57:107][  4]CompilerResultsLog: Reflection code generated for FortniteTowerDefenseEditor in 8.5937307 seconds
[2020.02.03-00.54.57:107][  4]CompilerResultsLog: Building FortniteTowerDefenseEditor...
[2020.02.03-00.54.57:107][  4]CompilerResultsLog: Using Visual Studio 2019 14.24.28316 toolchain (C:\Program Files (x86)\Microsoft Visual Studio\2019\Community\VC\Tools\MSVC\14.24.28314) and Windows 10.0.16299.0 SDK (C:\Program Files (x86)\Windows Kits\10).
[2020.02.03-00.54.57:107][  4]CompilerResultsLog: Building 5 actions with 8 processes...
[2020.02.03-00.54.57:107][  4]CompilerResultsLog:   [1/5] ShotgunTower.gen.cpp
[2020.02.03-00.54.57:107][  4]CompilerResultsLog:   [2/5] ShotgunTower.cpp
[2020.02.03-00.54.57:107][  4]CompilerResultsLog:   [3/5] UE4Editor-FortniteTowerDefense-8787.lib
[2020.02.03-00.54.57:107][  4]CompilerResultsLog:      Creating library D:\College Stuff\Unreal\FortniteTowerDefense\FortniteTowerDefense\Intermediate\Build\Win64\UE4Editor\Development\FortniteTowerDefense\UE4Editor-FortniteTowerDefense-8787.lib and object D:\College Stuff\Unreal\FortniteTowerDefense\FortniteTowerDefense\Intermediate\Build\Win64\UE4Editor\Development\FortniteTowerDefense\UE4Editor-FortniteTowerDefense-8787.exp
[2020.02.03-00.54.57:107][  4]CompilerResultsLog:   [4/5] UE4Editor-FortniteTowerDefense-8787.dll
[2020.02.03-00.54.57:108][  4]CompilerResultsLog:      Creating library D:\College Stuff\Unreal\FortniteTowerDefense\FortniteTowerDefense\Intermediate\Build\Win64\UE4Editor\Development\FortniteTowerDefense\UE4Editor-FortniteTowerDefense-8787.suppressed.lib and object D:\College Stuff\Unreal\FortniteTowerDefense\FortniteTowerDefense\Intermediate\Build\Win64\UE4Editor\Development\FortniteTowerDefense\UE4Editor-FortniteTowerDefense-8787.suppressed.exp
[2020.02.03-00.54.57:108][  4]CompilerResultsLog:   [5/5] FortniteTowerDefenseEditor.target
[2020.02.03-00.54.57:108][  4]CompilerResultsLog: Total time in Parallel executor: 2.41 seconds
[2020.02.03-00.54.57:108][  4]CompilerResultsLog: Total execution time: 12.74 seconds
[2020.02.03-00.54.57:108][  4]LogMainFrame: MainFrame: Module compiling took 12.913 seconds
[2020.02.03-00.54.57:145][  4]LogUObjectHash: Compacting FUObjectHashTables data took   3.71ms
[2020.02.03-00.54.57:177][  4]LogClass: Could not find existing class ShotgunTower in package /Script/FortniteTowerDefense for HotReload, assuming new class
[2020.02.03-00.54.57:177][  4]LogClass: Function FireBullet is new.
[2020.02.03-00.54.57:177][  4]LogClass: Function OnOverlap is new.
[2020.02.03-00.54.57:190][  4]LogHotReload: Re-instancing ShotgunTower after hot-reload.
[2020.02.03-00.54.57:594][  4]LogContentBrowser: Native class hierarchy updated for 'FortniteTowerDefense' in 0.0004 seconds. Added 5 classes and 2 folders.
[2020.02.03-00.54.57:602][  4]Display: HotReload successful (2 functions remapped  0 scriptstructs remapped)
[2020.02.03-00.54.57:732][  4]LogUObjectHash: Compacting FUObjectHashTables data took   4.67ms
[2020.02.03-00.54.57:753][  4]LogContentBrowser: Native class hierarchy populated in 0.0108 seconds. Added 3022 classes and 722 folders.
[2020.02.03-00.54.57:753][  4]Display: HotReload took 13.6s.
[2020.02.03-00.55.06:325][477]LogUObjectHash: Compacting FUObjectHashTables data took   4.50ms
[2020.02.03-00.55.06:359][477]Cmd: OBJ SAVEPACKAGE PACKAGE="/Game/Blueprints/BP_ShotgunTower" FILE="../../../../../College Stuff/Unreal/FortniteTowerDefense/FortniteTowerDefense/Content/Blueprints/BP_ShotgunTower.uasset" SILENT=true
[2020.02.03-00.55.06:524][477]LogSavePackage: Moving '../../../../../College Stuff/Unreal/FortniteTowerDefense/FortniteTowerDefense/Saved/BP_ShotgunTower51CF7B674F89BD3914C39591D50D2AB5.tmp' to '../../../../../College Stuff/Unreal/FortniteTowerDefense/FortniteTowerDefense/Content/Blueprints/BP_ShotgunTower.uasset'
[2020.02.03-00.55.06:548][477]Cmd: OBJ SAVEPACKAGE PACKAGE="/Game/Blueprints/BP_Bullet" FILE="../../../../../College Stuff/Unreal/FortniteTowerDefense/FortniteTowerDefense/Content/Blueprints/BP_Bullet.uasset" SILENT=true
[2020.02.03-00.55.06:562][477]LogSavePackage: Moving '../../../../../College Stuff/Unreal/FortniteTowerDefense/FortniteTowerDefense/Saved/BP_Bullet7FB1706B4E03A97E83C43FA034614A9D.tmp' to '../../../../../College Stuff/Unreal/FortniteTowerDefense/FortniteTowerDefense/Content/Blueprints/BP_Bullet.uasset'
[2020.02.03-00.55.06:593][477]AssetCheck: New page: Asset Save: multiple assets
[2020.02.03-00.55.06:593][477]LogContentValidation: Display: Validating Blueprint /Game/Blueprints/BP_ShotgunTower.BP_ShotgunTower
[2020.02.03-00.55.06:593][477]LogContentValidation: Display: Validating Blueprint /Game/Blueprints/BP_Bullet.BP_Bullet
[2020.02.03-00.57.18:511][561]Candidate modules for hot reload:
[2020.02.03-00.57.18:511][561]  FortniteTowerDefense
[2020.02.03-00.57.18:512][561]Launching UnrealBuildTool... [D:/Epic Games/UE_4.24/Engine/Binaries/DotNET/UnrealBuildTool.exe  -ModuleWithSuffix=FortniteTowerDefense,2710 Win64 Development -TargetType=Editor -Project="D:/College Stuff/Unreal/FortniteTowerDefense/FortniteTowerDefense/FortniteTowerDefense.uproject" "D:/College Stuff/Unreal/FortniteTowerDefense/FortniteTowerDefense/FortniteTowerDefense.uproject"  -IgnoreJunk]
[2020.02.03-00.57.18:524][561]Warning: Starting HotReload took  0.0s.
[2020.02.03-00.58.09:754][608]CompilerResultsLog: New page: Compilation - Feb 2, 2020, 2:58:09 PM
[2020.02.03-00.58.09:754][608]CompilerResultsLog: Using 'git status' to determine working set for adaptive non-unity build (D:\College Stuff\Unreal\FortniteTowerDefense).
[2020.02.03-00.58.09:754][608]CompilerResultsLog: Parsing headers for FortniteTowerDefenseEditor
[2020.02.03-00.58.09:754][608]CompilerResultsLog:   Running UnrealHeaderTool "D:\College Stuff\Unreal\FortniteTowerDefense\FortniteTowerDefense\FortniteTowerDefense.uproject" "D:\College Stuff\Unreal\FortniteTowerDefense\FortniteTowerDefense\Intermediate\Build\Win64\FortniteTowerDefenseEditor\Development\FortniteTowerDefenseEditor.uhtmanifest" -LogCmds="loginit warning, logexit warning, logdatabase error" -Unattended -WarningsAsErrors -installed
[2020.02.03-00.58.09:754][608]CompilerResultsLog: Reflection code generated for FortniteTowerDefenseEditor in 11.6595462 seconds
[2020.02.03-00.58.09:754][608]CompilerResultsLog: Building FortniteTowerDefenseEditor...
[2020.02.03-00.58.09:754][608]CompilerResultsLog: Using Visual Studio 2019 14.24.28316 toolchain (C:\Program Files (x86)\Microsoft Visual Studio\2019\Community\VC\Tools\MSVC\14.24.28314) and Windows 10.0.16299.0 SDK (C:\Program Files (x86)\Windows Kits\10).
[2020.02.03-00.58.09:754][608]CompilerResultsLog: Building 7 actions with 8 processes...
[2020.02.03-00.58.09:754][608]CompilerResultsLog:   [1/7] FortniteTowerDefense.init.gen.cpp
[2020.02.03-00.58.09:754][608]CompilerResultsLog:   [2/7] Bullet.gen.cpp
[2020.02.03-00.58.09:754][608]CompilerResultsLog:   [3/7] ShotgunTower.cpp
[2020.02.03-00.58.09:754][608]CompilerResultsLog:   [4/7] Bullet.cpp
[2020.02.03-00.58.09:754][608]CompilerResultsLog:   [5/7] UE4Editor-FortniteTowerDefense-2710.lib
[2020.02.03-00.58.09:754][608]CompilerResultsLog:      Creating library D:\College Stuff\Unreal\FortniteTowerDefense\FortniteTowerDefense\Intermediate\Build\Win64\UE4Editor\Development\FortniteTowerDefense\UE4Editor-FortniteTowerDefense-2710.lib and object D:\College Stuff\Unreal\FortniteTowerDefense\FortniteTowerDefense\Intermediate\Build\Win64\UE4Editor\Development\FortniteTowerDefense\UE4Editor-FortniteTowerDefense-2710.exp
[2020.02.03-00.58.09:754][608]CompilerResultsLog:   [6/7] UE4Editor-FortniteTowerDefense-2710.dll
[2020.02.03-00.58.09:754][608]CompilerResultsLog:      Creating library D:\College Stuff\Unreal\FortniteTowerDefense\FortniteTowerDefense\Intermediate\Build\Win64\UE4Editor\Development\FortniteTowerDefense\UE4Editor-FortniteTowerDefense-2710.suppressed.lib and object D:\College Stuff\Unreal\FortniteTowerDefense\FortniteTowerDefense\Intermediate\Build\Win64\UE4Editor\Development\FortniteTowerDefense\UE4Editor-FortniteTowerDefense-2710.suppressed.exp
[2020.02.03-00.58.09:754][608]CompilerResultsLog:   [7/7] FortniteTowerDefenseEditor.target
[2020.02.03-00.58.09:754][608]CompilerResultsLog: Total time in Parallel executor: 37.17 seconds
[2020.02.03-00.58.09:754][608]CompilerResultsLog: Total execution time: 50.88 seconds
[2020.02.03-00.58.09:755][608]LogMainFrame: MainFrame: Module compiling took 51.252 seconds
[2020.02.03-00.58.09:822][608]LogUObjectHash: Compacting FUObjectHashTables data took   3.65ms
[2020.02.03-00.58.09:841][608]LogClass: Could not find existing class Bullet in package /Script/FortniteTowerDefense for HotReload, assuming new class
[2020.02.03-00.58.09:841][608]LogClass: Function OnOverlap is new.
[2020.02.03-00.58.09:857][608]LogHotReload: Re-instancing Bullet after hot-reload.
[2020.02.03-00.58.10:062][608]LogContentBrowser: Native class hierarchy updated for 'FortniteTowerDefense' in 0.0004 seconds. Added 5 classes and 2 folders.
[2020.02.03-00.58.10:066][608]Display: HotReload successful (4 functions remapped  0 scriptstructs remapped)
[2020.02.03-00.58.10:176][608]LogUObjectHash: Compacting FUObjectHashTables data took   3.42ms
[2020.02.03-00.58.10:198][608]LogContentBrowser: Native class hierarchy populated in 0.0102 seconds. Added 3022 classes and 722 folders.
[2020.02.03-00.58.10:198][608]Display: HotReload took 51.7s.
[2020.02.03-00.58.17:116][815]LogUObjectHash: Compacting FUObjectHashTables data took   6.25ms
