Log file open, 02/01/20 15:33:36
LogWindows: Failed to load 'aqProf.dll' (GetLastError=126)
LogWindows: File 'aqProf.dll' does not exist
LogWindows: Failed to load 'VtuneApi.dll' (GetLastError=126)
LogWindows: File 'VtuneApi.dll' does not exist
LogWindows: Failed to load 'VtuneApi32e.dll' (GetLastError=126)
LogWindows: File 'VtuneApi32e.dll' does not exist
LogConsoleResponse: Display: Failed to find resolution value strings in scalability ini. Falling back to default.
LogInit: Display: Running engine for game: FortniteTowerDefense
LogPlatformFile: Not using cached read wrapper
LogTaskGraph: Started task graph with 5 named threads and 23 total threads with 3 sets of task threads.
LogStats: Stats thread started at 0.093148
LogD3D11RHI: Loaded GFSDK_Aftermath_Lib.x64.dll
LogICUInternationalization: ICU TimeZone Detection - Raw Offset: -5:00, Platform Override: ''
LogPluginManager: Mounting plugin Paper2D
LogPluginManager: Mounting plugin AISupport
LogPluginManager: Mounting plugin LightPropagationVolume
LogPluginManager: Mounting plugin ActorLayerUtilities
LogPluginManager: Mounting plugin AnimationSharing
LogPluginManager: Mounting plugin CLionSourceCodeAccess
LogPluginManager: Mounting plugin CodeLiteSourceCodeAccess
LogPluginManager: Mounting plugin GitSourceControl
LogPluginManager: Mounting plugin KDevelopSourceCodeAccess
LogPluginManager: Mounting plugin NullSourceCodeAccess
LogPluginManager: Mounting plugin PerforceSourceControl
LogPluginManager: Mounting plugin PlasticSourceControl
LogPluginManager: Mounting plugin SubversionSourceControl
LogPluginManager: Mounting plugin UObjectPlugin
LogPluginManager: Mounting plugin VisualStudioCodeSourceCodeAccess
LogPluginManager: Mounting plugin VisualStudioSourceCodeAccess
LogPluginManager: Mounting plugin XCodeSourceCodeAccess
LogPluginManager: Mounting plugin AssetManagerEditor
LogPluginManager: Mounting plugin CryptoKeys
LogPluginManager: Mounting plugin CurveEditorTools
LogPluginManager: Mounting plugin DataValidation
LogPluginManager: Mounting plugin FacialAnimation
LogPluginManager: Mounting plugin GameplayTagsEditor
LogPluginManager: Mounting plugin MacGraphicsSwitching
LogPluginManager: Mounting plugin MaterialAnalyzer
LogPluginManager: Mounting plugin MobileLauncherProfileWizard
LogPluginManager: Mounting plugin PluginBrowser
LogPluginManager: Mounting plugin SpeedTreeImporter
LogPluginManager: Mounting plugin DatasmithContent
LogPluginManager: Mounting plugin VariantManagerContent
LogPluginManager: Mounting plugin AlembicImporter
LogPluginManager: Mounting plugin AutomationUtils
LogPluginManager: Mounting plugin BackChannel
LogPluginManager: Mounting plugin CharacterAI
LogPluginManager: Mounting plugin GeometryCache
LogPluginManager: Mounting plugin PlatformCrypto
LogPluginManager: Mounting plugin ProxyLODPlugin
LogPluginManager: Mounting plugin SkeletalReduction
LogPluginManager: Mounting plugin MagicLeap
LogPluginManager: Mounting plugin MagicLeapMedia
LogPluginManager: Mounting plugin MLSDK
LogPluginManager: Mounting plugin AndroidMedia
LogPluginManager: Mounting plugin AvfMedia
LogPluginManager: Mounting plugin ImgMedia
LogPluginManager: Mounting plugin MediaCompositing
LogPluginManager: Mounting plugin MediaPlayerEditor
LogPluginManager: Mounting plugin WebMMedia
LogPluginManager: Mounting plugin WmfMedia
LogPluginManager: Mounting plugin TcpMessaging
LogPluginManager: Mounting plugin UdpMessaging
LogPluginManager: Mounting plugin ActorSequence
LogPluginManager: Mounting plugin LevelSequenceEditor
LogPluginManager: Mounting plugin MatineeToLevelSequence
LogPluginManager: Mounting plugin NetcodeUnitTest
LogPluginManager: Mounting plugin NUTUnrealEngine4
LogPluginManager: Mounting plugin OnlineSubsystemGooglePlay
LogPluginManager: Mounting plugin OnlineSubsystemIOS
LogPluginManager: Mounting plugin OnlineSubsystem
LogPluginManager: Mounting plugin OnlineSubsystemNull
LogPluginManager: Mounting plugin OnlineSubsystemUtils
LogPluginManager: Mounting plugin LauncherChunkInstaller
LogPluginManager: Mounting plugin AndroidDeviceProfileSelector
LogPluginManager: Mounting plugin AndroidMoviePlayer
LogPluginManager: Mounting plugin AndroidPermission
LogPluginManager: Mounting plugin AppleImageUtils
LogPluginManager: Mounting plugin AppleMoviePlayer
LogPluginManager: Mounting plugin ArchVisCharacter
LogPluginManager: Mounting plugin AssetTags
LogPluginManager: Mounting plugin AudioCapture
LogPluginManager: Mounting plugin CableComponent
LogPluginManager: Mounting plugin CustomMeshComponent
LogPluginManager: Mounting plugin EditableMesh
LogPluginManager: Mounting plugin ExampleDeviceProfileSelector
LogPluginManager: Mounting plugin GoogleCloudMessaging
LogPluginManager: Mounting plugin IOSDeviceProfileSelector
LogPluginManager: Mounting plugin LinuxDeviceProfileSelector
LogPluginManager: Mounting plugin LocationServicesBPLibrary
LogPluginManager: Mounting plugin MobilePatchingUtils
LogPluginManager: Mounting plugin OculusVR
LogPluginManager: Mounting plugin PhysXVehicles
LogPluginManager: Mounting plugin PostSplashScreen
LogPluginManager: Mounting plugin ProceduralMeshComponent
LogPluginManager: Mounting plugin RuntimePhysXCooking
LogPluginManager: Mounting plugin SignificanceManager
LogPluginManager: Mounting plugin SteamVR
LogPluginManager: Mounting plugin WebMMoviePlayer
LogPluginManager: Mounting plugin WindowsMoviePlayer
LogPluginManager: Mounting plugin ScreenshotTools
LogInit: Using libcurl 7.55.1-DEV
LogInit:  - built for x86_64-pc-win32
LogInit:  - supports SSL with OpenSSL/1.1.1
LogInit:  - supports HTTP deflate (compression) using libz 1.2.8
LogInit:  - other features:
LogInit:      CURL_VERSION_SSL
LogInit:      CURL_VERSION_LIBZ
LogInit:      CURL_VERSION_IPV6
LogInit:      CURL_VERSION_ASYNCHDNS
LogInit:      CURL_VERSION_LARGEFILE
LogInit:      CURL_VERSION_IDN
LogInit:  CurlRequestOptions (configurable via config and command line):
LogInit:  - bVerifyPeer = true  - Libcurl will verify peer certificate
LogInit:  - bUseHttpProxy = false  - Libcurl will NOT use HTTP proxy
LogInit:  - bDontReuseConnections = false  - Libcurl will reuse connections
LogInit:  - MaxHostConnections = 16  - Libcurl will limit the number of connections to a host
LogInit:  - LocalHostAddr = Default
LogInit:  - BufferSize = 65536
LogOnline: OSS: Creating online subsystem instance for: NULL
LogInit: WinSock: version 1.1 (2.2), MaxSocks=32767, MaxUdp=65467
LogOnline: OSS: TryLoadSubsystemAndSetDefault: Loaded subsystem for module [NULL]
LogInit: Build: ++UE4+Release-4.24-CL-11100242
LogInit: Engine Version: 4.24.2-11100242+++UE4+Release-4.24
LogInit: Compatible Engine Version: 4.24.0-10570792+++UE4+Release-4.24
LogInit: Net CL: 10570792
LogInit: OS: Windows 10 (Release 1903) (), CPU: Intel(R) Core(TM) i7-6700HQ CPU @ 2.60GHz, GPU: Intel(R) HD Graphics 530
LogInit: Compiled (64-bit): Jan 24 2020 02:05:53
LogInit: Compiled with Visual C++: 19.16.27032.01
LogInit: Build Configuration: Development
LogInit: Branch Name: ++UE4+Release-4.24
LogInit: Command Line:  -EpicPortal -epicusername=Therobodavo -epicuserid=290f3d66e74c46de8d4d22961a688ef2 -epiclocale=en-US
LogInit: Base Directory: D:/Epic Games/UE_4.24/Engine/Binaries/Win64/
LogInit: Installed Engine Build: 1
LogDevObjectVersion: Number of dev versions registered: 25
LogDevObjectVersion:   Dev-Blueprints (B0D832E4-1F89-4F0D-ACCF-7EB736FD4AA2): 10
LogDevObjectVersion:   Dev-Build (E1C64328-A22C-4D53-A36C-8E866417BD8C): 0
LogDevObjectVersion:   Dev-Core (375EC13C-06E4-48FB-B500-84F0262A717E): 3
LogDevObjectVersion:   Dev-Editor (E4B068ED-F494-42E9-A231-DA0B2E46BB41): 37
LogDevObjectVersion:   Dev-Framework (CFFC743F-43B0-4480-9391-14DF171D2073): 36
LogDevObjectVersion:   Dev-Mobile (B02B49B5-BB20-44E9-A304-32B752E40360): 2
LogDevObjectVersion:   Dev-Networking (A4E4105C-59A1-49B5-A7C5-40C4547EDFEE): 0
LogDevObjectVersion:   Dev-Online (39C831C9-5AE6-47DC-9A44-9C173E1C8E7C): 0
LogDevObjectVersion:   Dev-Physics (78F01B33-EBEA-4F98-B9B4-84EACCB95AA2): 2
LogDevObjectVersion:   Dev-Platform (6631380F-2D4D-43E0-8009-CF276956A95A): 0
LogDevObjectVersion:   Dev-Rendering (12F88B9F-8875-4AFC-A67C-D90C383ABD29): 36
LogDevObjectVersion:   Dev-Sequencer (7B5AE74C-D270-4C10-A958-57980B212A5A): 11
LogDevObjectVersion:   Dev-VR (D7296918-1DD6-4BDD-9DE2-64A83CC13884): 2
LogDevObjectVersion:   Dev-LoadTimes (C2A15278-BFE7-4AFE-6C17-90FF531DF755): 1
LogDevObjectVersion:   Private-Geometry (6EACA3D4-40EC-4CC1-B786-8BED09428FC5): 3
LogDevObjectVersion:   Dev-AnimPhys (29E575DD-E0A3-4627-9D10-D276232CDCEA): 17
LogDevObjectVersion:   Dev-Anim (AF43A65D-7FD3-4947-9873-3E8ED9C1BB05): 2
LogDevObjectVersion:   Dev-ReflectionCapture (6B266CEC-1EC7-4B8F-A30B-E4D90942FC07): 1
LogDevObjectVersion:   Dev-Automation (0DF73D61-A23F-47EA-B727-89E90C41499A): 1
LogDevObjectVersion:   FortniteMain (601D1886-AC64-4F84-AA16-D3DE0DEAC7D6): 31
LogDevObjectVersion:   Dev-Enterprise (9DFFBCD6-494F-0158-E221-12823C92A888): 8
LogDevObjectVersion:   Dev-Niagara (F2AED0AC-9AFE-416F-8664-AA7FFA26D6FC): 1
LogDevObjectVersion:   Dev-Destruction (174F1F0B-B4C6-45A5-B13F-2EE8D0FB917D): 9
LogDevObjectVersion:   Dev-Physics-Ext (35F94A83-E258-406C-A318-09F59610247C): 8
LogDevObjectVersion:   Dev-CineCamera (B2E18506-4273-CFC2-A54E-F4BB758BBA07): 1
LogInit: Presizing for max 25165824 objects, including 0 objects not considered by GC, pre-allocating 0 bytes for permanent pool.
LogInit: Object subsystem initialized
LogConfig: Setting CVar [[con.DebugEarlyDefault:1]]
LogConfig: Setting CVar [[r.setres:1280x720]]
[2020.02.01-20.33.36:933][  0]LogConfig: Setting CVar [[r.VSync:0]]
[2020.02.01-20.33.36:933][  0]LogConfig: Setting CVar [[r.RHICmdBypass:0]]
[2020.02.01-20.33.36:933][  0]LogConfig: Applying CVar settings from Section [/Script/Engine.RendererSettings] File [D:/College Stuff/Unreal/FortniteTowerDefense/FortniteTowerDefense/Saved/Config/Windows/Engine.ini]
[2020.02.01-20.33.36:933][  0]LogConfig: Setting CVar [[r.GPUCrashDebugging:0]]
[2020.02.01-20.33.36:933][  0]LogConfig: Applying CVar settings from Section [/Script/Engine.RendererOverrideSettings] File [D:/College Stuff/Unreal/FortniteTowerDefense/FortniteTowerDefense/Saved/Config/Windows/Engine.ini]
[2020.02.01-20.33.36:933][  0]LogConfig: Applying CVar settings from Section [/Script/Engine.StreamingSettings] File [D:/College Stuff/Unreal/FortniteTowerDefense/FortniteTowerDefense/Saved/Config/Windows/Engine.ini]
[2020.02.01-20.33.36:934][  0]LogConfig: Setting CVar [[s.MinBulkDataSizeForAsyncLoading:131072]]
[2020.02.01-20.33.36:934][  0]LogConfig: Setting CVar [[s.AsyncLoadingThreadEnabled:0]]
[2020.02.01-20.33.36:934][  0]LogConfig: Setting CVar [[s.EventDrivenLoaderEnabled:1]]
[2020.02.01-20.33.36:934][  0]LogConfig: Setting CVar [[s.WarnIfTimeLimitExceeded:0]]
[2020.02.01-20.33.36:934][  0]LogConfig: Setting CVar [[s.TimeLimitExceededMultiplier:1.5]]
[2020.02.01-20.33.36:934][  0]LogConfig: Setting CVar [[s.TimeLimitExceededMinTime:0.005]]
[2020.02.01-20.33.36:934][  0]LogConfig: Setting CVar [[s.UseBackgroundLevelStreaming:1]]
[2020.02.01-20.33.36:934][  0]LogConfig: Setting CVar [[s.PriorityAsyncLoadingExtraTime:15.0]]
[2020.02.01-20.33.36:934][  0]LogConfig: Setting CVar [[s.LevelStreamingActorsUpdateTimeLimit:5.0]]
[2020.02.01-20.33.36:934][  0]LogConfig: Setting CVar [[s.PriorityLevelStreamingActorsUpdateExtraTime:5.0]]
[2020.02.01-20.33.36:934][  0]LogConfig: Setting CVar [[s.LevelStreamingComponentsRegistrationGranularity:10]]
[2020.02.01-20.33.36:934][  0]LogConfig: Setting CVar [[s.UnregisterComponentsTimeLimit:1.0]]
[2020.02.01-20.33.36:934][  0]LogConfig: Setting CVar [[s.LevelStreamingComponentsUnregistrationGranularity:5]]
[2020.02.01-20.33.36:934][  0]LogConfig: Setting CVar [[s.FlushStreamingOnExit:1]]
[2020.02.01-20.33.36:934][  0]LogConfig: Applying CVar settings from Section [/Script/Engine.GarbageCollectionSettings] File [D:/College Stuff/Unreal/FortniteTowerDefense/FortniteTowerDefense/Saved/Config/Windows/Engine.ini]
[2020.02.01-20.33.36:934][  0]LogConfig: Setting CVar [[gc.MaxObjectsNotConsideredByGC:1]]
[2020.02.01-20.33.36:934][  0]LogConfig: Setting CVar [[gc.SizeOfPermanentObjectPool:0]]
[2020.02.01-20.33.36:934][  0]LogConfig: Setting CVar [[gc.FlushStreamingOnGC:0]]
[2020.02.01-20.33.36:934][  0]LogConfig: Setting CVar [[gc.NumRetriesBeforeForcingGC:10]]
[2020.02.01-20.33.36:934][  0]LogConfig: Setting CVar [[gc.AllowParallelGC:1]]
[2020.02.01-20.33.36:934][  0]LogConfig: Setting CVar [[gc.TimeBetweenPurgingPendingKillObjects:61.1]]
[2020.02.01-20.33.36:934][  0]LogConfig: Setting CVar [[gc.MaxObjectsInEditor:25165824]]
[2020.02.01-20.33.36:934][  0]LogConfig: Setting CVar [[gc.IncrementalBeginDestroyEnabled:1]]
[2020.02.01-20.33.36:934][  0]LogConfig: Setting CVar [[gc.CreateGCClusters:1]]
[2020.02.01-20.33.36:934][  0]LogConfig: Setting CVar [[gc.MinGCClusterSize:5]]
[2020.02.01-20.33.36:934][  0]LogConfig: Setting CVar [[gc.ActorClusteringEnabled:0]]
[2020.02.01-20.33.36:934][  0]LogConfig: Setting CVar [[gc.BlueprintClusteringEnabled:0]]
[2020.02.01-20.33.36:934][  0]LogConfig: Setting CVar [[gc.UseDisregardForGCOnDedicatedServers:0]]
[2020.02.01-20.33.36:934][  0]LogConfig: Applying CVar settings from Section [/Script/Engine.NetworkSettings] File [D:/College Stuff/Unreal/FortniteTowerDefense/FortniteTowerDefense/Saved/Config/Windows/Engine.ini]
[2020.02.01-20.33.36:934][  0]LogConfig: Applying CVar settings from Section [/Script/UnrealEd.CookerSettings] File [D:/College Stuff/Unreal/FortniteTowerDefense/FortniteTowerDefense/Saved/Config/Windows/Engine.ini]
[2020.02.01-20.33.36:937][  0]LogConfig: Applying CVar settings from Section [ViewDistanceQuality@3] File [D:/College Stuff/Unreal/FortniteTowerDefense/FortniteTowerDefense/Saved/Config/Windows/Scalability.ini]
[2020.02.01-20.33.36:937][  0]LogConfig: Setting CVar [[r.SkeletalMeshLODBias:0]]
[2020.02.01-20.33.36:937][  0]LogConfig: Setting CVar [[r.ViewDistanceScale:1.0]]
[2020.02.01-20.33.36:937][  0]LogConfig: Applying CVar settings from Section [AntiAliasingQuality@3] File [D:/College Stuff/Unreal/FortniteTowerDefense/FortniteTowerDefense/Saved/Config/Windows/Scalability.ini]
[2020.02.01-20.33.36:937][  0]LogConfig: Setting CVar [[r.PostProcessAAQuality:4]]
[2020.02.01-20.33.36:937][  0]LogConfig: Applying CVar settings from Section [ShadowQuality@3] File [D:/College Stuff/Unreal/FortniteTowerDefense/FortniteTowerDefense/Saved/Config/Windows/Scalability.ini]
[2020.02.01-20.33.36:937][  0]LogConfig: Setting CVar [[r.LightFunctionQuality:1]]
[2020.02.01-20.33.36:937][  0]LogConfig: Setting CVar [[r.ShadowQuality:5]]
[2020.02.01-20.33.36:937][  0]LogConfig: Setting CVar [[r.Shadow.CSM.MaxCascades:10]]
[2020.02.01-20.33.36:937][  0]LogConfig: Setting CVar [[r.Shadow.MaxResolution:2048]]
[2020.02.01-20.33.36:937][  0]LogConfig: Setting CVar [[r.Shadow.MaxCSMResolution:2048]]
[2020.02.01-20.33.36:937][  0]LogConfig: Setting CVar [[r.Shadow.RadiusThreshold:0.01]]
[2020.02.01-20.33.36:937][  0]LogConfig: Setting CVar [[r.Shadow.DistanceScale:1.0]]
[2020.02.01-20.33.36:937][  0]LogConfig: Setting CVar [[r.Shadow.CSM.TransitionScale:1.0]]
[2020.02.01-20.33.36:937][  0]LogConfig: Setting CVar [[r.Shadow.PreShadowResolutionFactor:1.0]]
[2020.02.01-20.33.36:937][  0]LogConfig: Setting CVar [[r.DistanceFieldShadowing:1]]
[2020.02.01-20.33.36:937][  0]LogConfig: Setting CVar [[r.DistanceFieldAO:1]]
[2020.02.01-20.33.36:937][  0]LogConfig: Setting CVar [[r.AOQuality:2]]
[2020.02.01-20.33.36:937][  0]LogConfig: Setting CVar [[r.VolumetricFog:1]]
[2020.02.01-20.33.36:937][  0]LogConfig: Setting CVar [[r.VolumetricFog.GridPixelSize:8]]
[2020.02.01-20.33.36:937][  0]LogConfig: Setting CVar [[r.VolumetricFog.GridSizeZ:128]]
[2020.02.01-20.33.36:937][  0]LogConfig: Setting CVar [[r.VolumetricFog.HistoryMissSupersampleCount:4]]
[2020.02.01-20.33.36:937][  0]LogConfig: Setting CVar [[r.LightMaxDrawDistanceScale:1]]
[2020.02.01-20.33.36:937][  0]LogConfig: Setting CVar [[r.CapsuleShadows:1]]
[2020.02.01-20.33.36:937][  0]LogConfig: Applying CVar settings from Section [PostProcessQuality@3] File [D:/College Stuff/Unreal/FortniteTowerDefense/FortniteTowerDefense/Saved/Config/Windows/Scalability.ini]
[2020.02.01-20.33.36:937][  0]LogConfig: Setting CVar [[r.MotionBlurQuality:4]]
[2020.02.01-20.33.36:937][  0]LogConfig: Setting CVar [[r.AmbientOcclusionMipLevelFactor:0.4]]
[2020.02.01-20.33.36:937][  0]LogConfig: Setting CVar [[r.AmbientOcclusionMaxQuality:100]]
[2020.02.01-20.33.36:937][  0]LogConfig: Setting CVar [[r.AmbientOcclusionLevels:-1]]
[2020.02.01-20.33.36:937][  0]LogConfig: Setting CVar [[r.AmbientOcclusionRadiusScale:1.0]]
[2020.02.01-20.33.36:937][  0]LogConfig: Setting CVar [[r.DepthOfFieldQuality:2]]
[2020.02.01-20.33.36:937][  0]LogConfig: Setting CVar [[r.RenderTargetPoolMin:400]]
[2020.02.01-20.33.36:937][  0]LogConfig: Setting CVar [[r.LensFlareQuality:2]]
[2020.02.01-20.33.36:937][  0]LogConfig: Setting CVar [[r.SceneColorFringeQuality:1]]
[2020.02.01-20.33.36:937][  0]LogConfig: Setting CVar [[r.EyeAdaptationQuality:2]]
[2020.02.01-20.33.36:937][  0]LogConfig: Setting CVar [[r.BloomQuality:5]]
[2020.02.01-20.33.36:937][  0]LogConfig: Setting CVar [[r.FastBlurThreshold:100]]
[2020.02.01-20.33.36:937][  0]LogConfig: Setting CVar [[r.Upscale.Quality:3]]
[2020.02.01-20.33.36:937][  0]LogConfig: Setting CVar [[r.Tonemapper.GrainQuantization:1]]
[2020.02.01-20.33.36:937][  0]LogConfig: Setting CVar [[r.LightShaftQuality:1]]
[2020.02.01-20.33.36:937][  0]LogConfig: Setting CVar [[r.Filter.SizeScale:1]]
[2020.02.01-20.33.36:937][  0]LogConfig: Setting CVar [[r.Tonemapper.Quality:5]]
[2020.02.01-20.33.36:937][  0]LogConfig: Setting CVar [[r.DOF.Gather.AccumulatorQuality:1        ; higher gathering accumulator quality]]
[2020.02.01-20.33.36:937][  0]LogConfig: Setting CVar [[r.DOF.Gather.PostfilterMethod:1          ; Median3x3 postfilering method]]
[2020.02.01-20.33.36:937][  0]LogConfig: Setting CVar [[r.DOF.Gather.EnableBokehSettings:0       ; no bokeh simulation when gathering]]
[2020.02.01-20.33.36:937][  0]LogConfig: Setting CVar [[r.DOF.Gather.RingCount:4                 ; medium number of samples when gathering]]
[2020.02.01-20.33.36:937][  0]LogConfig: Setting CVar [[r.DOF.Scatter.ForegroundCompositing:1    ; additive foreground scattering]]
[2020.02.01-20.33.36:937][  0]LogConfig: Setting CVar [[r.DOF.Scatter.BackgroundCompositing:2    ; additive background scattering]]
[2020.02.01-20.33.36:937][  0]LogConfig: Setting CVar [[r.DOF.Scatter.EnableBokehSettings:1      ; bokeh simulation when scattering]]
[2020.02.01-20.33.36:937][  0]LogConfig: Setting CVar [[r.DOF.Scatter.MaxSpriteRatio:0.1         ; only a maximum of 10% of scattered bokeh]]
[2020.02.01-20.33.36:937][  0]LogConfig: Setting CVar [[r.DOF.Recombine.Quality:1                ; cheap slight out of focus]]
[2020.02.01-20.33.36:937][  0]LogConfig: Setting CVar [[r.DOF.Recombine.EnableBokehSettings:0    ; no bokeh simulation on slight out of focus]]
[2020.02.01-20.33.36:937][  0]LogConfig: Setting CVar [[r.DOF.TemporalAAQuality:1                ; more stable temporal accumulation]]
[2020.02.01-20.33.36:937][  0]LogConfig: Setting CVar [[r.DOF.Kernel.MaxForegroundRadius:0.025]]
[2020.02.01-20.33.36:937][  0]LogConfig: Setting CVar [[r.DOF.Kernel.MaxBackgroundRadius:0.025]]
[2020.02.01-20.33.36:937][  0]LogConfig: Applying CVar settings from Section [TextureQuality@3] File [D:/College Stuff/Unreal/FortniteTowerDefense/FortniteTowerDefense/Saved/Config/Windows/Scalability.ini]
[2020.02.01-20.33.36:937][  0]LogConfig: Setting CVar [[r.Streaming.MipBias:0]]
[2020.02.01-20.33.36:937][  0]LogConfig: Setting CVar [[r.Streaming.AmortizeCPUToGPUCopy:0]]
[2020.02.01-20.33.36:937][  0]LogConfig: Setting CVar [[r.Streaming.MaxNumTexturesToStreamPerFrame:0]]
[2020.02.01-20.33.36:938][  0]LogConfig: Setting CVar [[r.Streaming.Boost:1]]
[2020.02.01-20.33.36:938][  0]LogConfig: Setting CVar [[r.MaxAnisotropy:8]]
[2020.02.01-20.33.36:938][  0]LogConfig: Setting CVar [[r.VT.MaxAnisotropy:8]]
[2020.02.01-20.33.36:938][  0]LogConfig: Setting CVar [[r.Streaming.LimitPoolSizeToVRAM:0]]
[2020.02.01-20.33.36:938][  0]LogConfig: Setting CVar [[r.Streaming.PoolSize:1000]]
[2020.02.01-20.33.36:938][  0]LogConfig: Setting CVar [[r.Streaming.MaxEffectiveScreenSize:0]]
[2020.02.01-20.33.36:938][  0]LogConfig: Applying CVar settings from Section [EffectsQuality@3] File [D:/College Stuff/Unreal/FortniteTowerDefense/FortniteTowerDefense/Saved/Config/Windows/Scalability.ini]
[2020.02.01-20.33.36:938][  0]LogConfig: Setting CVar [[r.TranslucencyLightingVolumeDim:64]]
[2020.02.01-20.33.36:938][  0]LogConfig: Setting CVar [[r.RefractionQuality:2]]
[2020.02.01-20.33.36:938][  0]LogConfig: Setting CVar [[r.SSR.Quality:3]]
[2020.02.01-20.33.36:938][  0]LogConfig: Setting CVar [[r.SSR.HalfResSceneColor:0]]
[2020.02.01-20.33.36:938][  0]LogConfig: Setting CVar [[r.SceneColorFormat:4]]
[2020.02.01-20.33.36:938][  0]LogConfig: Setting CVar [[r.DetailMode:2]]
[2020.02.01-20.33.36:938][  0]LogConfig: Setting CVar [[r.TranslucencyVolumeBlur:1]]
[2020.02.01-20.33.36:938][  0]LogConfig: Setting CVar [[r.MaterialQualityLevel:1 ; High quality]]
[2020.02.01-20.33.36:938][  0]LogConfig: Setting CVar [[r.SSS.Scale:1]]
[2020.02.01-20.33.36:938][  0]LogConfig: Setting CVar [[r.SSS.SampleSet:2]]
[2020.02.01-20.33.36:938][  0]LogConfig: Setting CVar [[r.SSS.Quality:1]]
[2020.02.01-20.33.36:938][  0]LogConfig: Setting CVar [[r.SSS.HalfRes:1]]
[2020.02.01-20.33.36:938][  0]LogConfig: Setting CVar [[r.SSGI.Quality:3]]
[2020.02.01-20.33.36:938][  0]LogConfig: Setting CVar [[r.EmitterSpawnRateScale:1.0]]
[2020.02.01-20.33.36:938][  0]LogConfig: Setting CVar [[r.ParticleLightQuality:2]]
[2020.02.01-20.33.36:938][  0]LogConfig: Setting CVar [[r.SkyAtmosphere.AerialPerspectiveLUT.FastApplyOnOpaque:1 ; Always have FastSkyLUT 1 in this case to avoid wrong sky]]
[2020.02.01-20.33.36:938][  0]LogConfig: Setting CVar [[r.SkyAtmosphere.AerialPerspectiveLUT.SampleCountPerSlice:1]]
[2020.02.01-20.33.36:938][  0]LogConfig: Setting CVar [[r.SkyAtmosphere.AerialPerspectiveLUT.DepthResolution:16.0]]
[2020.02.01-20.33.36:938][  0]LogConfig: Setting CVar [[r.SkyAtmosphere.FastSkyLUT:1]]
[2020.02.01-20.33.36:938][  0]LogConfig: Setting CVar [[r.SkyAtmosphere.FastSkyLUT.SampleCountMin:4.0]]
[2020.02.01-20.33.36:938][  0]LogConfig: Setting CVar [[r.SkyAtmosphere.FastSkyLUT.SampleCountMax:32.0]]
[2020.02.01-20.33.36:938][  0]LogConfig: Setting CVar [[r.SkyAtmosphere.SampleCountMin:4.0]]
[2020.02.01-20.33.36:938][  0]LogConfig: Setting CVar [[r.SkyAtmosphere.SampleCountMax:32.0]]
[2020.02.01-20.33.36:938][  0]LogConfig: Setting CVar [[r.SkyAtmosphere.TransmittanceLUT.UseSmallFormat:0]]
[2020.02.01-20.33.36:938][  0]LogConfig: Setting CVar [[r.SkyAtmosphere.TransmittanceLUT.SampleCount:10.0]]
[2020.02.01-20.33.36:938][  0]LogConfig: Setting CVar [[r.SkyAtmosphere.MultiScatteringLUT.SampleCount:15.0]]
[2020.02.01-20.33.36:938][  0]LogConfig: Applying CVar settings from Section [FoliageQuality@3] File [D:/College Stuff/Unreal/FortniteTowerDefense/FortniteTowerDefense/Saved/Config/Windows/Scalability.ini]
[2020.02.01-20.33.36:938][  0]LogConfig: Setting CVar [[foliage.DensityScale:1.0]]
[2020.02.01-20.33.36:938][  0]LogConfig: Setting CVar [[grass.DensityScale:1.0]]
[2020.02.01-20.33.36:938][  0]LogConfig: Applying CVar settings from Section [ShadingQuality@3] File [D:/College Stuff/Unreal/FortniteTowerDefense/FortniteTowerDefense/Saved/Config/Windows/Scalability.ini]
[2020.02.01-20.33.36:938][  0]LogConfig: Setting CVar [[r.HairStrands.SkyLighting.SampleCount:16]]
[2020.02.01-20.33.36:938][  0]LogConfig: Setting CVar [[r.HairStrands.SkyLighting.JitterIntegration:0]]
[2020.02.01-20.33.36:938][  0]LogConfig: Setting CVar [[r.HairStrands.SkyAO.SampleCount:16]]
[2020.02.01-20.33.36:938][  0]LogInit: Selected Device Profile: [Windows]
[2020.02.01-20.33.36:938][  0]LogInit: Applying CVar settings loaded from the selected device profile: [Windows]
[2020.02.01-20.33.36:941][  0]LogHAL: Display: Platform has ~ 16 GB [17086115840 / 17179869184 / 16], which maps to Larger [LargestMinGB=32, LargerMinGB=12, DefaultMinGB=8, SmallerMinGB=6, SmallestMinGB=0)
[2020.02.01-20.33.36:941][  0]LogInit: Going up to parent DeviceProfile []
[2020.02.01-20.33.36:941][  0]LogConfig: Applying CVar settings from Section [ViewDistanceQuality@3] File [D:/College Stuff/Unreal/FortniteTowerDefense/FortniteTowerDefense/Saved/Config/Windows/Scalability.ini]
[2020.02.01-20.33.36:941][  0]LogConfig: Setting CVar [[r.SkeletalMeshLODBias:0]]
[2020.02.01-20.33.36:941][  0]LogConfig: Setting CVar [[r.ViewDistanceScale:1.0]]
[2020.02.01-20.33.36:941][  0]LogConfig: Applying CVar settings from Section [AntiAliasingQuality@3] File [D:/College Stuff/Unreal/FortniteTowerDefense/FortniteTowerDefense/Saved/Config/Windows/Scalability.ini]
[2020.02.01-20.33.36:941][  0]LogConfig: Setting CVar [[r.PostProcessAAQuality:4]]
[2020.02.01-20.33.36:941][  0]LogConfig: Applying CVar settings from Section [ShadowQuality@3] File [D:/College Stuff/Unreal/FortniteTowerDefense/FortniteTowerDefense/Saved/Config/Windows/Scalability.ini]
[2020.02.01-20.33.36:941][  0]LogConfig: Setting CVar [[r.LightFunctionQuality:1]]
[2020.02.01-20.33.36:941][  0]LogConfig: Setting CVar [[r.ShadowQuality:5]]
[2020.02.01-20.33.36:941][  0]LogConfig: Setting CVar [[r.Shadow.CSM.MaxCascades:10]]
[2020.02.01-20.33.36:941][  0]LogConfig: Setting CVar [[r.Shadow.MaxResolution:2048]]
[2020.02.01-20.33.36:941][  0]LogConfig: Setting CVar [[r.Shadow.MaxCSMResolution:2048]]
[2020.02.01-20.33.36:941][  0]LogConfig: Setting CVar [[r.Shadow.RadiusThreshold:0.01]]
[2020.02.01-20.33.36:941][  0]LogConfig: Setting CVar [[r.Shadow.DistanceScale:1.0]]
[2020.02.01-20.33.36:941][  0]LogConfig: Setting CVar [[r.Shadow.CSM.TransitionScale:1.0]]
[2020.02.01-20.33.36:941][  0]LogConfig: Setting CVar [[r.Shadow.PreShadowResolutionFactor:1.0]]
[2020.02.01-20.33.36:941][  0]LogConfig: Setting CVar [[r.DistanceFieldShadowing:1]]
[2020.02.01-20.33.36:941][  0]LogConfig: Setting CVar [[r.DistanceFieldAO:1]]
[2020.02.01-20.33.36:941][  0]LogConfig: Setting CVar [[r.AOQuality:2]]
[2020.02.01-20.33.36:941][  0]LogConfig: Setting CVar [[r.VolumetricFog:1]]
[2020.02.01-20.33.36:941][  0]LogConfig: Setting CVar [[r.VolumetricFog.GridPixelSize:8]]
[2020.02.01-20.33.36:941][  0]LogConfig: Setting CVar [[r.VolumetricFog.GridSizeZ:128]]
[2020.02.01-20.33.36:941][  0]LogConfig: Setting CVar [[r.VolumetricFog.HistoryMissSupersampleCount:4]]
[2020.02.01-20.33.36:941][  0]LogConfig: Setting CVar [[r.LightMaxDrawDistanceScale:1]]
[2020.02.01-20.33.36:941][  0]LogConfig: Setting CVar [[r.CapsuleShadows:1]]
[2020.02.01-20.33.36:941][  0]LogConfig: Applying CVar settings from Section [PostProcessQuality@3] File [D:/College Stuff/Unreal/FortniteTowerDefense/FortniteTowerDefense/Saved/Config/Windows/Scalability.ini]
[2020.02.01-20.33.36:942][  0]LogConfig: Setting CVar [[r.MotionBlurQuality:4]]
[2020.02.01-20.33.36:942][  0]LogConfig: Setting CVar [[r.AmbientOcclusionMipLevelFactor:0.4]]
[2020.02.01-20.33.36:942][  0]LogConfig: Setting CVar [[r.AmbientOcclusionMaxQuality:100]]
[2020.02.01-20.33.36:942][  0]LogConfig: Setting CVar [[r.AmbientOcclusionLevels:-1]]
[2020.02.01-20.33.36:942][  0]LogConfig: Setting CVar [[r.AmbientOcclusionRadiusScale:1.0]]
[2020.02.01-20.33.36:942][  0]LogConfig: Setting CVar [[r.DepthOfFieldQuality:2]]
[2020.02.01-20.33.36:942][  0]LogConfig: Setting CVar [[r.RenderTargetPoolMin:400]]
[2020.02.01-20.33.36:942][  0]LogConfig: Setting CVar [[r.LensFlareQuality:2]]
[2020.02.01-20.33.36:942][  0]LogConfig: Setting CVar [[r.SceneColorFringeQuality:1]]
[2020.02.01-20.33.36:942][  0]LogConfig: Setting CVar [[r.EyeAdaptationQuality:2]]
[2020.02.01-20.33.36:942][  0]LogConfig: Setting CVar [[r.BloomQuality:5]]
[2020.02.01-20.33.36:942][  0]LogConfig: Setting CVar [[r.FastBlurThreshold:100]]
[2020.02.01-20.33.36:942][  0]LogConfig: Setting CVar [[r.Upscale.Quality:3]]
[2020.02.01-20.33.36:942][  0]LogConfig: Setting CVar [[r.Tonemapper.GrainQuantization:1]]
[2020.02.01-20.33.36:942][  0]LogConfig: Setting CVar [[r.LightShaftQuality:1]]
[2020.02.01-20.33.36:942][  0]LogConfig: Setting CVar [[r.Filter.SizeScale:1]]
[2020.02.01-20.33.36:942][  0]LogConfig: Setting CVar [[r.Tonemapper.Quality:5]]
[2020.02.01-20.33.36:942][  0]LogConfig: Setting CVar [[r.DOF.Gather.AccumulatorQuality:1        ; higher gathering accumulator quality]]
[2020.02.01-20.33.36:942][  0]LogConfig: Setting CVar [[r.DOF.Gather.PostfilterMethod:1          ; Median3x3 postfilering method]]
[2020.02.01-20.33.36:942][  0]LogConfig: Setting CVar [[r.DOF.Gather.EnableBokehSettings:0       ; no bokeh simulation when gathering]]
[2020.02.01-20.33.36:942][  0]LogConfig: Setting CVar [[r.DOF.Gather.RingCount:4                 ; medium number of samples when gathering]]
[2020.02.01-20.33.36:942][  0]LogConfig: Setting CVar [[r.DOF.Scatter.ForegroundCompositing:1    ; additive foreground scattering]]
[2020.02.01-20.33.36:942][  0]LogConfig: Setting CVar [[r.DOF.Scatter.BackgroundCompositing:2    ; additive background scattering]]
[2020.02.01-20.33.36:942][  0]LogConfig: Setting CVar [[r.DOF.Scatter.EnableBokehSettings:1      ; bokeh simulation when scattering]]
[2020.02.01-20.33.36:942][  0]LogConfig: Setting CVar [[r.DOF.Scatter.MaxSpriteRatio:0.1         ; only a maximum of 10% of scattered bokeh]]
[2020.02.01-20.33.36:942][  0]LogConfig: Setting CVar [[r.DOF.Recombine.Quality:1                ; cheap slight out of focus]]
[2020.02.01-20.33.36:942][  0]LogConfig: Setting CVar [[r.DOF.Recombine.EnableBokehSettings:0    ; no bokeh simulation on slight out of focus]]
[2020.02.01-20.33.36:942][  0]LogConfig: Setting CVar [[r.DOF.TemporalAAQuality:1                ; more stable temporal accumulation]]
[2020.02.01-20.33.36:942][  0]LogConfig: Setting CVar [[r.DOF.Kernel.MaxForegroundRadius:0.025]]
[2020.02.01-20.33.36:942][  0]LogConfig: Setting CVar [[r.DOF.Kernel.MaxBackgroundRadius:0.025]]
[2020.02.01-20.33.36:942][  0]LogConfig: Applying CVar settings from Section [TextureQuality@3] File [D:/College Stuff/Unreal/FortniteTowerDefense/FortniteTowerDefense/Saved/Config/Windows/Scalability.ini]
[2020.02.01-20.33.36:942][  0]LogConfig: Setting CVar [[r.Streaming.MipBias:0]]
[2020.02.01-20.33.36:942][  0]LogConfig: Setting CVar [[r.Streaming.AmortizeCPUToGPUCopy:0]]
[2020.02.01-20.33.36:942][  0]LogConfig: Setting CVar [[r.Streaming.MaxNumTexturesToStreamPerFrame:0]]
[2020.02.01-20.33.36:942][  0]LogConfig: Setting CVar [[r.Streaming.Boost:1]]
[2020.02.01-20.33.36:942][  0]LogConfig: Setting CVar [[r.MaxAnisotropy:8]]
[2020.02.01-20.33.36:942][  0]LogConfig: Setting CVar [[r.VT.MaxAnisotropy:8]]
[2020.02.01-20.33.36:942][  0]LogConfig: Setting CVar [[r.Streaming.LimitPoolSizeToVRAM:0]]
[2020.02.01-20.33.36:942][  0]LogConfig: Setting CVar [[r.Streaming.PoolSize:1000]]
[2020.02.01-20.33.36:942][  0]LogConfig: Setting CVar [[r.Streaming.MaxEffectiveScreenSize:0]]
[2020.02.01-20.33.36:942][  0]LogConfig: Applying CVar settings from Section [EffectsQuality@3] File [D:/College Stuff/Unreal/FortniteTowerDefense/FortniteTowerDefense/Saved/Config/Windows/Scalability.ini]
[2020.02.01-20.33.36:942][  0]LogConfig: Setting CVar [[r.TranslucencyLightingVolumeDim:64]]
[2020.02.01-20.33.36:942][  0]LogConfig: Setting CVar [[r.RefractionQuality:2]]
[2020.02.01-20.33.36:942][  0]LogConfig: Setting CVar [[r.SSR.Quality:3]]
[2020.02.01-20.33.36:942][  0]LogConfig: Setting CVar [[r.SSR.HalfResSceneColor:0]]
[2020.02.01-20.33.36:942][  0]LogConfig: Setting CVar [[r.SceneColorFormat:4]]
[2020.02.01-20.33.36:942][  0]LogConfig: Setting CVar [[r.DetailMode:2]]
[2020.02.01-20.33.36:942][  0]LogConfig: Setting CVar [[r.TranslucencyVolumeBlur:1]]
[2020.02.01-20.33.36:942][  0]LogConfig: Setting CVar [[r.MaterialQualityLevel:1 ; High quality]]
[2020.02.01-20.33.36:942][  0]LogConfig: Setting CVar [[r.SSS.Scale:1]]
[2020.02.01-20.33.36:942][  0]LogConfig: Setting CVar [[r.SSS.SampleSet:2]]
[2020.02.01-20.33.36:942][  0]LogConfig: Setting CVar [[r.SSS.Quality:1]]
[2020.02.01-20.33.36:942][  0]LogConfig: Setting CVar [[r.SSS.HalfRes:1]]
[2020.02.01-20.33.36:942][  0]LogConfig: Setting CVar [[r.SSGI.Quality:3]]
[2020.02.01-20.33.36:942][  0]LogConfig: Setting CVar [[r.EmitterSpawnRateScale:1.0]]
[2020.02.01-20.33.36:942][  0]LogConfig: Setting CVar [[r.ParticleLightQuality:2]]
[2020.02.01-20.33.36:942][  0]LogConfig: Setting CVar [[r.SkyAtmosphere.AerialPerspectiveLUT.FastApplyOnOpaque:1 ; Always have FastSkyLUT 1 in this case to avoid wrong sky]]
[2020.02.01-20.33.36:942][  0]LogConfig: Setting CVar [[r.SkyAtmosphere.AerialPerspectiveLUT.SampleCountPerSlice:1]]
[2020.02.01-20.33.36:942][  0]LogConfig: Setting CVar [[r.SkyAtmosphere.AerialPerspectiveLUT.DepthResolution:16.0]]
[2020.02.01-20.33.36:942][  0]LogConfig: Setting CVar [[r.SkyAtmosphere.FastSkyLUT:1]]
[2020.02.01-20.33.36:942][  0]LogConfig: Setting CVar [[r.SkyAtmosphere.FastSkyLUT.SampleCountMin:4.0]]
[2020.02.01-20.33.36:942][  0]LogConfig: Setting CVar [[r.SkyAtmosphere.FastSkyLUT.SampleCountMax:32.0]]
[2020.02.01-20.33.36:943][  0]LogConfig: Setting CVar [[r.SkyAtmosphere.SampleCountMin:4.0]]
[2020.02.01-20.33.36:943][  0]LogConfig: Setting CVar [[r.SkyAtmosphere.SampleCountMax:32.0]]
[2020.02.01-20.33.36:943][  0]LogConfig: Setting CVar [[r.SkyAtmosphere.TransmittanceLUT.UseSmallFormat:0]]
[2020.02.01-20.33.36:943][  0]LogConfig: Setting CVar [[r.SkyAtmosphere.TransmittanceLUT.SampleCount:10.0]]
[2020.02.01-20.33.36:943][  0]LogConfig: Setting CVar [[r.SkyAtmosphere.MultiScatteringLUT.SampleCount:15.0]]
[2020.02.01-20.33.36:943][  0]LogConfig: Applying CVar settings from Section [FoliageQuality@3] File [D:/College Stuff/Unreal/FortniteTowerDefense/FortniteTowerDefense/Saved/Config/Windows/Scalability.ini]
[2020.02.01-20.33.36:943][  0]LogConfig: Setting CVar [[foliage.DensityScale:1.0]]
[2020.02.01-20.33.36:943][  0]LogConfig: Setting CVar [[grass.DensityScale:1.0]]
[2020.02.01-20.33.36:943][  0]LogConfig: Applying CVar settings from Section [ShadingQuality@3] File [D:/College Stuff/Unreal/FortniteTowerDefense/FortniteTowerDefense/Saved/Config/Windows/Scalability.ini]
[2020.02.01-20.33.36:943][  0]LogConfig: Setting CVar [[r.HairStrands.SkyLighting.SampleCount:16]]
[2020.02.01-20.33.36:943][  0]LogConfig: Setting CVar [[r.HairStrands.SkyLighting.JitterIntegration:0]]
[2020.02.01-20.33.36:943][  0]LogConfig: Setting CVar [[r.HairStrands.SkyAO.SampleCount:16]]
[2020.02.01-20.33.36:943][  0]LogConfig: Applying CVar settings from Section [Startup] File [../../../Engine/Config/ConsoleVariables.ini]
[2020.02.01-20.33.36:943][  0]LogConfig: Setting CVar [[net.UseAdaptiveNetUpdateFrequency:0]]
[2020.02.01-20.33.36:943][  0]LogConfig: Setting CVar [[p.chaos.AllowCreatePhysxBodies:1]]
[2020.02.01-20.33.36:943][  0]LogConfig: Applying CVar settings from Section [ConsoleVariables] File [D:/College Stuff/Unreal/FortniteTowerDefense/FortniteTowerDefense/Saved/Config/Windows/Engine.ini]
[2020.02.01-20.33.36:943][  0]LogInit: Computer: DAVIDSMSILAPTOP
[2020.02.01-20.33.36:943][  0]LogInit: User: Thero
[2020.02.01-20.33.36:943][  0]LogInit: CPU Page size=4096, Cores=4
[2020.02.01-20.33.36:943][  0]LogInit: High frequency timer resolution =10.000000 MHz
[2020.02.01-20.33.36:943][  0]LogMemory: Memory total: Physical=15.9GB (16GB approx)
[2020.02.01-20.33.36:943][  0]LogMemory: Platform Memory Stats for Windows
[2020.02.01-20.33.36:943][  0]LogMemory: Process Physical Memory: 105.08 MB used, 105.09 MB peak
[2020.02.01-20.33.36:943][  0]LogMemory: Process Virtual Memory: 100.91 MB used, 100.91 MB peak
[2020.02.01-20.33.36:943][  0]LogMemory: Physical Memory: 9866.70 MB used,  6427.89 MB free, 16294.59 MB total
[2020.02.01-20.33.36:944][  0]LogMemory: Virtual Memory: 5137.50 MB used,  134212592.00 MB free, 134217728.00 MB total
[2020.02.01-20.33.36:947][  0]LogWindows: WindowsPlatformFeatures enabled
[2020.02.01-20.33.36:969][  0]LogInit: Using OS detected language (en-US).
[2020.02.01-20.33.36:969][  0]LogInit: Using OS detected locale (en-US).
[2020.02.01-20.33.36:970][  0]LogTextLocalizationManager: No specific localization for 'en-US' exists, so the 'en' localization will be used.
[2020.02.01-20.33.37:181][  0]LogInit: Setting process to per monitor DPI aware
[2020.02.01-20.33.37:229][  0]LogSlate: New Slate User Created.  User Index 0, Is Virtual User: 0
[2020.02.01-20.33.37:229][  0]LogSlate: Slate User Registered.  User Index 0, Is Virtual User: 0
[2020.02.01-20.33.37:423][  0]LogHMD: Failed to initialize OpenVR with code 110
[2020.02.01-20.33.37:423][  0]LogD3D11RHI: D3D11 min allowed feature level: 11_0
[2020.02.01-20.33.37:423][  0]LogD3D11RHI: D3D11 max allowed feature level: 11_0
[2020.02.01-20.33.37:423][  0]LogD3D11RHI: D3D11 adapters:
[2020.02.01-20.33.37:504][  0]LogD3D11RHI:    0. 'NVIDIA GeForce GTX 970M' (Feature Level 11_0)
[2020.02.01-20.33.37:504][  0]LogD3D11RHI:       3032/0/8147 MB DedicatedVideo/DedicatedSystem/SharedSystem, Outputs:1, VendorId:0x10de
[2020.02.01-20.33.37:518][  0]LogD3D11RHI:    1. 'Intel(R) HD Graphics 530' (Feature Level 11_0)
[2020.02.01-20.33.37:518][  0]LogD3D11RHI:       128/0/8147 MB DedicatedVideo/DedicatedSystem/SharedSystem, Outputs:0, VendorId:0x8086
[2020.02.01-20.33.37:520][  0]LogD3D11RHI:    2. 'Microsoft Basic Render Driver' (Feature Level 11_0)
[2020.02.01-20.33.37:520][  0]LogD3D11RHI:       0/0/8147 MB DedicatedVideo/DedicatedSystem/SharedSystem, Outputs:0, VendorId:0x1414
[2020.02.01-20.33.37:520][  0]LogD3D11RHI: Chosen D3D11 Adapter: 0
[2020.02.01-20.33.37:581][  0]LogD3D11RHI: Creating new Direct3DDevice
[2020.02.01-20.33.37:581][  0]LogD3D11RHI:     GPU DeviceId: 0x13d8 (for the marketing name, search the web for "GPU Device Id")
[2020.02.01-20.33.37:581][  0]LogWindows: EnumDisplayDevices:
[2020.02.01-20.33.37:581][  0]LogWindows:    0. 'Intel(R) HD Graphics 530' (P:1 D:1)
[2020.02.01-20.33.37:582][  0]LogWindows:    1. 'Intel(R) HD Graphics 530' (P:0 D:0)
[2020.02.01-20.33.37:582][  0]LogWindows:    2. 'Intel(R) HD Graphics 530' (P:0 D:0)
[2020.02.01-20.33.37:583][  0]LogWindows: DebugString: PrimaryIsNotTheChoosenAdapter PrimaryIsNotTheChoosenAdapter PrimaryIsNotTheChoosenAdapter FoundDriverCount:0 
[2020.02.01-20.33.37:583][  0]LogD3D11RHI:     Adapter Name: NVIDIA GeForce GTX 970M
[2020.02.01-20.33.37:583][  0]LogD3D11RHI:   Driver Version: Unknown (internal:Unknown, unified:Unknown)
[2020.02.01-20.33.37:583][  0]LogD3D11RHI:      Driver Date: Unknown
[2020.02.01-20.33.37:583][  0]LogRHI: Texture pool is 2122 MB (70% of 3032 MB)
[2020.02.01-20.33.37:648][  0]LogD3D11RHI: RHI has support for 64 bit atomics
[2020.02.01-20.33.37:648][  0]LogD3D11RHI: Async texture creation enabled
[2020.02.01-20.33.37:678][  0]LogD3D11RHI: GPU Timing Frequency: 1000.000000 (Debug: 2 1)
[2020.02.01-20.33.38:058][  0]LogTargetPlatformManager: Display: Loaded TargetPlatform 'AllDesktop'
[2020.02.01-20.33.38:097][  0]LogTargetPlatformManager: Display: Loaded TargetPlatform 'Android'
[2020.02.01-20.33.38:097][  0]LogTargetPlatformManager: Display: Loaded TargetPlatform 'Android_ASTC'
[2020.02.01-20.33.38:097][  0]LogTargetPlatformManager: Display: Loaded TargetPlatform 'Android_ATC'
[2020.02.01-20.33.38:097][  0]LogTargetPlatformManager: Display: Loaded TargetPlatform 'Android_DXT'
[2020.02.01-20.33.38:097][  0]LogTargetPlatformManager: Display: Loaded TargetPlatform 'Android_ETC1'
[2020.02.01-20.33.38:097][  0]LogTargetPlatformManager: Display: Loaded TargetPlatform 'Android_ETC1a'
[2020.02.01-20.33.38:097][  0]LogTargetPlatformManager: Display: Loaded TargetPlatform 'Android_ETC2'
[2020.02.01-20.33.38:097][  0]LogTargetPlatformManager: Display: Loaded TargetPlatform 'Android_PVRTC'
[2020.02.01-20.33.38:097][  0]LogTargetPlatformManager: Display: Loaded TargetPlatform 'AndroidClient'
[2020.02.01-20.33.38:097][  0]LogTargetPlatformManager: Display: Loaded TargetPlatform 'Android_ASTCClient'
[2020.02.01-20.33.38:097][  0]LogTargetPlatformManager: Display: Loaded TargetPlatform 'Android_ATCClient'
[2020.02.01-20.33.38:097][  0]LogTargetPlatformManager: Display: Loaded TargetPlatform 'Android_DXTClient'
[2020.02.01-20.33.38:097][  0]LogTargetPlatformManager: Display: Loaded TargetPlatform 'Android_ETC1Client'
[2020.02.01-20.33.38:097][  0]LogTargetPlatformManager: Display: Loaded TargetPlatform 'Android_ETC1aClient'
[2020.02.01-20.33.38:097][  0]LogTargetPlatformManager: Display: Loaded TargetPlatform 'Android_ETC2Client'
[2020.02.01-20.33.38:098][  0]LogTargetPlatformManager: Display: Loaded TargetPlatform 'Android_PVRTCClient'
[2020.02.01-20.33.38:098][  0]LogTargetPlatformManager: Display: Loaded TargetPlatform 'Android_Multi'
[2020.02.01-20.33.38:098][  0]LogTargetPlatformManager: Display: Loaded TargetPlatform 'Android_MultiClient'
[2020.02.01-20.33.38:119][  0]LogTargetPlatformManager: Display: Loaded TargetPlatform 'IOSClient'
[2020.02.01-20.33.38:119][  0]LogTargetPlatformManager: Display: Loaded TargetPlatform 'IOS'
[2020.02.01-20.33.38:131][  0]LogTargetPlatformManager: Display: Loaded TargetPlatform 'LinuxNoEditor'
[2020.02.01-20.33.38:144][  0]LogTargetPlatformManager: Display: Loaded TargetPlatform 'LinuxClient'
[2020.02.01-20.33.38:156][  0]LogTargetPlatformManager: Display: Loaded TargetPlatform 'LinuxServer'
[2020.02.01-20.33.38:166][  0]LogTargetPlatformManager: Display: Loaded TargetPlatform 'LinuxAArch64NoEditor'
[2020.02.01-20.33.38:173][  0]LogTargetPlatformManager: Display: Loaded TargetPlatform 'LinuxAArch64Client'
[2020.02.01-20.33.38:181][  0]LogTargetPlatformManager: Display: Loaded TargetPlatform 'LinuxAArch64Server'
[2020.02.01-20.33.38:205][  0]LogTargetPlatformManager: Display: Loaded TargetPlatform 'Lumin'
[2020.02.01-20.33.38:205][  0]LogTargetPlatformManager: Display: Loaded TargetPlatform 'LuminClient'
[2020.02.01-20.33.38:219][  0]LogTargetPlatformManager: Display: Loaded TargetPlatform 'TVOSClient'
[2020.02.01-20.33.38:219][  0]LogTargetPlatformManager: Display: Loaded TargetPlatform 'TVOS'
[2020.02.01-20.33.38:227][  0]LogTargetPlatformManager: Display: Loaded TargetPlatform 'WindowsNoEditor'
[2020.02.01-20.33.38:234][  0]LogTargetPlatformManager: Display: Loaded TargetPlatform 'Windows'
[2020.02.01-20.33.38:243][  0]LogTargetPlatformManager: Display: Loaded TargetPlatform 'WindowsClient'
[2020.02.01-20.33.38:250][  0]LogTargetPlatformManager: Display: Loaded TargetPlatform 'WindowsServer'
[2020.02.01-20.33.38:250][  0]LogTargetPlatformManager: Display: Building Assets For Windows
[2020.02.01-20.33.38:253][  0]LogAudioDebug: Display: Lib vorbis DLL was dynamically loaded.
[2020.02.01-20.33.38:274][  0]LogShaderCompilers: Guid format shader working directory is -31 characters bigger than the processId version (../../../../../College Stuff/Unreal/FortniteTowerDefense/FortniteTowerDefense/Intermediate/Shaders/WorkingDirectory/6328/).
[2020.02.01-20.33.38:274][  0]LogShaderCompilers: Cleaned the shader compiler working directory 'C:/Users/Thero/AppData/Local/Temp/UnrealShaderWorkingDir/6C8DDD44414795618C7E2B89C0C6252E/'.
[2020.02.01-20.33.38:275][  0]LogXGEController: Cleaning working directory: C:/Users/Thero/AppData/Local/Temp/UnrealXGEWorkingDir/
[2020.02.01-20.33.38:275][  0]LogXGEController: Cannot use XGE Controller as Incredibuild is not installed on this machine.
[2020.02.01-20.33.38:275][  0]LogShaderCompilers: Cannot use XGE Shader Compiler as Incredibuild is not installed on this machine.
[2020.02.01-20.33.38:275][  0]LogShaderCompilers: Display: Using Local Shader Compiler.
[2020.02.01-20.33.39:251][  0]LogDerivedDataCache: Display: Max Cache Size: 512 MB
[2020.02.01-20.33.39:319][  0]LogDerivedDataCache: Loaded boot cache 0.07s 78MB C:/Users/Thero/AppData/Local/UnrealEngine/4.24/DerivedDataCache/Boot.ddc.
[2020.02.01-20.33.39:319][  0]LogDerivedDataCache: Display: Loaded Boot cache: C:/Users/Thero/AppData/Local/UnrealEngine/4.24/DerivedDataCache/Boot.ddc
[2020.02.01-20.33.39:319][  0]LogDerivedDataCache: FDerivedDataBackendGraph:  Pak pak cache file ../../../../../College Stuff/Unreal/FortniteTowerDefense/FortniteTowerDefense/DerivedDataCache/DDC.ddp not found, will not use a pak cache.
[2020.02.01-20.33.39:319][  0]LogDerivedDataCache: Unable to find inner node Pak for hierarchical cache Hierarchy.
[2020.02.01-20.33.39:319][  0]LogDerivedDataCache: FDerivedDataBackendGraph:  CompressedPak pak cache file ../../../../../College Stuff/Unreal/FortniteTowerDefense/FortniteTowerDefense/DerivedDataCache/Compressed.ddp not found, will not use a pak cache.
[2020.02.01-20.33.39:319][  0]LogDerivedDataCache: Unable to find inner node CompressedPak for hierarchical cache Hierarchy.
[2020.02.01-20.33.39:330][  0]LogDerivedDataCache: Display: Pak cache opened for reading ../../../Engine/DerivedDataCache/Compressed.ddp.
[2020.02.01-20.33.39:330][  0]LogDerivedDataCache: FDerivedDataBackendGraph:  EnterprisePak pak cache file ../../../Enterprise/DerivedDataCache/Compressed.ddp not found, will not use a pak cache.
[2020.02.01-20.33.39:330][  0]LogDerivedDataCache: Unable to find inner node EnterprisePak for hierarchical cache Hierarchy.
[2020.02.01-20.33.39:332][  0]LogDerivedDataCache: Using Local data cache path C:/Users/Thero/AppData/Local/UnrealEngine/Common/DerivedDataCache: Writable
[2020.02.01-20.33.39:332][  0]LogDerivedDataCache: Shared data cache path not found in *engine.ini, will not use an Shared cache.
[2020.02.01-20.33.39:332][  0]LogDerivedDataCache: Unable to find inner node Shared for hierarchical cache Hierarchy.
[2020.02.01-20.33.39:373][  0]LogMaterial: Verifying Global Shaders for PCD3D_SM5
[2020.02.01-20.33.39:376][  0]LogSlate: Using FreeType 2.10.0
[2020.02.01-20.33.39:376][  0]LogSlate: SlateFontServices - WITH_FREETYPE: 1, WITH_HARFBUZZ: 1
[2020.02.01-20.33.39:440][  0]LogAssetRegistry: FAssetRegistry took 0.0044 seconds to start up
[2020.02.01-20.33.39:831][  0]LogInit: Selected Device Profile: [Windows]
[2020.02.01-20.33.40:055][  0]LogMeshReduction: Using QuadricMeshReduction for automatic static mesh reduction
[2020.02.01-20.33.40:055][  0]LogMeshReduction: Using SimplygonMeshReduction for automatic skeletal mesh reduction
[2020.02.01-20.33.40:055][  0]LogMeshReduction: Using ProxyLODMeshReduction for automatic mesh merging
[2020.02.01-20.33.40:055][  0]LogMeshReduction: No distributed automatic mesh merging module available
[2020.02.01-20.33.40:055][  0]LogMeshMerging: No distributed automatic mesh merging module available
[2020.02.01-20.33.40:068][  0]LogNetVersion: FortniteTowerDefense 1.0.0, NetCL: 10570792, EngineNetVer: 13, GameNetVer: 0 (Checksum: 511844659)
[2020.02.01-20.33.41:357][  0]LogPackageLocalizationCache: Processed 10 localized package path(s) for 1 prioritized culture(s) in 0.048062 seconds
[2020.02.01-20.33.41:366][  0]LogUObjectArray: 46750 objects as part of root set at end of initial load.
[2020.02.01-20.33.41:366][  0]LogUObjectAllocator: 8137160 out of 0 bytes used by permanent object pool.
[2020.02.01-20.33.41:366][  0]LogUObjectArray: CloseDisregardForGC: 0/0 objects in disregard for GC pool
[2020.02.01-20.33.41:849][  0]LogTcpMessaging: Initializing TcpMessaging bridge
[2020.02.01-20.33.41:852][  0]LogUdpMessaging: Initializing bridge on interface 0.0.0.0:0 to multicast group 230.0.0.1:6666.
[2020.02.01-20.33.41:925][  0]SourceControl: Source control is disabled
[2020.02.01-20.33.41:925][  0]SourceControl: Source control is disabled
[2020.02.01-20.33.41:926][  0]SourceControl: Source control is disabled
[2020.02.01-20.33.41:927][  0]SourceControl: Source control is disabled
[2020.02.01-20.33.41:928][  0]SourceControl: Source control is disabled
[2020.02.01-20.33.42:014][  0]LogAndroidPermission: UAndroidPermissionCallbackProxy::GetInstance
[2020.02.01-20.33.42:025][  0]LogAudioCaptureCore: Display: No Audio Capture implementations found. Audio input will be silent.
[2020.02.01-20.33.42:025][  0]LogAudioCaptureCore: Display: No Audio Capture implementations found. Audio input will be silent.
[2020.02.01-20.33.42:121][  0]LogOcInput: OculusInput pre-init called
[2020.02.01-20.33.42:131][  0]LogWindows: Failed to load 'OVRPlugin.dll' (GetLastError=126)
[2020.02.01-20.33.42:132][  0]LogWindows: File 'OVRPlugin.dll' does not exist
[2020.02.01-20.33.42:209][  0]LogEngine: Initializing Engine...
[2020.02.01-20.33.42:210][  0]LogHMD: Failed to initialize OpenVR with code 110
[2020.02.01-20.33.42:211][  0]LogStats: UGameplayTagsManager::InitializeManager -  0.000 s
[2020.02.01-20.33.42:627][  0]LogInit: Initializing FReadOnlyCVARCache
[2020.02.01-20.33.42:636][  0]LogAIModule: Creating AISystem for world Untitled
[2020.02.01-20.33.42:660][  0]LogAudioMixer: Display: Audio Mixer Platform Settings:
[2020.02.01-20.33.42:660][  0]LogAudioMixer: Display: 	Sample Rate:						  48000
[2020.02.01-20.33.42:660][  0]LogAudioMixer: Display: 	Callback Buffer Frame Size Requested: 1024
[2020.02.01-20.33.42:660][  0]LogAudioMixer: Display: 	Callback Buffer Frame Size To Use:	  1024
[2020.02.01-20.33.42:660][  0]LogAudioMixer: Display: 	Number of buffers to queue:			  2
[2020.02.01-20.33.42:661][  0]LogAudioMixer: Display: 	Max Channels (voices):				  32
[2020.02.01-20.33.42:661][  0]LogAudioMixer: Display: 	Number of Async Source Workers:		  0
[2020.02.01-20.33.42:661][  0]LogAudio: Display: AudioDevice MaxSources: 32
[2020.02.01-20.33.42:661][  0]LogAudio: Display: Using built-in audio occlusion.
[2020.02.01-20.33.42:661][  0]LogAudioMixer: Display: Initializing audio mixer.
[2020.02.01-20.33.42:695][  0]LogAudioMixer: Display: Audio Device Output Speaker Info:
[2020.02.01-20.33.42:695][  0]LogAudioMixer: Display: Name: Headphones (2- Xbox Controller)
[2020.02.01-20.33.42:695][  0]LogAudioMixer: Display: Is Default: Yes
[2020.02.01-20.33.42:695][  0]LogAudioMixer: Display: Sample Rate: 48000
[2020.02.01-20.33.42:695][  0]LogAudioMixer: Display: Channel Count Used: 2
[2020.02.01-20.33.42:695][  0]LogAudioMixer: Display: Device Channel Count: 2
[2020.02.01-20.33.42:695][  0]LogAudioMixer: Display: Channel Order:
[2020.02.01-20.33.42:695][  0]LogAudioMixer: Display: 0: FrontLeft
[2020.02.01-20.33.42:696][  0]LogAudioMixer: Display: 1: FrontRight
[2020.02.01-20.33.42:736][  0]LogAudioMixer: Display: Using Audio Device Headphones (2- Xbox Controller)
[2020.02.01-20.33.42:743][  0]LogInit: FAudioDevice initialized.
[2020.02.01-20.33.42:743][  0]LogNetVersion: Set ProjectVersion to 1.0.0.0. Version Checksum will be recalculated on next use.
[2020.02.01-20.33.42:813][  0]LogDerivedDataCache: Saved boot cache 0.07s 78MB C:/Users/Thero/AppData/Local/UnrealEngine/4.24/DerivedDataCache/Boot.ddc.
[2020.02.01-20.33.42:817][  0]LogInit: Texture streaming: Enabled
[2020.02.01-20.33.42:831][  0]LogEngineSessionManager: EngineSessionManager initialized
[2020.02.01-20.33.42:831][  0]LogEngineSessionManager: EngineSessionManager sent abnormal shutdown report. Type=Crashed, SessionId={2BB57303-47FA-591E-66C7-19BFB246A7F2}
[2020.02.01-20.33.42:831][  0]LogEditorSessionSummary: Verbose: Initializing EditorSessionSummaryWriter for editor session tracking
[2020.02.01-20.33.42:834][  0]LogEditorSessionSummary: EditorSessionSummaryWriter initialized
[2020.02.01-20.33.42:885][  0]LogInit: Transaction tracking system initialized
[2020.02.01-20.33.42:896][  0]BlueprintLog: New page: Editor Load
[2020.02.01-20.33.42:935][  0]LocalizationService: Localization service is disabled
[2020.02.01-20.33.43:246][  0]LogFileCache: Scanning file cache for directory 'D:/College Stuff/Unreal/FortniteTowerDefense/FortniteTowerDefense/Content/' took 0.00s
[2020.02.01-20.33.43:246][  0]LogCook: Display: Max memory allowance for cook 16384mb min free memory 0mb
[2020.02.01-20.33.43:246][  0]LogCook: Display: Mobile HDR setting 1
[2020.02.01-20.33.43:971][  0]SourceControl: Source control is disabled
[2020.02.01-20.33.43:972][  0]Cmd: MAP LOAD FILE="../../../Engine/Content/Maps/Templates/Template_Default.umap" TEMPLATE=1 SHOWPROGRESS=1 FEATURELEVEL=3
[2020.02.01-20.33.43:972][  0]LightingResults: New page: Lighting Build
[2020.02.01-20.33.43:972][  0]LogWorld: UWorld::CleanupWorld for Untitled, bSessionEnded=true, bCleanupResources=true
[2020.02.01-20.33.43:973][  0]LogSlate: InvalidateAllWidgets triggered.  All widgets were invalidated
[2020.02.01-20.33.43:973][  0]MapCheck: New page: Map Check
[2020.02.01-20.33.43:973][  0]LightingResults: New page: Lighting Build
[2020.02.01-20.33.44:006][  0]LogUObjectHash: Compacting FUObjectHashTables data took   2.47ms
[2020.02.01-20.33.44:102][  0]LogAIModule: Creating AISystem for world Untitled_1
[2020.02.01-20.33.44:108][  0]LogEditorServer: Finished looking for orphan Actors (0.000 secs)
[2020.02.01-20.33.44:142][  0]LogUObjectHash: Compacting FUObjectHashTables data took   2.76ms
[2020.02.01-20.33.44:142][  0]Cmd: MAP CHECKDEP NOCLEARLOG
[2020.02.01-20.33.44:143][  0]MapCheck: Map check complete: 0 Error(s), 0 Warning(s), took 0.1ms to complete.
[2020.02.01-20.33.44:143][  0]LogFileHelpers: Loading map 'Template_Default' took 0.171
[2020.02.01-20.33.44:309][  0]LogSlate: Updating window title bar state: overlay mode, drag disabled, window buttons hidden, title bar hidden
[2020.02.01-20.33.44:317][  0]LogSlate: Updating window title bar state: overlay mode, drag disabled, window buttons hidden, title bar hidden
[2020.02.01-20.33.44:326][  0]LogSlate: Updating window title bar state: overlay mode, drag disabled, window buttons hidden, title bar hidden
[2020.02.01-20.33.44:334][  0]LogSlate: Updating window title bar state: overlay mode, drag disabled, window buttons hidden, title bar hidden
[2020.02.01-20.33.44:340][  0]LogCollectionManager: Loaded 0 collections in 0.001214 seconds
[2020.02.01-20.33.44:354][  0]LogFileCache: Scanning file cache for directory 'D:/College Stuff/Unreal/FortniteTowerDefense/FortniteTowerDefense/Saved/Collections/' took 0.00s
[2020.02.01-20.33.44:354][  0]LogFileCache: Scanning file cache for directory 'D:/College Stuff/Unreal/FortniteTowerDefense/FortniteTowerDefense/Content/Developers/Thero/Collections/' took 0.00s
[2020.02.01-20.33.44:354][  0]LogFileCache: Scanning file cache for directory 'D:/College Stuff/Unreal/FortniteTowerDefense/FortniteTowerDefense/Content/Collections/' took 0.00s
[2020.02.01-20.33.44:354][  0]LogContentBrowser: Native class hierarchy populated in 0.0101 seconds. Added 3018 classes and 719 folders.
[2020.02.01-20.33.44:373][  0]LogContentBrowser: Native class hierarchy updated for 'WidgetCarousel' in 0.0003 seconds. Added 0 classes and 0 folders.
[2020.02.01-20.33.44:424][  0]LogContentBrowser: Native class hierarchy updated for 'AddContentDialog' in 0.0003 seconds. Added 0 classes and 0 folders.
[2020.02.01-20.33.44:428][  0]LogContentBrowser: Native class hierarchy updated for 'SceneOutliner' in 0.0004 seconds. Added 2 classes and 3 folders.
[2020.02.01-20.33.44:486][  0]LogSlate: Took 0.000185 seconds to synchronously load lazily loaded font '../../../Engine/Content/Slate/Fonts/Roboto-Regular.ttf' (155K)
[2020.02.01-20.33.44:490][  0]LogSlate: Took 0.000213 seconds to synchronously load lazily loaded font '../../../Engine/Content/Slate/Fonts/Roboto-Bold.ttf' (160K)
[2020.02.01-20.33.44:499][  0]LogSlate: Took 0.000214 seconds to synchronously load lazily loaded font '../../../Engine/Content/Editor/Slate/Fonts/FontAwesome.ttf' (139K)
[2020.02.01-20.33.44:608][  0]LogRenderer: Reallocating scene render targets to support 748x364 Format 10 NumSamples 1 (Frame:1).
[2020.02.01-20.33.44:761][  0]LogContentBrowser: Native class hierarchy updated for 'HierarchicalLODOutliner' in 0.0006 seconds. Added 0 classes and 0 folders.
[2020.02.01-20.33.44:761][  0]LogLoad: (Engine Initialization) Total time: 8.84 seconds
[2020.02.01-20.33.44:761][  0]LogLoad: (Engine Initialization) Total Blueprint compile time: 0.00 seconds
[2020.02.01-20.33.44:833][  0]LogContentStreaming: Texture pool size now 1000 MB
[2020.02.01-20.33.44:863][  1]LogAssetRegistry: Asset discovery search completed in 5.4247 seconds
[2020.02.01-20.33.44:868][  1]LogCollectionManager: Fixed up redirectors for 0 collections in 0.000013 seconds (updated 0 objects)
[2020.02.01-20.33.48:859][234]LogSlate: Took 0.000102 seconds to synchronously load lazily loaded font '../../../Engine/Content/Slate/Fonts/Roboto-Light.ttf' (167K)
[2020.02.01-20.33.49:987][300]LogSlate: Took 0.000152 seconds to synchronously load lazily loaded font '../../../Engine/Content/Slate/Fonts/Roboto-Light.ttf' (167K)
[2020.02.01-20.33.50:055][300]LogAIModule: Creating AISystem for world Level1
[2020.02.01-20.33.50:064][300]LogAssetEditorSubsystem: Opening Asset editor for World /Game/Maps/Level1.Level1
[2020.02.01-20.33.50:092][300]LogUObjectHash: Compacting FUObjectHashTables data took   2.18ms
[2020.02.01-20.33.50:098][300]Cmd: MAP LOAD FILE="../../../../../College Stuff/Unreal/FortniteTowerDefense/FortniteTowerDefense/Content/Maps/Level1.umap" TEMPLATE=0 SHOWPROGRESS=1 FEATURELEVEL=3
[2020.02.01-20.33.50:098][300]LightingResults: New page: Lighting Build
[2020.02.01-20.33.50:098][300]LoadErrors: New page: Loading map: Level1.umap
[2020.02.01-20.33.50:099][300]LogWorld: UWorld::CleanupWorld for Untitled_1, bSessionEnded=true, bCleanupResources=true
[2020.02.01-20.33.50:099][300]LogSlate: InvalidateAllWidgets triggered.  All widgets were invalidated
[2020.02.01-20.33.50:099][300]MapCheck: New page: Map Check
[2020.02.01-20.33.50:099][300]LightingResults: New page: Lighting Build
[2020.02.01-20.33.50:125][300]LogUObjectHash: Compacting FUObjectHashTables data took   1.68ms
[2020.02.01-20.33.50:140][300]LogEditorServer: Finished looking for orphan Actors (0.000 secs)
[2020.02.01-20.33.50:169][300]LogUObjectHash: Compacting FUObjectHashTables data took   2.10ms
[2020.02.01-20.33.50:191][300]Cmd: MAP CHECKDEP NOCLEARLOG
[2020.02.01-20.33.50:191][300]MapCheck: Map check complete: 0 Error(s), 0 Warning(s), took 0.115ms to complete.
[2020.02.01-20.33.50:191][300]LogFileHelpers: Loading map 'Level1' took 0.094
[2020.02.01-20.33.53:347][483]Candidate modules for hot reload:
[2020.02.01-20.33.53:347][483]  FortniteTowerDefense
[2020.02.01-20.33.53:347][483]Launching UnrealBuildTool... [D:/Epic Games/UE_4.24/Engine/Binaries/DotNET/UnrealBuildTool.exe  -ModuleWithSuffix=FortniteTowerDefense,9290 Win64 Development -TargetType=Editor -Project="D:/College Stuff/Unreal/FortniteTowerDefense/FortniteTowerDefense/FortniteTowerDefense.uproject" "D:/College Stuff/Unreal/FortniteTowerDefense/FortniteTowerDefense/FortniteTowerDefense.uproject"  -IgnoreJunk]
[2020.02.01-20.33.53:357][483]Warning: Starting HotReload took  0.0s.
[2020.02.01-20.34.15:320][253]CompilerResultsLog: New page: Compilation - Feb 1, 2020, 10:34:15 AM
[2020.02.01-20.34.15:320][253]CompilerResultsLog: Using 'git status' to determine working set for adaptive non-unity build (D:\College Stuff\Unreal\FortniteTowerDefense).
[2020.02.01-20.34.15:321][253]CompilerResultsLog: Parsing headers for FortniteTowerDefenseEditor
[2020.02.01-20.34.15:321][253]CompilerResultsLog:   Running UnrealHeaderTool "D:\College Stuff\Unreal\FortniteTowerDefense\FortniteTowerDefense\FortniteTowerDefense.uproject" "D:\College Stuff\Unreal\FortniteTowerDefense\FortniteTowerDefense\Intermediate\Build\Win64\FortniteTowerDefenseEditor\Development\FortniteTowerDefenseEditor.uhtmanifest" -LogCmds="loginit warning, logexit warning, logdatabase error" -Unattended -WarningsAsErrors -installed
[2020.02.01-20.34.15:321][253]CompilerResultsLog: Reflection code generated for FortniteTowerDefenseEditor in 8.0502576 seconds
[2020.02.01-20.34.15:321][253]CompilerResultsLog: Building FortniteTowerDefenseEditor...
[2020.02.01-20.34.15:321][253]CompilerResultsLog: Using Visual Studio 2019 14.24.28316 toolchain (C:\Program Files (x86)\Microsoft Visual Studio\2019\Community\VC\Tools\MSVC\14.24.28314) and Windows 10.0.16299.0 SDK (C:\Program Files (x86)\Windows Kits\10).
[2020.02.01-20.34.15:321][253]CompilerResultsLog: Building 4 actions with 8 processes...
[2020.02.01-20.34.15:321][253]CompilerResultsLog:   [1/4] Enemy1.cpp
[2020.02.01-20.34.15:321][253]CompilerResultsLog:   [2/4] UE4Editor-FortniteTowerDefense-9290.lib
[2020.02.01-20.34.15:321][253]CompilerResultsLog:      Creating library D:\College Stuff\Unreal\FortniteTowerDefense\FortniteTowerDefense\Intermediate\Build\Win64\UE4Editor\Development\FortniteTowerDefense\UE4Editor-FortniteTowerDefense-9290.lib and object D:\College Stuff\Unreal\FortniteTowerDefense\FortniteTowerDefense\Intermediate\Build\Win64\UE4Editor\Development\FortniteTowerDefense\UE4Editor-FortniteTowerDefense-9290.exp
[2020.02.01-20.34.15:321][253]CompilerResultsLog:   [3/4] UE4Editor-FortniteTowerDefense-9290.dll
[2020.02.01-20.34.15:321][253]CompilerResultsLog:      Creating library D:\College Stuff\Unreal\FortniteTowerDefense\FortniteTowerDefense\Intermediate\Build\Win64\UE4Editor\Development\FortniteTowerDefense\UE4Editor-FortniteTowerDefense-9290.suppressed.lib and object D:\College Stuff\Unreal\FortniteTowerDefense\FortniteTowerDefense\Intermediate\Build\Win64\UE4Editor\Development\FortniteTowerDefense\UE4Editor-FortniteTowerDefense-9290.suppressed.exp
[2020.02.01-20.34.15:321][253]CompilerResultsLog:   [4/4] FortniteTowerDefenseEditor.target
[2020.02.01-20.34.15:321][253]CompilerResultsLog: Total time in Parallel executor: 12.12 seconds
[2020.02.01-20.34.15:321][253]CompilerResultsLog: Total execution time: 21.51 seconds
[2020.02.01-20.34.15:321][253]LogMainFrame: MainFrame: Module compiling took 21.983 seconds
[2020.02.01-20.34.15:349][253]LogUObjectHash: Compacting FUObjectHashTables data took   0.75ms
[2020.02.01-20.34.15:378][253]LogContentBrowser: Native class hierarchy updated for 'FortniteTowerDefense' in 0.0003 seconds. Added 3 classes and 2 folders.
[2020.02.01-20.34.15:381][253]Display: HotReload successful (1 functions remapped  0 scriptstructs remapped)
[2020.02.01-20.34.15:447][253]LogUObjectHash: Compacting FUObjectHashTables data took   1.27ms
[2020.02.01-20.34.15:462][253]LogContentBrowser: Native class hierarchy populated in 0.0099 seconds. Added 3020 classes and 722 folders.
[2020.02.01-20.34.15:462][253]Display: HotReload took 22.1s.
[2020.02.01-20.34.24:126][435]Candidate modules for hot reload:
[2020.02.01-20.34.24:126][435]  FortniteTowerDefense
[2020.02.01-20.34.24:126][435]Launching UnrealBuildTool... [D:/Epic Games/UE_4.24/Engine/Binaries/DotNET/UnrealBuildTool.exe  -ModuleWithSuffix=FortniteTowerDefense,1837 Win64 Development -TargetType=Editor -Project="D:/College Stuff/Unreal/FortniteTowerDefense/FortniteTowerDefense/FortniteTowerDefense.uproject" "D:/College Stuff/Unreal/FortniteTowerDefense/FortniteTowerDefense/FortniteTowerDefense.uproject"  -IgnoreJunk]
[2020.02.01-20.34.24:143][435]Warning: Starting HotReload took  0.0s.
[2020.02.01-20.34.45:140][577]CompilerResultsLog: New page: Compilation - Feb 1, 2020, 10:34:45 AM
[2020.02.01-20.34.45:140][577]CompilerResultsLog: Using 'git status' to determine working set for adaptive non-unity build (D:\College Stuff\Unreal\FortniteTowerDefense).
[2020.02.01-20.34.45:140][577]CompilerResultsLog: Parsing headers for FortniteTowerDefenseEditor
[2020.02.01-20.34.45:140][577]CompilerResultsLog:   Running UnrealHeaderTool "D:\College Stuff\Unreal\FortniteTowerDefense\FortniteTowerDefense\FortniteTowerDefense.uproject" "D:\College Stuff\Unreal\FortniteTowerDefense\FortniteTowerDefense\Intermediate\Build\Win64\FortniteTowerDefenseEditor\Development\FortniteTowerDefenseEditor.uhtmanifest" -LogCmds="loginit warning, logexit warning, logdatabase error" -Unattended -WarningsAsErrors -installed
[2020.02.01-20.34.45:140][577]CompilerResultsLog: Reflection code generated for FortniteTowerDefenseEditor in 7.6240582 seconds
[2020.02.01-20.34.45:140][577]CompilerResultsLog: Building FortniteTowerDefenseEditor...
[2020.02.01-20.34.45:140][577]CompilerResultsLog: Using Visual Studio 2019 14.24.28316 toolchain (C:\Program Files (x86)\Microsoft Visual Studio\2019\Community\VC\Tools\MSVC\14.24.28314) and Windows 10.0.16299.0 SDK (C:\Program Files (x86)\Windows Kits\10).
[2020.02.01-20.34.45:140][577]CompilerResultsLog: Building 4 actions with 8 processes...
[2020.02.01-20.34.45:140][577]CompilerResultsLog:   [1/4] Enemy1.cpp
[2020.02.01-20.34.45:140][577]CompilerResultsLog:   [2/4] UE4Editor-FortniteTowerDefense-1837.lib
[2020.02.01-20.34.45:140][577]CompilerResultsLog:      Creating library D:\College Stuff\Unreal\FortniteTowerDefense\FortniteTowerDefense\Intermediate\Build\Win64\UE4Editor\Development\FortniteTowerDefense\UE4Editor-FortniteTowerDefense-1837.lib and object D:\College Stuff\Unreal\FortniteTowerDefense\FortniteTowerDefense\Intermediate\Build\Win64\UE4Editor\Development\FortniteTowerDefense\UE4Editor-FortniteTowerDefense-1837.exp
[2020.02.01-20.34.45:141][577]CompilerResultsLog:   [3/4] UE4Editor-FortniteTowerDefense-1837.dll
[2020.02.01-20.34.45:141][577]CompilerResultsLog:      Creating library D:\College Stuff\Unreal\FortniteTowerDefense\FortniteTowerDefense\Intermediate\Build\Win64\UE4Editor\Development\FortniteTowerDefense\UE4Editor-FortniteTowerDefense-1837.suppressed.lib and object D:\College Stuff\Unreal\FortniteTowerDefense\FortniteTowerDefense\Intermediate\Build\Win64\UE4Editor\Development\FortniteTowerDefense\UE4Editor-FortniteTowerDefense-1837.suppressed.exp
[2020.02.01-20.34.45:141][577]CompilerResultsLog:   [4/4] FortniteTowerDefenseEditor.target
[2020.02.01-20.34.45:141][577]CompilerResultsLog: Total time in Parallel executor: 11.75 seconds
[2020.02.01-20.34.45:141][577]CompilerResultsLog: Total execution time: 20.74 seconds
[2020.02.01-20.34.45:141][577]LogMainFrame: MainFrame: Module compiling took 21.024 seconds
[2020.02.01-20.34.45:170][577]LogUObjectHash: Compacting FUObjectHashTables data took   0.72ms
[2020.02.01-20.34.45:191][577]LogContentBrowser: Native class hierarchy updated for 'FortniteTowerDefense' in 0.0004 seconds. Added 3 classes and 2 folders.
[2020.02.01-20.34.45:193][577]Display: HotReload successful (1 functions remapped  0 scriptstructs remapped)
[2020.02.01-20.34.45:261][577]LogUObjectHash: Compacting FUObjectHashTables data took   1.20ms
[2020.02.01-20.34.45:275][577]LogContentBrowser: Native class hierarchy populated in 0.0086 seconds. Added 3020 classes and 722 folders.
[2020.02.01-20.34.45:275][577]Display: HotReload took 21.2s.
[2020.02.01-20.34.48:504][700]LogTemp: Repeating last play command: Selected Viewport
[2020.02.01-20.34.48:528][700]LogPlayLevel: PlayLevel: No blueprints needed recompiling
[2020.02.01-20.34.48:528][700]PIE: New page: PIE session: Level1 (Feb 1, 2020, 10:34:48 AM)
[2020.02.01-20.34.48:529][700]LogOnline: OSS: Creating online subsystem instance for: NULL
[2020.02.01-20.34.48:531][700]LogOnline: OSS: TryLoadSubsystemAndSetDefault: Loaded subsystem for module [NULL]
[2020.02.01-20.34.48:531][700]LogPlayLevel: Creating play world package: /Game/Maps/UEDPIE_0_Level1
[2020.02.01-20.34.48:536][700]LogPlayLevel: PIE: StaticDuplicateObject took: (0.004887s)
[2020.02.01-20.34.48:537][700]LogAIModule: Creating AISystem for world Level1
[2020.02.01-20.34.48:538][700]LogPlayLevel: PIE: World Init took: (0.001617s)
[2020.02.01-20.34.48:538][700]LogPlayLevel: PIE: Created PIE world by copying editor world from /Game/Maps/Level1.Level1 to /Game/Maps/UEDPIE_0_Level1.Level1 (0.006749s)
[2020.02.01-20.34.48:566][700]LogUObjectHash: Compacting FUObjectHashTables data took   1.84ms
[2020.02.01-20.34.48:567][700]LogAudioMixer: Display: Audio Mixer Platform Settings:
[2020.02.01-20.34.48:567][700]LogAudioMixer: Display: 	Sample Rate:						  48000
[2020.02.01-20.34.48:567][700]LogAudioMixer: Display: 	Callback Buffer Frame Size Requested: 1024
[2020.02.01-20.34.48:567][700]LogAudioMixer: Display: 	Callback Buffer Frame Size To Use:	  1024
[2020.02.01-20.34.48:567][700]LogAudioMixer: Display: 	Number of buffers to queue:			  2
[2020.02.01-20.34.48:567][700]LogAudioMixer: Display: 	Max Channels (voices):				  32
[2020.02.01-20.34.48:567][700]LogAudioMixer: Display: 	Number of Async Source Workers:		  0
[2020.02.01-20.34.48:567][700]LogAudio: Display: AudioDevice MaxSources: 32
[2020.02.01-20.34.48:568][700]LogAudio: Display: Using built-in audio occlusion.
[2020.02.01-20.34.48:568][700]LogAudioMixer: Display: Initializing audio mixer.
[2020.02.01-20.34.48:590][700]LogAudioMixer: Display: Audio Device Output Speaker Info:
[2020.02.01-20.34.48:590][700]LogAudioMixer: Display: Name: Headphones (2- Xbox Controller)
[2020.02.01-20.34.48:590][700]LogAudioMixer: Display: Is Default: Yes
[2020.02.01-20.34.48:590][700]LogAudioMixer: Display: Sample Rate: 48000
[2020.02.01-20.34.48:590][700]LogAudioMixer: Display: Channel Count Used: 2
[2020.02.01-20.34.48:590][700]LogAudioMixer: Display: Device Channel Count: 2
[2020.02.01-20.34.48:590][700]LogAudioMixer: Display: Channel Order:
[2020.02.01-20.34.48:590][700]LogAudioMixer: Display: 0: FrontLeft
[2020.02.01-20.34.48:591][700]LogAudioMixer: Display: 1: FrontRight
[2020.02.01-20.34.48:604][700]LogAudioMixer: Display: Using Audio Device Headphones (2- Xbox Controller)
[2020.02.01-20.34.48:607][700]LogInit: FAudioDevice initialized.
[2020.02.01-20.34.48:615][700]LogLoad: Game class is 'GameModeBase'
[2020.02.01-20.34.48:619][700]LogWorld: Bringing World /Game/Maps/UEDPIE_0_Level1.Level1 up for play (max tick rate 60) at 2020.02.01-15.34.48
[2020.02.01-20.34.48:620][700]LogWorld: Bringing up level for play took: 0.003375
[2020.02.01-20.34.48:620][700]LogOnline: OSS: Creating online subsystem instance for: :Context_1
[2020.02.01-20.34.48:636][700]LogContentBrowser: Native class hierarchy updated for 'MovieSceneCapture' in 0.0005 seconds. Added 20 classes and 0 folders.
[2020.02.01-20.34.48:637][700]PIE: Play in editor start time for /Game/Maps/UEDPIE_0_Level1 -0.574
[2020.02.01-20.34.48:638][700]Start
[2020.02.01-20.34.48:638][700]1
[2020.02.01-20.34.48:638][700]2
[2020.02.01-20.34.48:638][700]3
[2020.02.01-20.34.48:638][700]4
[2020.02.01-20.34.48:638][700]5
[2020.02.01-20.34.48:638][700]6
[2020.02.01-20.34.48:638][700]7
[2020.02.01-20.34.48:638][700]8
[2020.02.01-20.34.48:638][700]9
[2020.02.01-20.34.48:638][700]10
[2020.02.01-20.34.48:638][700]11
[2020.02.01-20.34.48:638][700]12
[2020.02.01-20.34.48:638][700]13
[2020.02.01-20.34.48:638][700]14
[2020.02.01-20.34.48:638][700]15
[2020.02.01-20.34.48:638][700]16
[2020.02.01-20.34.48:638][700]17
[2020.02.01-20.34.48:638][700]18
[2020.02.01-20.34.48:638][700]19
[2020.02.01-20.34.48:638][700]20
[2020.02.01-20.34.48:638][700]21
[2020.02.01-20.34.48:638][700]22
[2020.02.01-20.34.48:638][700]23
[2020.02.01-20.34.48:638][700]24
[2020.02.01-20.34.48:638][700]25
[2020.02.01-20.34.48:638][700]26
[2020.02.01-20.34.48:638][700]27
[2020.02.01-20.34.48:638][700]28
[2020.02.01-20.34.48:638][700]29
[2020.02.01-20.34.48:638][700]30
[2020.02.01-20.34.48:638][700]31
[2020.02.01-20.34.48:638][700]32
[2020.02.01-20.34.48:638][700]33
[2020.02.01-20.34.48:638][700]34
[2020.02.01-20.34.48:638][700]35
[2020.02.01-20.34.48:638][700]36
[2020.02.01-20.34.48:638][700]37
[2020.02.01-20.34.48:638][700]38
[2020.02.01-20.34.48:638][700]39
[2020.02.01-20.34.48:638][700]40
[2020.02.01-20.34.48:638][700]41
[2020.02.01-20.34.48:638][700]42
[2020.02.01-20.34.48:638][700]43
[2020.02.01-20.34.48:638][700]44
[2020.02.01-20.34.48:638][700]45
[2020.02.01-20.34.48:639][700]46
[2020.02.01-20.34.48:639][700]47
[2020.02.01-20.34.48:639][700]48
[2020.02.01-20.34.48:639][700]49
[2020.02.01-20.34.48:639][700]50
[2020.02.01-20.34.48:639][700]51
[2020.02.01-20.34.48:639][700]LogOutputDevice: Warning: 

Script Stack (0 frames):

[2020.02.01-20.34.48:639][700]LogWindows: Windows GetLastError: The operation completed successfully. (0)
[2020.02.01-20.34.50:032][700]LogWindows: Error: === Critical error: ===
[2020.02.01-20.34.50:032][700]LogWindows: Error: 
[2020.02.01-20.34.50:032][700]LogWindows: Error: Assertion failed: (Index >= 0) & (Index < ArrayNum) [File:D:\Epic Games\UE_4.24\Engine\Source\Runtime\Core\Public\Containers/Array.h] [Line: 614] 
[2020.02.01-20.34.50:032][700]LogWindows: Error: Array index out of bounds: 52 from an array of size 52
[2020.02.01-20.34.50:032][700]LogWindows: Error: 
[2020.02.01-20.34.50:032][700]LogWindows: Error: 
[2020.02.01-20.34.50:032][700]LogWindows: Error: [Callstack] 0x00007ffaf8a5a839 KERNELBASE.dll!UnknownFunction []
[2020.02.01-20.34.50:032][700]LogWindows: Error: [Callstack] 0x00007ffaa028a9a6 UE4Editor-Core.dll!UnknownFunction []
[2020.02.01-20.34.50:032][700]LogWindows: Error: [Callstack] 0x00007ffaa028de48 UE4Editor-Core.dll!UnknownFunction []
[2020.02.01-20.34.50:032][700]LogWindows: Error: [Callstack] 0x00007ffaa0042c7d UE4Editor-Core.dll!UnknownFunction []
[2020.02.01-20.34.50:032][700]LogWindows: Error: [Callstack] 0x00007ffa9ffcfd43 UE4Editor-Core.dll!UnknownFunction []
[2020.02.01-20.34.50:032][700]LogWindows: Error: [Callstack] 0x00007ffa9ffd20c0 UE4Editor-Core.dll!UnknownFunction []
[2020.02.01-20.34.50:032][700]LogWindows: Error: [Callstack] 0x00007ffa6db78108 UE4Editor-FortniteTowerDefense-1837.dll!UnknownFunction []
[2020.02.01-20.34.50:032][700]LogWindows: Error: [Callstack] 0x00007ffa6db72458 UE4Editor-FortniteTowerDefense-1837.dll!UnknownFunction []
[2020.02.01-20.34.50:032][700]LogWindows: Error: [Callstack] 0x00007ffa9440c7dd UE4Editor-Engine.dll!UnknownFunction []
[2020.02.01-20.34.50:032][700]LogWindows: Error: [Callstack] 0x00007ffa944344fa UE4Editor-Engine.dll!UnknownFunction []
[2020.02.01-20.34.50:032][700]LogWindows: Error: [Callstack] 0x00007ffa9441a850 UE4Editor-Engine.dll!UnknownFunction []
[2020.02.01-20.34.50:032][700]LogWindows: Error: [Callstack] 0x00007ffa94437405 UE4Editor-Engine.dll!UnknownFunction []
[2020.02.01-20.34.50:032][700]LogWindows: Error: [Callstack] 0x00007ffa94d10c3f UE4Editor-Engine.dll!UnknownFunction []
[2020.02.01-20.34.50:032][700]LogWindows: Error: [Callstack] 0x00007ffa94d11117 UE4Editor-Engine.dll!UnknownFunction []
[2020.02.01-20.34.50:032][700]LogWindows: Error: [Callstack] 0x00007ffa6db74325 UE4Editor-FortniteTowerDefense-1837.dll!UnknownFunction []
[2020.02.01-20.34.50:032][700]LogWindows: Error: [Callstack] 0x00007ffa9444f402 UE4Editor-Engine.dll!UnknownFunction []
[2020.02.01-20.34.50:032][700]LogWindows: Error: [Callstack] 0x00007ffa94417866 UE4Editor-Engine.dll!UnknownFunction []
[2020.02.01-20.34.50:032][700]LogWindows: Error: [Callstack] 0x00007ffa95556693 UE4Editor-Engine.dll!UnknownFunction []
[2020.02.01-20.34.50:032][700]LogWindows: Error: [Callstack] 0x00007ffa95564916 UE4Editor-Engine.dll!UnknownFunction []
[2020.02.01-20.34.50:032][700]LogWindows: Error: [Callstack] 0x00007ffa9fe19ff2 UE4Editor-Core.dll!UnknownFunction []
[2020.02.01-20.34.50:032][700]LogWindows: Error: [Callstack] 0x00007ffa9fe1a393 UE4Editor-Core.dll!UnknownFunction []
[2020.02.01-20.34.50:032][700]LogWindows: Error: [Callstack] 0x00007ffa9fe2aa68 UE4Editor-Core.dll!UnknownFunction []
[2020.02.01-20.34.50:032][700]LogWindows: Error: [Callstack] 0x00007ffa95583060 UE4Editor-Engine.dll!UnknownFunction []
[2020.02.01-20.34.50:032][700]LogWindows: Error: [Callstack] 0x00007ffa95588cf2 UE4Editor-Engine.dll!UnknownFunction []
[2020.02.01-20.34.50:032][700]LogWindows: Error: [Callstack] 0x00007ffa94d09e2f UE4Editor-Engine.dll!UnknownFunction []
[2020.02.01-20.34.50:032][700]LogWindows: Error: [Callstack] 0x00007ffa94d14cf7 UE4Editor-Engine.dll!UnknownFunction []
[2020.02.01-20.34.50:032][700]LogWindows: Error: [Callstack] 0x00007ffa92eaad60 UE4Editor-UnrealEd.dll!UnknownFunction []
[2020.02.01-20.34.50:032][700]LogWindows: Error: [Callstack] 0x00007ffa9370e3b6 UE4Editor-UnrealEd.dll!UnknownFunction []
[2020.02.01-20.34.50:032][700]LogWindows: Error: [Callstack] 0x00007ff7b50b7f62 UE4Editor.exe!UnknownFunction []
[2020.02.01-20.34.50:032][700]LogWindows: Error: [Callstack] 0x00007ff7b50cc3ec UE4Editor.exe!UnknownFunction []
[2020.02.01-20.34.50:032][700]LogWindows: Error: [Callstack] 0x00007ff7b50cc4ca UE4Editor.exe!UnknownFunction []
[2020.02.01-20.34.50:032][700]LogWindows: Error: [Callstack] 0x00007ff7b50dceae UE4Editor.exe!UnknownFunction []
[2020.02.01-20.34.50:032][700]LogWindows: Error: [Callstack] 0x00007ff7b50dfcbe UE4Editor.exe!UnknownFunction []
[2020.02.01-20.34.50:032][700]LogWindows: Error: [Callstack] 0x00007ffafb0b7bd4 KERNEL32.DLL!UnknownFunction []
[2020.02.01-20.34.50:032][700]LogWindows: Error: [Callstack] 0x00007ffafba6ced1 ntdll.dll!UnknownFunction []
[2020.02.01-20.34.50:032][700]LogWindows: Error: 
[2020.02.01-20.34.50:047][700]LogExit: Executing StaticShutdownAfterError
[2020.02.01-20.34.50:050][700]LogWindows: FPlatformMisc::RequestExit(1)
[2020.02.01-20.34.50:050][700]LogCore: Engine exit requested (reason: Win RequestExit)
[2020.02.01-20.34.50:084][700]Log file closed, 02/01/20 15:34:50
